{"/app/js/aiAssistant.js": {"path":"/app/js/aiAssistant.js","statementMap":{"0":{"start":{"line":60,"column":21},"end":{"line":60,"column":25}},"1":{"start":{"line":70,"column":21},"end":{"line":70,"column":25}},"2":{"start":{"line":73,"column":16},"end":{"line":73,"column":20}},"3":{"start":{"line":75,"column":18},"end":{"line":75,"column":22}},"4":{"start":{"line":77,"column":20},"end":{"line":77,"column":24}},"5":{"start":{"line":84,"column":27},"end":{"line":84,"column":31}},"6":{"start":{"line":103,"column":27},"end":{"line":148,"column":1}},"7":{"start":{"line":163,"column":24},"end":{"line":163,"column":95}},"8":{"start":{"line":164,"column":25},"end":{"line":164,"column":97}},"9":{"start":{"line":165,"column":4},"end":{"line":173,"column":81}},"10":{"start":{"line":201,"column":4},"end":{"line":201,"column":31}},"11":{"start":{"line":202,"column":4},"end":{"line":202,"column":35}},"12":{"start":{"line":203,"column":4},"end":{"line":203,"column":42}},"13":{"start":{"line":204,"column":4},"end":{"line":204,"column":80}},"14":{"start":{"line":205,"column":4},"end":{"line":205,"column":37}},"15":{"start":{"line":206,"column":4},"end":{"line":206,"column":37}},"16":{"start":{"line":208,"column":4},"end":{"line":208,"column":82}},"17":{"start":{"line":208,"column":23},"end":{"line":208,"column":82}},"18":{"start":{"line":209,"column":4},"end":{"line":214,"column":7}},"19":{"start":{"line":209,"column":21},"end":{"line":214,"column":7}},"20":{"start":{"line":210,"column":8},"end":{"line":213,"column":9}},"21":{"start":{"line":211,"column":12},"end":{"line":211,"column":31}},"22":{"start":{"line":212,"column":12},"end":{"line":212,"column":32}},"23":{"start":{"line":215,"column":4},"end":{"line":215,"column":46}},"24":{"start":{"line":238,"column":4},"end":{"line":246,"column":5}},"25":{"start":{"line":239,"column":8},"end":{"line":239,"column":113}},"26":{"start":{"line":240,"column":8},"end":{"line":244,"column":9}},"27":{"start":{"line":241,"column":32},"end":{"line":241,"column":78}},"28":{"start":{"line":242,"column":12},"end":{"line":242,"column":117}},"29":{"start":{"line":243,"column":12},"end":{"line":243,"column":73}},"30":{"start":{"line":243,"column":38},"end":{"line":243,"column":73}},"31":{"start":{"line":245,"column":8},"end":{"line":245,"column":15}},"32":{"start":{"line":248,"column":23},"end":{"line":248,"column":47}},"33":{"start":{"line":249,"column":4},"end":{"line":249,"column":28}},"34":{"start":{"line":249,"column":21},"end":{"line":249,"column":28}},"35":{"start":{"line":251,"column":31},"end":{"line":251,"column":51}},"36":{"start":{"line":252,"column":4},"end":{"line":252,"column":75}},"37":{"start":{"line":253,"column":4},"end":{"line":253,"column":46}},"38":{"start":{"line":254,"column":4},"end":{"line":254,"column":27}},"39":{"start":{"line":255,"column":4},"end":{"line":255,"column":54}},"40":{"start":{"line":257,"column":32},"end":{"line":257,"column":95}},"41":{"start":{"line":258,"column":4},"end":{"line":258,"column":46}},"42":{"start":{"line":259,"column":20},"end":{"line":259,"column":49}},"43":{"start":{"line":260,"column":4},"end":{"line":260,"column":33}},"44":{"start":{"line":261,"column":4},"end":{"line":261,"column":45}},"45":{"start":{"line":263,"column":22},"end":{"line":263,"column":79}},"46":{"start":{"line":264,"column":24},"end":{"line":264,"column":69}},"47":{"start":{"line":265,"column":30},"end":{"line":265,"column":32}},"48":{"start":{"line":266,"column":32},"end":{"line":266,"column":76}},"49":{"start":{"line":268,"column":23},"end":{"line":275,"column":5}},"50":{"start":{"line":277,"column":27},"end":{"line":277,"column":68}},"51":{"start":{"line":278,"column":19},"end":{"line":278,"column":80}},"52":{"start":{"line":280,"column":4},"end":{"line":290,"column":5}},"53":{"start":{"line":281,"column":8},"end":{"line":281,"column":107}},"54":{"start":{"line":282,"column":8},"end":{"line":282,"column":48}},"55":{"start":{"line":282,"column":31},"end":{"line":282,"column":48}},"56":{"start":{"line":283,"column":8},"end":{"line":283,"column":59}},"57":{"start":{"line":285,"column":29},"end":{"line":285,"column":49}},"58":{"start":{"line":286,"column":34},"end":{"line":286,"column":84}},"59":{"start":{"line":286,"column":56},"end":{"line":286,"column":62}},"60":{"start":{"line":287,"column":8},"end":{"line":287,"column":118}},"61":{"start":{"line":287,"column":38},"end":{"line":287,"column":118}},"62":{"start":{"line":288,"column":8},"end":{"line":288,"column":44}},"63":{"start":{"line":289,"column":8},"end":{"line":289,"column":15}},"64":{"start":{"line":292,"column":19},"end":{"line":292,"column":123}},"65":{"start":{"line":294,"column":4},"end":{"line":358,"column":5}},"66":{"start":{"line":295,"column":25},"end":{"line":299,"column":10}},"67":{"start":{"line":301,"column":8},"end":{"line":304,"column":9}},"68":{"start":{"line":302,"column":30},"end":{"line":302,"column":51}},"69":{"start":{"line":303,"column":12},"end":{"line":303,"column":76}},"70":{"start":{"line":305,"column":23},"end":{"line":305,"column":44}},"71":{"start":{"line":306,"column":8},"end":{"line":306,"column":48}},"72":{"start":{"line":306,"column":31},"end":{"line":306,"column":48}},"73":{"start":{"line":308,"column":37},"end":{"line":308,"column":57}},"74":{"start":{"line":309,"column":32},"end":{"line":309,"column":90}},"75":{"start":{"line":309,"column":62},"end":{"line":309,"column":68}},"76":{"start":{"line":311,"column":8},"end":{"line":346,"column":9}},"77":{"start":{"line":312,"column":37},"end":{"line":312,"column":79}},"78":{"start":{"line":313,"column":12},"end":{"line":334,"column":13}},"79":{"start":{"line":314,"column":37},"end":{"line":314,"column":65}},"80":{"start":{"line":315,"column":62},"end":{"line":315,"column":92}},"81":{"start":{"line":317,"column":16},"end":{"line":329,"column":17}},"82":{"start":{"line":318,"column":20},"end":{"line":318,"column":75}},"83":{"start":{"line":319,"column":20},"end":{"line":319,"column":123}},"84":{"start":{"line":319,"column":48},"end":{"line":319,"column":123}},"85":{"start":{"line":320,"column":23},"end":{"line":329,"column":17}},"86":{"start":{"line":321,"column":39},"end":{"line":321,"column":69}},"87":{"start":{"line":322,"column":20},"end":{"line":322,"column":65}},"88":{"start":{"line":323,"column":20},"end":{"line":323,"column":113}},"89":{"start":{"line":323,"column":48},"end":{"line":323,"column":113}},"90":{"start":{"line":324,"column":20},"end":{"line":324,"column":83}},"91":{"start":{"line":324,"column":35},"end":{"line":324,"column":83}},"92":{"start":{"line":326,"column":40},"end":{"line":326,"column":115}},"93":{"start":{"line":327,"column":20},"end":{"line":327,"column":66}},"94":{"start":{"line":328,"column":20},"end":{"line":328,"column":114}},"95":{"start":{"line":328,"column":48},"end":{"line":328,"column":114}},"96":{"start":{"line":331,"column":16},"end":{"line":331,"column":127}},"97":{"start":{"line":332,"column":16},"end":{"line":332,"column":130}},"98":{"start":{"line":333,"column":16},"end":{"line":333,"column":130}},"99":{"start":{"line":333,"column":44},"end":{"line":333,"column":130}},"100":{"start":{"line":336,"column":30},"end":{"line":336,"column":60}},"101":{"start":{"line":337,"column":12},"end":{"line":343,"column":13}},"102":{"start":{"line":338,"column":16},"end":{"line":338,"column":111}},"103":{"start":{"line":339,"column":16},"end":{"line":341,"column":17}},"104":{"start":{"line":340,"column":20},"end":{"line":340,"column":141}},"105":{"start":{"line":340,"column":93},"end":{"line":340,"column":126}},"106":{"start":{"line":342,"column":17},"end":{"line":342,"column":97}},"107":{"start":{"line":344,"column":12},"end":{"line":344,"column":96}},"108":{"start":{"line":345,"column":12},"end":{"line":345,"column":126}},"109":{"start":{"line":345,"column":40},"end":{"line":345,"column":126}},"110":{"start":{"line":347,"column":8},"end":{"line":347,"column":52}},"111":{"start":{"line":349,"column":8},"end":{"line":349,"column":48}},"112":{"start":{"line":349,"column":31},"end":{"line":349,"column":48}},"113":{"start":{"line":350,"column":8},"end":{"line":350,"column":75}},"114":{"start":{"line":351,"column":8},"end":{"line":351,"column":87}},"115":{"start":{"line":352,"column":31},"end":{"line":352,"column":51}},"116":{"start":{"line":353,"column":39},"end":{"line":353,"column":91}},"117":{"start":{"line":353,"column":63},"end":{"line":353,"column":69}},"118":{"start":{"line":354,"column":8},"end":{"line":354,"column":130}},"119":{"start":{"line":354,"column":43},"end":{"line":354,"column":130}},"120":{"start":{"line":355,"column":8},"end":{"line":355,"column":46}},"121":{"start":{"line":357,"column":8},"end":{"line":357,"column":59}},"122":{"start":{"line":375,"column":4},"end":{"line":378,"column":5}},"123":{"start":{"line":376,"column":8},"end":{"line":376,"column":95}},"124":{"start":{"line":377,"column":8},"end":{"line":377,"column":107}},"125":{"start":{"line":380,"column":22},"end":{"line":380,"column":27}},"126":{"start":{"line":381,"column":31},"end":{"line":381,"column":35}},"127":{"start":{"line":383,"column":4},"end":{"line":444,"column":7}},"128":{"start":{"line":384,"column":8},"end":{"line":387,"column":9}},"129":{"start":{"line":385,"column":12},"end":{"line":385,"column":82}},"130":{"start":{"line":386,"column":12},"end":{"line":386,"column":19}},"131":{"start":{"line":389,"column":27},"end":{"line":391,"column":18}},"132":{"start":{"line":393,"column":8},"end":{"line":443,"column":9}},"133":{"start":{"line":395,"column":16},"end":{"line":409,"column":17}},"134":{"start":{"line":396,"column":20},"end":{"line":406,"column":21}},"135":{"start":{"line":397,"column":42},"end":{"line":397,"column":106}},"136":{"start":{"line":398,"column":24},"end":{"line":403,"column":25}},"137":{"start":{"line":399,"column":28},"end":{"line":399,"column":64}},"138":{"start":{"line":400,"column":28},"end":{"line":400,"column":47}},"139":{"start":{"line":402,"column":29},"end":{"line":402,"column":130}},"140":{"start":{"line":405,"column":24},"end":{"line":405,"column":108}},"141":{"start":{"line":408,"column":20},"end":{"line":408,"column":94}},"142":{"start":{"line":410,"column":16},"end":{"line":410,"column":22}},"143":{"start":{"line":412,"column":16},"end":{"line":420,"column":17}},"144":{"start":{"line":413,"column":20},"end":{"line":413,"column":59}},"145":{"start":{"line":414,"column":20},"end":{"line":414,"column":47}},"146":{"start":{"line":415,"column":20},"end":{"line":415,"column":39}},"147":{"start":{"line":416,"column":23},"end":{"line":420,"column":17}},"148":{"start":{"line":417,"column":20},"end":{"line":417,"column":113}},"149":{"start":{"line":418,"column":23},"end":{"line":420,"column":17}},"150":{"start":{"line":419,"column":20},"end":{"line":419,"column":110}},"151":{"start":{"line":421,"column":16},"end":{"line":421,"column":22}},"152":{"start":{"line":423,"column":16},"end":{"line":431,"column":17}},"153":{"start":{"line":424,"column":20},"end":{"line":426,"column":21}},"154":{"start":{"line":425,"column":24},"end":{"line":425,"column":108}},"155":{"start":{"line":427,"column":20},"end":{"line":427,"column":41}},"156":{"start":{"line":428,"column":20},"end":{"line":428,"column":39}},"157":{"start":{"line":429,"column":23},"end":{"line":431,"column":17}},"158":{"start":{"line":430,"column":21},"end":{"line":430,"column":114}},"159":{"start":{"line":432,"column":16},"end":{"line":432,"column":22}},"160":{"start":{"line":434,"column":16},"end":{"line":439,"column":17}},"161":{"start":{"line":435,"column":20},"end":{"line":435,"column":58}},"162":{"start":{"line":437,"column":20},"end":{"line":437,"column":95}},"163":{"start":{"line":438,"column":20},"end":{"line":438,"column":96}},"164":{"start":{"line":440,"column":16},"end":{"line":440,"column":22}},"165":{"start":{"line":442,"column":16},"end":{"line":442,"column":93}},"166":{"start":{"line":446,"column":4},"end":{"line":448,"column":5}},"167":{"start":{"line":447,"column":8},"end":{"line":447,"column":20}},"168":{"start":{"line":449,"column":4},"end":{"line":449,"column":49}}},"fnMap":{"0":{"name":"_buildSystemPrompt","decl":{"start":{"line":162,"column":9},"end":{"line":162,"column":27}},"loc":{"start":{"line":162,"column":67},"end":{"line":174,"column":1}},"line":162},"1":{"name":"initAiAssistant","decl":{"start":{"line":192,"column":16},"end":{"line":192,"column":31}},"loc":{"start":{"line":200,"column":2},"end":{"line":216,"column":1}},"line":200},"2":{"name":"(anonymous_2)","decl":{"start":{"line":209,"column":61},"end":{"line":209,"column":62}},"loc":{"start":{"line":209,"column":68},"end":{"line":214,"column":5}},"line":209},"3":{"name":"handleSendMessage","decl":{"start":{"line":237,"column":15},"end":{"line":237,"column":32}},"loc":{"start":{"line":237,"column":35},"end":{"line":359,"column":1}},"line":237},"4":{"name":"(anonymous_4)","decl":{"start":{"line":286,"column":51},"end":{"line":286,"column":52}},"loc":{"start":{"line":286,"column":56},"end":{"line":286,"column":62}},"line":286},"5":{"name":"(anonymous_5)","decl":{"start":{"line":309,"column":57},"end":{"line":309,"column":58}},"loc":{"start":{"line":309,"column":62},"end":{"line":309,"column":68}},"line":309},"6":{"name":"(anonymous_6)","decl":{"start":{"line":340,"column":88},"end":{"line":340,"column":89}},"loc":{"start":{"line":340,"column":93},"end":{"line":340,"column":126}},"line":340},"7":{"name":"(anonymous_7)","decl":{"start":{"line":353,"column":58},"end":{"line":353,"column":59}},"loc":{"start":{"line":353,"column":63},"end":{"line":353,"column":69}},"line":353},"8":{"name":"executeAIActions","decl":{"start":{"line":374,"column":9},"end":{"line":374,"column":25}},"loc":{"start":{"line":374,"column":40},"end":{"line":450,"column":1}},"line":374},"9":{"name":"(anonymous_9)","decl":{"start":{"line":383,"column":25},"end":{"line":383,"column":26}},"loc":{"start":{"line":383,"column":37},"end":{"line":444,"column":5}},"line":383}},"branchMap":{"0":{"loc":{"start":{"line":163,"column":24},"end":{"line":163,"column":95}},"type":"cond-expr","locations":[{"start":{"line":163,"column":51},"end":{"line":163,"column":83}},{"start":{"line":163,"column":86},"end":{"line":163,"column":95}}],"line":163},"1":{"loc":{"start":{"line":164,"column":25},"end":{"line":164,"column":97}},"type":"cond-expr","locations":[{"start":{"line":164,"column":52},"end":{"line":164,"column":85}},{"start":{"line":164,"column":88},"end":{"line":164,"column":97}}],"line":164},"2":{"loc":{"start":{"line":199,"column":4},"end":{"line":199,"column":18}},"type":"default-arg","locations":[{"start":{"line":199,"column":16},"end":{"line":199,"column":18}}],"line":199},"3":{"loc":{"start":{"line":208,"column":4},"end":{"line":208,"column":82}},"type":"if","locations":[{"start":{"line":208,"column":4},"end":{"line":208,"column":82}},{"start":{},"end":{}}],"line":208},"4":{"loc":{"start":{"line":209,"column":4},"end":{"line":214,"column":7}},"type":"if","locations":[{"start":{"line":209,"column":4},"end":{"line":214,"column":7}},{"start":{},"end":{}}],"line":209},"5":{"loc":{"start":{"line":210,"column":8},"end":{"line":213,"column":9}},"type":"if","locations":[{"start":{"line":210,"column":8},"end":{"line":213,"column":9}},{"start":{},"end":{}}],"line":210},"6":{"loc":{"start":{"line":210,"column":12},"end":{"line":210,"column":44}},"type":"binary-expr","locations":[{"start":{"line":210,"column":12},"end":{"line":210,"column":29}},{"start":{"line":210,"column":33},"end":{"line":210,"column":44}}],"line":210},"7":{"loc":{"start":{"line":238,"column":4},"end":{"line":246,"column":5}},"type":"if","locations":[{"start":{"line":238,"column":4},"end":{"line":246,"column":5}},{"start":{},"end":{}}],"line":238},"8":{"loc":{"start":{"line":238,"column":8},"end":{"line":238,"column":115}},"type":"binary-expr","locations":[{"start":{"line":238,"column":8},"end":{"line":238,"column":20}},{"start":{"line":238,"column":24},"end":{"line":238,"column":34}},{"start":{"line":238,"column":38},"end":{"line":238,"column":52}},{"start":{"line":238,"column":56},"end":{"line":238,"column":71}},{"start":{"line":238,"column":75},"end":{"line":238,"column":90}},{"start":{"line":238,"column":94},"end":{"line":238,"column":115}}],"line":238},"9":{"loc":{"start":{"line":240,"column":8},"end":{"line":244,"column":9}},"type":"if","locations":[{"start":{"line":240,"column":8},"end":{"line":244,"column":9}},{"start":{},"end":{}}],"line":240},"10":{"loc":{"start":{"line":240,"column":12},"end":{"line":240,"column":39}},"type":"binary-expr","locations":[{"start":{"line":240,"column":12},"end":{"line":240,"column":21}},{"start":{"line":240,"column":25},"end":{"line":240,"column":39}}],"line":240},"11":{"loc":{"start":{"line":241,"column":32},"end":{"line":241,"column":78}},"type":"cond-expr","locations":[{"start":{"line":241,"column":53},"end":{"line":241,"column":73}},{"start":{"line":241,"column":76},"end":{"line":241,"column":78}}],"line":241},"12":{"loc":{"start":{"line":243,"column":12},"end":{"line":243,"column":73}},"type":"if","locations":[{"start":{"line":243,"column":12},"end":{"line":243,"column":73}},{"start":{},"end":{}}],"line":243},"13":{"loc":{"start":{"line":249,"column":4},"end":{"line":249,"column":28}},"type":"if","locations":[{"start":{"line":249,"column":4},"end":{"line":249,"column":28}},{"start":{},"end":{}}],"line":249},"14":{"loc":{"start":{"line":278,"column":19},"end":{"line":278,"column":80}},"type":"binary-expr","locations":[{"start":{"line":278,"column":19},"end":{"line":278,"column":40}},{"start":{"line":278,"column":44},"end":{"line":278,"column":80}}],"line":278},"15":{"loc":{"start":{"line":280,"column":4},"end":{"line":290,"column":5}},"type":"if","locations":[{"start":{"line":280,"column":4},"end":{"line":290,"column":5}},{"start":{},"end":{}}],"line":280},"16":{"loc":{"start":{"line":282,"column":8},"end":{"line":282,"column":48}},"type":"if","locations":[{"start":{"line":282,"column":8},"end":{"line":282,"column":48}},{"start":{},"end":{}}],"line":282},"17":{"loc":{"start":{"line":287,"column":8},"end":{"line":287,"column":118}},"type":"if","locations":[{"start":{"line":287,"column":8},"end":{"line":287,"column":118}},{"start":{},"end":{}}],"line":287},"18":{"loc":{"start":{"line":301,"column":8},"end":{"line":304,"column":9}},"type":"if","locations":[{"start":{"line":301,"column":8},"end":{"line":304,"column":9}},{"start":{},"end":{}}],"line":301},"19":{"loc":{"start":{"line":306,"column":8},"end":{"line":306,"column":48}},"type":"if","locations":[{"start":{"line":306,"column":8},"end":{"line":306,"column":48}},{"start":{},"end":{}}],"line":306},"20":{"loc":{"start":{"line":311,"column":8},"end":{"line":346,"column":9}},"type":"if","locations":[{"start":{"line":311,"column":8},"end":{"line":346,"column":9}},{"start":{"line":335,"column":15},"end":{"line":346,"column":9}}],"line":311},"21":{"loc":{"start":{"line":317,"column":16},"end":{"line":329,"column":17}},"type":"if","locations":[{"start":{"line":317,"column":16},"end":{"line":329,"column":17}},{"start":{"line":320,"column":23},"end":{"line":329,"column":17}}],"line":317},"22":{"loc":{"start":{"line":319,"column":20},"end":{"line":319,"column":123}},"type":"if","locations":[{"start":{"line":319,"column":20},"end":{"line":319,"column":123}},{"start":{},"end":{}}],"line":319},"23":{"loc":{"start":{"line":320,"column":23},"end":{"line":329,"column":17}},"type":"if","locations":[{"start":{"line":320,"column":23},"end":{"line":329,"column":17}},{"start":{"line":325,"column":23},"end":{"line":329,"column":17}}],"line":320},"24":{"loc":{"start":{"line":323,"column":20},"end":{"line":323,"column":113}},"type":"if","locations":[{"start":{"line":323,"column":20},"end":{"line":323,"column":113}},{"start":{},"end":{}}],"line":323},"25":{"loc":{"start":{"line":324,"column":20},"end":{"line":324,"column":83}},"type":"if","locations":[{"start":{"line":324,"column":20},"end":{"line":324,"column":83}},{"start":{},"end":{}}],"line":324},"26":{"loc":{"start":{"line":328,"column":20},"end":{"line":328,"column":114}},"type":"if","locations":[{"start":{"line":328,"column":20},"end":{"line":328,"column":114}},{"start":{},"end":{}}],"line":328},"27":{"loc":{"start":{"line":333,"column":16},"end":{"line":333,"column":130}},"type":"if","locations":[{"start":{"line":333,"column":16},"end":{"line":333,"column":130}},{"start":{},"end":{}}],"line":333},"28":{"loc":{"start":{"line":337,"column":12},"end":{"line":343,"column":13}},"type":"if","locations":[{"start":{"line":337,"column":12},"end":{"line":343,"column":13}},{"start":{},"end":{}}],"line":337},"29":{"loc":{"start":{"line":338,"column":54},"end":{"line":338,"column":107}},"type":"binary-expr","locations":[{"start":{"line":338,"column":54},"end":{"line":338,"column":87}},{"start":{"line":338,"column":91},"end":{"line":338,"column":107}}],"line":338},"30":{"loc":{"start":{"line":339,"column":16},"end":{"line":341,"column":17}},"type":"if","locations":[{"start":{"line":339,"column":16},"end":{"line":341,"column":17}},{"start":{},"end":{}}],"line":339},"31":{"loc":{"start":{"line":339,"column":19},"end":{"line":339,"column":104}},"type":"binary-expr","locations":[{"start":{"line":339,"column":19},"end":{"line":339,"column":65}},{"start":{"line":339,"column":69},"end":{"line":339,"column":104}}],"line":339},"32":{"loc":{"start":{"line":345,"column":12},"end":{"line":345,"column":126}},"type":"if","locations":[{"start":{"line":345,"column":12},"end":{"line":345,"column":126}},{"start":{},"end":{}}],"line":345},"33":{"loc":{"start":{"line":349,"column":8},"end":{"line":349,"column":48}},"type":"if","locations":[{"start":{"line":349,"column":8},"end":{"line":349,"column":48}},{"start":{},"end":{}}],"line":349},"34":{"loc":{"start":{"line":354,"column":8},"end":{"line":354,"column":130}},"type":"if","locations":[{"start":{"line":354,"column":8},"end":{"line":354,"column":130}},{"start":{},"end":{}}],"line":354},"35":{"loc":{"start":{"line":375,"column":4},"end":{"line":378,"column":5}},"type":"if","locations":[{"start":{"line":375,"column":4},"end":{"line":378,"column":5}},{"start":{},"end":{}}],"line":375},"36":{"loc":{"start":{"line":384,"column":8},"end":{"line":387,"column":9}},"type":"if","locations":[{"start":{"line":384,"column":8},"end":{"line":387,"column":9}},{"start":{},"end":{}}],"line":384},"37":{"loc":{"start":{"line":384,"column":12},"end":{"line":384,"column":56}},"type":"binary-expr","locations":[{"start":{"line":384,"column":12},"end":{"line":384,"column":19}},{"start":{"line":384,"column":23},"end":{"line":384,"column":56}}],"line":384},"38":{"loc":{"start":{"line":389,"column":27},"end":{"line":391,"column":18}},"type":"cond-expr","locations":[{"start":{"line":390,"column":14},"end":{"line":390,"column":59}},{"start":{"line":391,"column":14},"end":{"line":391,"column":18}}],"line":389},"39":{"loc":{"start":{"line":389,"column":28},"end":{"line":389,"column":62}},"type":"binary-expr","locations":[{"start":{"line":389,"column":28},"end":{"line":389,"column":37}},{"start":{"line":389,"column":41},"end":{"line":389,"column":62}}],"line":389},"40":{"loc":{"start":{"line":393,"column":8},"end":{"line":443,"column":9}},"type":"switch","locations":[{"start":{"line":394,"column":12},"end":{"line":410,"column":22}},{"start":{"line":411,"column":12},"end":{"line":421,"column":22}},{"start":{"line":422,"column":12},"end":{"line":432,"column":22}},{"start":{"line":433,"column":12},"end":{"line":440,"column":22}},{"start":{"line":441,"column":12},"end":{"line":442,"column":93}}],"line":393},"41":{"loc":{"start":{"line":395,"column":16},"end":{"line":409,"column":17}},"type":"if","locations":[{"start":{"line":395,"column":16},"end":{"line":409,"column":17}},{"start":{"line":407,"column":23},"end":{"line":409,"column":17}}],"line":395},"42":{"loc":{"start":{"line":395,"column":20},"end":{"line":395,"column":106}},"type":"binary-expr","locations":[{"start":{"line":395,"column":20},"end":{"line":395,"column":40}},{"start":{"line":395,"column":44},"end":{"line":395,"column":61}},{"start":{"line":395,"column":65},"end":{"line":395,"column":86}},{"start":{"line":395,"column":90},"end":{"line":395,"column":106}}],"line":395},"43":{"loc":{"start":{"line":398,"column":24},"end":{"line":403,"column":25}},"type":"if","locations":[{"start":{"line":398,"column":24},"end":{"line":403,"column":25}},{"start":{"line":401,"column":31},"end":{"line":403,"column":25}}],"line":398},"44":{"loc":{"start":{"line":412,"column":16},"end":{"line":420,"column":17}},"type":"if","locations":[{"start":{"line":412,"column":16},"end":{"line":420,"column":17}},{"start":{"line":416,"column":23},"end":{"line":420,"column":17}}],"line":412},"45":{"loc":{"start":{"line":412,"column":20},"end":{"line":412,"column":51}},"type":"binary-expr","locations":[{"start":{"line":412,"column":20},"end":{"line":412,"column":30}},{"start":{"line":412,"column":34},"end":{"line":412,"column":51}}],"line":412},"46":{"loc":{"start":{"line":416,"column":23},"end":{"line":420,"column":17}},"type":"if","locations":[{"start":{"line":416,"column":23},"end":{"line":420,"column":17}},{"start":{"line":418,"column":23},"end":{"line":420,"column":17}}],"line":416},"47":{"loc":{"start":{"line":416,"column":27},"end":{"line":416,"column":51}},"type":"binary-expr","locations":[{"start":{"line":416,"column":27},"end":{"line":416,"column":36}},{"start":{"line":416,"column":40},"end":{"line":416,"column":51}}],"line":416},"48":{"loc":{"start":{"line":418,"column":23},"end":{"line":420,"column":17}},"type":"if","locations":[{"start":{"line":418,"column":23},"end":{"line":420,"column":17}},{"start":{},"end":{}}],"line":418},"49":{"loc":{"start":{"line":423,"column":16},"end":{"line":431,"column":17}},"type":"if","locations":[{"start":{"line":423,"column":16},"end":{"line":431,"column":17}},{"start":{"line":429,"column":23},"end":{"line":431,"column":17}}],"line":423},"50":{"loc":{"start":{"line":424,"column":20},"end":{"line":426,"column":21}},"type":"if","locations":[{"start":{"line":424,"column":20},"end":{"line":426,"column":21}},{"start":{},"end":{}}],"line":424},"51":{"loc":{"start":{"line":424,"column":24},"end":{"line":424,"column":84}},"type":"binary-expr","locations":[{"start":{"line":424,"column":24},"end":{"line":424,"column":50}},{"start":{"line":424,"column":54},"end":{"line":424,"column":84}}],"line":424},"52":{"loc":{"start":{"line":429,"column":23},"end":{"line":431,"column":17}},"type":"if","locations":[{"start":{"line":429,"column":23},"end":{"line":431,"column":17}},{"start":{},"end":{}}],"line":429},"53":{"loc":{"start":{"line":434,"column":16},"end":{"line":439,"column":17}},"type":"if","locations":[{"start":{"line":434,"column":16},"end":{"line":439,"column":17}},{"start":{"line":436,"column":23},"end":{"line":439,"column":17}}],"line":434},"54":{"loc":{"start":{"line":446,"column":4},"end":{"line":448,"column":5}},"type":"if","locations":[{"start":{"line":446,"column":4},"end":{"line":448,"column":5}},{"start":{},"end":{}}],"line":446},"55":{"loc":{"start":{"line":446,"column":8},"end":{"line":446,"column":54}},"type":"binary-expr","locations":[{"start":{"line":446,"column":8},"end":{"line":446,"column":19}},{"start":{"line":446,"column":23},"end":{"line":446,"column":54}}],"line":446}},"s":{"0":1,"1":1,"2":1,"3":1,"4":1,"5":1,"6":1,"7":7,"8":7,"9":7,"10":9,"11":9,"12":9,"13":9,"14":9,"15":9,"16":9,"17":9,"18":9,"19":9,"20":0,"21":0,"22":0,"23":9,"24":8,"25":0,"26":0,"27":0,"28":0,"29":0,"30":0,"31":0,"32":8,"33":8,"34":1,"35":7,"36":7,"37":7,"38":7,"39":7,"40":7,"41":7,"42":7,"43":7,"44":7,"45":7,"46":7,"47":7,"48":7,"49":7,"50":7,"51":7,"52":7,"53":1,"54":1,"55":0,"56":1,"57":1,"58":1,"59":0,"60":1,"61":0,"62":1,"63":1,"64":6,"65":6,"66":6,"67":5,"68":1,"69":1,"70":4,"71":4,"72":0,"73":4,"74":4,"75":0,"76":4,"77":2,"78":2,"79":2,"80":2,"81":2,"82":1,"83":1,"84":0,"85":1,"86":1,"87":1,"88":1,"89":0,"90":1,"91":1,"92":0,"93":0,"94":0,"95":0,"96":0,"97":0,"98":0,"99":0,"100":2,"101":2,"102":0,"103":0,"104":0,"105":0,"106":0,"107":2,"108":2,"109":0,"110":4,"111":2,"112":0,"113":2,"114":2,"115":2,"116":2,"117":0,"118":2,"119":0,"120":2,"121":6,"122":2,"123":0,"124":0,"125":2,"126":2,"127":2,"128":2,"129":0,"130":0,"131":2,"132":2,"133":1,"134":1,"135":1,"136":1,"137":1,"138":1,"139":0,"140":0,"141":0,"142":1,"143":0,"144":0,"145":0,"146":0,"147":0,"148":0,"149":0,"150":0,"151":0,"152":0,"153":0,"154":0,"155":0,"156":0,"157":0,"158":0,"159":0,"160":1,"161":1,"162":0,"163":0,"164":1,"165":0,"166":2,"167":1,"168":2},"f":{"0":7,"1":9,"2":0,"3":8,"4":0,"5":0,"6":0,"7":0,"8":2,"9":2},"b":{"0":[7,0],"1":[7,0],"2":[0],"3":[9,0],"4":[9,0],"5":[0,0],"6":[0,0],"7":[0,8],"8":[8,8,8,8,8,8],"9":[0,0],"10":[0,0],"11":[0,0],"12":[0,0],"13":[1,7],"14":[7,2],"15":[1,6],"16":[0,1],"17":[0,1],"18":[1,4],"19":[0,4],"20":[2,2],"21":[1,1],"22":[0,1],"23":[1,0],"24":[0,1],"25":[1,0],"26":[0,0],"27":[0,0],"28":[0,2],"29":[0,0],"30":[0,0],"31":[0,0],"32":[0,2],"33":[0,2],"34":[0,2],"35":[0,2],"36":[0,2],"37":[2,2],"38":[0,2],"39":[2,0],"40":[1,0,0,1,0],"41":[1,0],"42":[1,1,1,1],"43":[1,0],"44":[0,0],"45":[0,0],"46":[0,0],"47":[0,0],"48":[0,0],"49":[0,0],"50":[0,0],"51":[0,0],"52":[0,0],"53":[1,0],"54":[1,1],"55":[2,1]},"_coverageSchema":"1a1c01bbd47fc00a2c39e90264f33305004495a9","hash":"b5a33bd590221edaca930a583f1b374a040ec1ba"}
,"/app/js/app.js": {"path":"/app/js/app.js","statementMap":{"0":{"start":{"line":40,"column":23},"end":{"line":40,"column":28}},"1":{"start":{"line":53,"column":18},"end":{"line":53,"column":20}},"2":{"start":{"line":59,"column":16},"end":{"line":59,"column":51}},"3":{"start":{"line":62,"column":18},"end":{"line":62,"column":55}},"4":{"start":{"line":65,"column":20},"end":{"line":65,"column":60}},"5":{"start":{"line":68,"column":16},"end":{"line":68,"column":51}},"6":{"start":{"line":71,"column":16},"end":{"line":71,"column":51}},"7":{"start":{"line":74,"column":0},"end":{"line":229,"column":3}},"8":{"start":{"line":83,"column":43},"end":{"line":97,"column":5}},"9":{"start":{"line":84,"column":8},"end":{"line":84,"column":33}},"10":{"start":{"line":85,"column":8},"end":{"line":96,"column":9}},"11":{"start":{"line":86,"column":12},"end":{"line":93,"column":20}},"12":{"start":{"line":88,"column":16},"end":{"line":92,"column":17}},"13":{"start":{"line":89,"column":20},"end":{"line":91,"column":65}},"14":{"start":{"line":91,"column":43},"end":{"line":91,"column":63}},"15":{"start":{"line":95,"column":12},"end":{"line":95,"column":46}},"16":{"start":{"line":107,"column":25},"end":{"line":107,"column":39}},"17":{"start":{"line":108,"column":4},"end":{"line":108,"column":82}},"18":{"start":{"line":109,"column":4},"end":{"line":109,"column":36}},"19":{"start":{"line":116,"column":32},"end":{"line":116,"column":34}},"20":{"start":{"line":117,"column":31},"end":{"line":123,"column":5}},"21":{"start":{"line":119,"column":14},"end":{"line":119,"column":30}},"22":{"start":{"line":130,"column":4},"end":{"line":140,"column":6}},"23":{"start":{"line":133,"column":14},"end":{"line":133,"column":30}},"24":{"start":{"line":143,"column":4},"end":{"line":145,"column":5}},"25":{"start":{"line":144,"column":8},"end":{"line":144,"column":63}},"26":{"start":{"line":151,"column":4},"end":{"line":158,"column":6}},"27":{"start":{"line":164,"column":4},"end":{"line":175,"column":6}},"28":{"start":{"line":168,"column":14},"end":{"line":168,"column":30}},"29":{"start":{"line":169,"column":14},"end":{"line":169,"column":41}},"30":{"start":{"line":181,"column":4},"end":{"line":181,"column":79}},"31":{"start":{"line":188,"column":4},"end":{"line":198,"column":6}},"32":{"start":{"line":192,"column":14},"end":{"line":192,"column":25}},"33":{"start":{"line":194,"column":12},"end":{"line":194,"column":37}},"34":{"start":{"line":203,"column":4},"end":{"line":203,"column":16}},"35":{"start":{"line":206,"column":4},"end":{"line":213,"column":5}},"36":{"start":{"line":207,"column":8},"end":{"line":212,"column":10}},"37":{"start":{"line":216,"column":4},"end":{"line":216,"column":65}},"38":{"start":{"line":216,"column":17},"end":{"line":216,"column":65}},"39":{"start":{"line":217,"column":4},"end":{"line":217,"column":65}},"40":{"start":{"line":217,"column":17},"end":{"line":217,"column":65}},"41":{"start":{"line":220,"column":4},"end":{"line":226,"column":7}},"42":{"start":{"line":221,"column":8},"end":{"line":225,"column":9}},"43":{"start":{"line":222,"column":12},"end":{"line":222,"column":35}},"44":{"start":{"line":223,"column":12},"end":{"line":223,"column":35}},"45":{"start":{"line":228,"column":4},"end":{"line":228,"column":57}}},"fnMap":{"0":{"name":"(anonymous_0)","decl":{"start":{"line":74,"column":32},"end":{"line":74,"column":33}},"loc":{"start":{"line":74,"column":38},"end":{"line":229,"column":1}},"line":74},"1":{"name":"(anonymous_1)","decl":{"start":{"line":83,"column":43},"end":{"line":83,"column":44}},"loc":{"start":{"line":83,"column":54},"end":{"line":97,"column":5}},"line":83},"2":{"name":"(anonymous_2)","decl":{"start":{"line":86,"column":45},"end":{"line":86,"column":46}},"loc":{"start":{"line":86,"column":51},"end":{"line":93,"column":13}},"line":86},"3":{"name":"(anonymous_3)","decl":{"start":{"line":91,"column":33},"end":{"line":91,"column":34}},"loc":{"start":{"line":91,"column":43},"end":{"line":91,"column":63}},"line":91},"4":{"name":"(anonymous_4)","decl":{"start":{"line":119,"column":8},"end":{"line":119,"column":9}},"loc":{"start":{"line":119,"column":14},"end":{"line":119,"column":30}},"line":119},"5":{"name":"(anonymous_5)","decl":{"start":{"line":133,"column":8},"end":{"line":133,"column":9}},"loc":{"start":{"line":133,"column":14},"end":{"line":133,"column":30}},"line":133},"6":{"name":"(anonymous_6)","decl":{"start":{"line":168,"column":8},"end":{"line":168,"column":9}},"loc":{"start":{"line":168,"column":14},"end":{"line":168,"column":30}},"line":168},"7":{"name":"(anonymous_7)","decl":{"start":{"line":169,"column":8},"end":{"line":169,"column":9}},"loc":{"start":{"line":169,"column":14},"end":{"line":169,"column":41}},"line":169},"8":{"name":"(anonymous_8)","decl":{"start":{"line":192,"column":8},"end":{"line":192,"column":9}},"loc":{"start":{"line":192,"column":14},"end":{"line":192,"column":25}},"line":192},"9":{"name":"(anonymous_9)","decl":{"start":{"line":193,"column":8},"end":{"line":193,"column":9}},"loc":{"start":{"line":193,"column":24},"end":{"line":195,"column":9}},"line":193},"10":{"name":"(anonymous_10)","decl":{"start":{"line":220,"column":44},"end":{"line":220,"column":45}},"loc":{"start":{"line":220,"column":55},"end":{"line":226,"column":5}},"line":220}},"branchMap":{"0":{"loc":{"start":{"line":85,"column":8},"end":{"line":96,"column":9}},"type":"if","locations":[{"start":{"line":85,"column":8},"end":{"line":96,"column":9}},{"start":{"line":94,"column":15},"end":{"line":96,"column":9}}],"line":85},"1":{"loc":{"start":{"line":88,"column":16},"end":{"line":92,"column":17}},"type":"if","locations":[{"start":{"line":88,"column":16},"end":{"line":92,"column":17}},{"start":{},"end":{}}],"line":88},"2":{"loc":{"start":{"line":88,"column":20},"end":{"line":88,"column":72}},"type":"binary-expr","locations":[{"start":{"line":88,"column":20},"end":{"line":88,"column":41}},{"start":{"line":88,"column":45},"end":{"line":88,"column":72}}],"line":88},"3":{"loc":{"start":{"line":143,"column":4},"end":{"line":145,"column":5}},"type":"if","locations":[{"start":{"line":143,"column":4},"end":{"line":145,"column":5}},{"start":{},"end":{}}],"line":143},"4":{"loc":{"start":{"line":206,"column":4},"end":{"line":213,"column":5}},"type":"if","locations":[{"start":{"line":206,"column":4},"end":{"line":213,"column":5}},{"start":{},"end":{}}],"line":206},"5":{"loc":{"start":{"line":216,"column":4},"end":{"line":216,"column":65}},"type":"if","locations":[{"start":{"line":216,"column":4},"end":{"line":216,"column":65}},{"start":{},"end":{}}],"line":216},"6":{"loc":{"start":{"line":217,"column":4},"end":{"line":217,"column":65}},"type":"if","locations":[{"start":{"line":217,"column":4},"end":{"line":217,"column":65}},{"start":{},"end":{}}],"line":217},"7":{"loc":{"start":{"line":221,"column":8},"end":{"line":225,"column":9}},"type":"if","locations":[{"start":{"line":221,"column":8},"end":{"line":225,"column":9}},{"start":{},"end":{}}],"line":221}},"s":{"0":0,"1":0,"2":0,"3":0,"4":0,"5":0,"6":0,"7":0,"8":0,"9":0,"10":0,"11":0,"12":0,"13":0,"14":0,"15":0,"16":0,"17":0,"18":0,"19":0,"20":0,"21":0,"22":0,"23":0,"24":0,"25":0,"26":0,"27":0,"28":0,"29":0,"30":0,"31":0,"32":0,"33":0,"34":0,"35":0,"36":0,"37":0,"38":0,"39":0,"40":0,"41":0,"42":0,"43":0,"44":0,"45":0},"f":{"0":0,"1":0,"2":0,"3":0,"4":0,"5":0,"6":0,"7":0,"8":0,"9":0,"10":0},"b":{"0":[0,0],"1":[0,0],"2":[0,0],"3":[0,0],"4":[0,0],"5":[0,0],"6":[0,0],"7":[0,0]}}
,"/app/js/componentFactory.js": {"path":"/app/js/componentFactory.js","statementMap":{"0":{"start":{"line":55,"column":4},"end":{"line":55,"column":44}},"1":{"start":{"line":55,"column":32},"end":{"line":55,"column":44}},"2":{"start":{"line":57,"column":4},"end":{"line":61,"column":5}},"3":{"start":{"line":60,"column":8},"end":{"line":60,"column":21}},"4":{"start":{"line":63,"column":23},"end":{"line":63,"column":58}},"5":{"start":{"line":64,"column":4},"end":{"line":75,"column":5}},"6":{"start":{"line":65,"column":8},"end":{"line":65,"column":80}},"7":{"start":{"line":65,"column":33},"end":{"line":65,"column":80}},"8":{"start":{"line":67,"column":33},"end":{"line":67,"column":60}},"9":{"start":{"line":68,"column":8},"end":{"line":73,"column":9}},"10":{"start":{"line":69,"column":26},"end":{"line":69,"column":57}},"11":{"start":{"line":70,"column":12},"end":{"line":70,"column":62}},"12":{"start":{"line":70,"column":28},"end":{"line":70,"column":62}},"13":{"start":{"line":72,"column":12},"end":{"line":72,"column":41}},"14":{"start":{"line":74,"column":8},"end":{"line":74,"column":71}},"15":{"start":{"line":74,"column":33},"end":{"line":74,"column":71}},"16":{"start":{"line":76,"column":4},"end":{"line":76,"column":16}},"17":{"start":{"line":82,"column":15},"end":{"line":82,"column":19}},"18":{"start":{"line":84,"column":12},"end":{"line":84,"column":16}},"19":{"start":{"line":86,"column":20},"end":{"line":86,"column":24}},"20":{"start":{"line":88,"column":26},"end":{"line":88,"column":30}},"21":{"start":{"line":90,"column":15},"end":{"line":90,"column":19}},"22":{"start":{"line":92,"column":28},"end":{"line":92,"column":32}},"23":{"start":{"line":94,"column":31},"end":{"line":94,"column":35}},"24":{"start":{"line":96,"column":33},"end":{"line":96,"column":37}},"25":{"start":{"line":98,"column":25},"end":{"line":98,"column":29}},"26":{"start":{"line":100,"column":28},"end":{"line":100,"column":32}},"27":{"start":{"line":129,"column":4},"end":{"line":129,"column":21}},"28":{"start":{"line":130,"column":4},"end":{"line":130,"column":15}},"29":{"start":{"line":131,"column":4},"end":{"line":131,"column":31}},"30":{"start":{"line":132,"column":4},"end":{"line":132,"column":46}},"31":{"start":{"line":133,"column":4},"end":{"line":133,"column":24}},"32":{"start":{"line":134,"column":4},"end":{"line":134,"column":50}},"33":{"start":{"line":135,"column":4},"end":{"line":135,"column":53}},"34":{"start":{"line":136,"column":4},"end":{"line":136,"column":57}},"35":{"start":{"line":137,"column":4},"end":{"line":137,"column":41}},"36":{"start":{"line":138,"column":4},"end":{"line":138,"column":47}},"37":{"start":{"line":139,"column":4},"end":{"line":139,"column":77}},"38":{"start":{"line":148,"column":32},"end":{"line":531,"column":1}},"39":{"start":{"line":164,"column":25},"end":{"line":164,"column":68}},"40":{"start":{"line":165,"column":25},"end":{"line":171,"column":9}},"41":{"start":{"line":172,"column":23},"end":{"line":172,"column":48}},"42":{"start":{"line":178,"column":8},"end":{"line":178,"column":52}},"43":{"start":{"line":195,"column":8},"end":{"line":204,"column":9}},"44":{"start":{"line":196,"column":36},"end":{"line":196,"column":75}},"45":{"start":{"line":196,"column":76},"end":{"line":196,"column":82}},"46":{"start":{"line":197,"column":36},"end":{"line":197,"column":77}},"47":{"start":{"line":197,"column":78},"end":{"line":197,"column":84}},"48":{"start":{"line":198,"column":36},"end":{"line":198,"column":76}},"49":{"start":{"line":198,"column":77},"end":{"line":198,"column":83}},"50":{"start":{"line":199,"column":36},"end":{"line":199,"column":82}},"51":{"start":{"line":199,"column":83},"end":{"line":199,"column":89}},"52":{"start":{"line":200,"column":36},"end":{"line":200,"column":73}},"53":{"start":{"line":200,"column":74},"end":{"line":200,"column":80}},"54":{"start":{"line":202,"column":16},"end":{"line":202,"column":94}},"55":{"start":{"line":203,"column":16},"end":{"line":203,"column":67}},"56":{"start":{"line":206,"column":8},"end":{"line":235,"column":9}},"57":{"start":{"line":208,"column":12},"end":{"line":220,"column":15}},"58":{"start":{"line":209,"column":16},"end":{"line":209,"column":56}},"59":{"start":{"line":209,"column":35},"end":{"line":209,"column":56}},"60":{"start":{"line":210,"column":16},"end":{"line":219,"column":17}},"61":{"start":{"line":211,"column":54},"end":{"line":214,"column":21}},"62":{"start":{"line":215,"column":20},"end":{"line":217,"column":23}},"63":{"start":{"line":216,"column":24},"end":{"line":216,"column":98}},"64":{"start":{"line":218,"column":20},"end":{"line":218,"column":72}},"65":{"start":{"line":221,"column":12},"end":{"line":225,"column":15}},"66":{"start":{"line":222,"column":16},"end":{"line":222,"column":28}},"67":{"start":{"line":223,"column":16},"end":{"line":223,"column":56}},"68":{"start":{"line":223,"column":35},"end":{"line":223,"column":56}},"69":{"start":{"line":224,"column":16},"end":{"line":224,"column":99}},"70":{"start":{"line":224,"column":70},"end":{"line":224,"column":99}},"71":{"start":{"line":226,"column":12},"end":{"line":228,"column":15}},"72":{"start":{"line":227,"column":16},"end":{"line":227,"column":90}},"73":{"start":{"line":227,"column":65},"end":{"line":227,"column":90}},"74":{"start":{"line":230,"column":12},"end":{"line":234,"column":13}},"75":{"start":{"line":231,"column":16},"end":{"line":231,"column":36}},"76":{"start":{"line":233,"column":16},"end":{"line":233,"column":107}},"77":{"start":{"line":236,"column":8},"end":{"line":236,"column":21}},"78":{"start":{"line":257,"column":22},"end":{"line":261,"column":10}},"79":{"start":{"line":262,"column":8},"end":{"line":268,"column":11}},"80":{"start":{"line":271,"column":8},"end":{"line":275,"column":9}},"81":{"start":{"line":272,"column":12},"end":{"line":272,"column":112}},"82":{"start":{"line":274,"column":12},"end":{"line":274,"column":77}},"83":{"start":{"line":276,"column":8},"end":{"line":276,"column":29}},"84":{"start":{"line":278,"column":8},"end":{"line":278,"column":122}},"85":{"start":{"line":278,"column":33},"end":{"line":278,"column":120}},"86":{"start":{"line":281,"column":8},"end":{"line":303,"column":10}},"87":{"start":{"line":282,"column":24},"end":{"line":282,"column":92}},"88":{"start":{"line":283,"column":26},"end":{"line":283,"column":139}},"89":{"start":{"line":285,"column":33},"end":{"line":285,"column":60}},"90":{"start":{"line":287,"column":43},"end":{"line":287,"column":132}},"91":{"start":{"line":290,"column":12},"end":{"line":300,"column":13}},"92":{"start":{"line":291,"column":16},"end":{"line":291,"column":39}},"93":{"start":{"line":293,"column":16},"end":{"line":297,"column":17}},"94":{"start":{"line":294,"column":20},"end":{"line":294,"column":92}},"95":{"start":{"line":296,"column":20},"end":{"line":296,"column":127}},"96":{"start":{"line":298,"column":16},"end":{"line":298,"column":43}},"97":{"start":{"line":299,"column":16},"end":{"line":299,"column":48}},"98":{"start":{"line":302,"column":12},"end":{"line":302,"column":101}},"99":{"start":{"line":304,"column":8},"end":{"line":304,"column":28}},"100":{"start":{"line":305,"column":8},"end":{"line":305,"column":21}},"101":{"start":{"line":323,"column":22},"end":{"line":323,"column":116}},"102":{"start":{"line":324,"column":8},"end":{"line":330,"column":11}},"103":{"start":{"line":332,"column":27},"end":{"line":332,"column":105}},"104":{"start":{"line":333,"column":8},"end":{"line":333,"column":30}},"105":{"start":{"line":334,"column":21},"end":{"line":337,"column":10}},"106":{"start":{"line":338,"column":8},"end":{"line":338,"column":24}},"107":{"start":{"line":340,"column":8},"end":{"line":354,"column":11}},"108":{"start":{"line":341,"column":12},"end":{"line":341,"column":43}},"109":{"start":{"line":341,"column":36},"end":{"line":341,"column":43}},"110":{"start":{"line":343,"column":12},"end":{"line":353,"column":13}},"111":{"start":{"line":344,"column":16},"end":{"line":350,"column":17}},"112":{"start":{"line":345,"column":39},"end":{"line":345,"column":114}},"113":{"start":{"line":346,"column":35},"end":{"line":346,"column":108}},"114":{"start":{"line":347,"column":20},"end":{"line":347,"column":94}},"115":{"start":{"line":349,"column":20},"end":{"line":349,"column":119}},"116":{"start":{"line":352,"column":16},"end":{"line":352,"column":104}},"117":{"start":{"line":357,"column":8},"end":{"line":362,"column":10}},"118":{"start":{"line":358,"column":24},"end":{"line":358,"column":92}},"119":{"start":{"line":359,"column":26},"end":{"line":359,"column":139}},"120":{"start":{"line":360,"column":12},"end":{"line":360,"column":101}},"121":{"start":{"line":361,"column":12},"end":{"line":361,"column":99}},"122":{"start":{"line":363,"column":8},"end":{"line":363,"column":28}},"123":{"start":{"line":364,"column":8},"end":{"line":364,"column":21}},"124":{"start":{"line":383,"column":22},"end":{"line":383,"column":116}},"125":{"start":{"line":384,"column":8},"end":{"line":392,"column":11}},"126":{"start":{"line":394,"column":27},"end":{"line":397,"column":10}},"127":{"start":{"line":398,"column":8},"end":{"line":398,"column":30}},"128":{"start":{"line":399,"column":21},"end":{"line":402,"column":10}},"129":{"start":{"line":403,"column":8},"end":{"line":403,"column":24}},"130":{"start":{"line":405,"column":8},"end":{"line":405,"column":122}},"131":{"start":{"line":405,"column":33},"end":{"line":405,"column":120}},"132":{"start":{"line":408,"column":8},"end":{"line":417,"column":10}},"133":{"start":{"line":409,"column":24},"end":{"line":409,"column":97}},"134":{"start":{"line":410,"column":27},"end":{"line":410,"column":38}},"135":{"start":{"line":411,"column":27},"end":{"line":411,"column":52}},"136":{"start":{"line":413,"column":32},"end":{"line":414,"column":65}},"137":{"start":{"line":413,"column":60},"end":{"line":413,"column":120}},"138":{"start":{"line":415,"column":12},"end":{"line":415,"column":64}},"139":{"start":{"line":416,"column":12},"end":{"line":416,"column":63}},"140":{"start":{"line":418,"column":8},"end":{"line":418,"column":28}},"141":{"start":{"line":419,"column":8},"end":{"line":419,"column":21}},"142":{"start":{"line":434,"column":22},"end":{"line":434,"column":116}},"143":{"start":{"line":435,"column":8},"end":{"line":441,"column":11}},"144":{"start":{"line":443,"column":27},"end":{"line":443,"column":158}},"145":{"start":{"line":444,"column":8},"end":{"line":444,"column":30}},"146":{"start":{"line":445,"column":26},"end":{"line":448,"column":10}},"147":{"start":{"line":449,"column":8},"end":{"line":449,"column":29}},"148":{"start":{"line":450,"column":26},"end":{"line":453,"column":10}},"149":{"start":{"line":454,"column":8},"end":{"line":454,"column":29}},"150":{"start":{"line":456,"column":8},"end":{"line":456,"column":122}},"151":{"start":{"line":456,"column":33},"end":{"line":456,"column":120}},"152":{"start":{"line":459,"column":8},"end":{"line":465,"column":10}},"153":{"start":{"line":460,"column":24},"end":{"line":460,"column":92}},"154":{"start":{"line":461,"column":27},"end":{"line":461,"column":42}},"155":{"start":{"line":462,"column":31},"end":{"line":462,"column":96}},"156":{"start":{"line":463,"column":12},"end":{"line":463,"column":57}},"157":{"start":{"line":464,"column":12},"end":{"line":464,"column":90}},"158":{"start":{"line":466,"column":8},"end":{"line":466,"column":28}},"159":{"start":{"line":467,"column":8},"end":{"line":467,"column":21}},"160":{"start":{"line":486,"column":22},"end":{"line":486,"column":116}},"161":{"start":{"line":487,"column":8},"end":{"line":495,"column":11}},"162":{"start":{"line":497,"column":26},"end":{"line":501,"column":10}},"163":{"start":{"line":502,"column":8},"end":{"line":502,"column":29}},"164":{"start":{"line":505,"column":8},"end":{"line":515,"column":11}},"165":{"start":{"line":506,"column":29},"end":{"line":506,"column":56}},"166":{"start":{"line":508,"column":29},"end":{"line":508,"column":57}},"167":{"start":{"line":509,"column":12},"end":{"line":509,"column":37}},"168":{"start":{"line":510,"column":12},"end":{"line":510,"column":33}},"169":{"start":{"line":511,"column":12},"end":{"line":511,"column":27}},"170":{"start":{"line":512,"column":12},"end":{"line":512,"column":27}},"171":{"start":{"line":513,"column":12},"end":{"line":513,"column":47}},"172":{"start":{"line":513,"column":26},"end":{"line":513,"column":47}},"173":{"start":{"line":514,"column":12},"end":{"line":514,"column":24}},"174":{"start":{"line":517,"column":8},"end":{"line":517,"column":122}},"175":{"start":{"line":517,"column":33},"end":{"line":517,"column":120}},"176":{"start":{"line":520,"column":8},"end":{"line":527,"column":10}},"177":{"start":{"line":521,"column":29},"end":{"line":521,"column":56}},"178":{"start":{"line":522,"column":12},"end":{"line":522,"column":43}},"179":{"start":{"line":523,"column":12},"end":{"line":523,"column":51}},"180":{"start":{"line":524,"column":12},"end":{"line":524,"column":43}},"181":{"start":{"line":525,"column":12},"end":{"line":525,"column":45}},"182":{"start":{"line":526,"column":12},"end":{"line":526,"column":45}},"183":{"start":{"line":529,"column":8},"end":{"line":529,"column":21}}},"fnMap":{"0":{"name":"handleComponentSelectionClick","decl":{"start":{"line":48,"column":9},"end":{"line":48,"column":38}},"loc":{"start":{"line":54,"column":2},"end":{"line":77,"column":1}},"line":54},"1":{"name":"initComponentFactory","decl":{"start":{"line":117,"column":16},"end":{"line":117,"column":36}},"loc":{"start":{"line":128,"column":2},"end":{"line":140,"column":1}},"line":128},"2":{"name":"(anonymous_2)","decl":{"start":{"line":163,"column":4},"end":{"line":163,"column":5}},"loc":{"start":{"line":163,"column":29},"end":{"line":179,"column":5}},"line":163},"3":{"name":"(anonymous_3)","decl":{"start":{"line":193,"column":4},"end":{"line":193,"column":5}},"loc":{"start":{"line":193,"column":30},"end":{"line":237,"column":5}},"line":193},"4":{"name":"(anonymous_4)","decl":{"start":{"line":208,"column":34},"end":{"line":208,"column":35}},"loc":{"start":{"line":208,"column":40},"end":{"line":220,"column":13}},"line":208},"5":{"name":"(anonymous_5)","decl":{"start":{"line":215,"column":42},"end":{"line":215,"column":43}},"loc":{"start":{"line":215,"column":52},"end":{"line":217,"column":21}},"line":215},"6":{"name":"(anonymous_6)","decl":{"start":{"line":221,"column":32},"end":{"line":221,"column":33}},"loc":{"start":{"line":221,"column":38},"end":{"line":225,"column":13}},"line":221},"7":{"name":"(anonymous_7)","decl":{"start":{"line":226,"column":33},"end":{"line":226,"column":34}},"loc":{"start":{"line":226,"column":40},"end":{"line":228,"column":13}},"line":226},"8":{"name":"(anonymous_8)","decl":{"start":{"line":256,"column":4},"end":{"line":256,"column":5}},"loc":{"start":{"line":256,"column":30},"end":{"line":306,"column":5}},"line":256},"9":{"name":"(anonymous_9)","decl":{"start":{"line":278,"column":26},"end":{"line":278,"column":27}},"loc":{"start":{"line":278,"column":33},"end":{"line":278,"column":120}},"line":278},"10":{"name":"(anonymous_10)","decl":{"start":{"line":281,"column":28},"end":{"line":281,"column":29}},"loc":{"start":{"line":281,"column":40},"end":{"line":303,"column":9}},"line":281},"11":{"name":"(anonymous_11)","decl":{"start":{"line":322,"column":4},"end":{"line":322,"column":5}},"loc":{"start":{"line":322,"column":32},"end":{"line":365,"column":5}},"line":322},"12":{"name":"(anonymous_12)","decl":{"start":{"line":340,"column":26},"end":{"line":340,"column":27}},"loc":{"start":{"line":340,"column":33},"end":{"line":354,"column":9}},"line":340},"13":{"name":"(anonymous_13)","decl":{"start":{"line":357,"column":28},"end":{"line":357,"column":29}},"loc":{"start":{"line":357,"column":40},"end":{"line":362,"column":9}},"line":357},"14":{"name":"(anonymous_14)","decl":{"start":{"line":382,"column":4},"end":{"line":382,"column":5}},"loc":{"start":{"line":382,"column":31},"end":{"line":420,"column":5}},"line":382},"15":{"name":"(anonymous_15)","decl":{"start":{"line":405,"column":26},"end":{"line":405,"column":27}},"loc":{"start":{"line":405,"column":33},"end":{"line":405,"column":120}},"line":405},"16":{"name":"(anonymous_16)","decl":{"start":{"line":408,"column":28},"end":{"line":408,"column":29}},"loc":{"start":{"line":408,"column":40},"end":{"line":417,"column":9}},"line":408},"17":{"name":"(anonymous_17)","decl":{"start":{"line":413,"column":55},"end":{"line":413,"column":56}},"loc":{"start":{"line":413,"column":60},"end":{"line":413,"column":120}},"line":413},"18":{"name":"(anonymous_18)","decl":{"start":{"line":433,"column":4},"end":{"line":433,"column":5}},"loc":{"start":{"line":433,"column":37},"end":{"line":468,"column":5}},"line":433},"19":{"name":"(anonymous_19)","decl":{"start":{"line":456,"column":26},"end":{"line":456,"column":27}},"loc":{"start":{"line":456,"column":33},"end":{"line":456,"column":120}},"line":456},"20":{"name":"(anonymous_20)","decl":{"start":{"line":459,"column":28},"end":{"line":459,"column":29}},"loc":{"start":{"line":459,"column":40},"end":{"line":465,"column":9}},"line":459},"21":{"name":"(anonymous_21)","decl":{"start":{"line":485,"column":4},"end":{"line":485,"column":5}},"loc":{"start":{"line":485,"column":28},"end":{"line":530,"column":5}},"line":485},"22":{"name":"(anonymous_22)","decl":{"start":{"line":505,"column":33},"end":{"line":505,"column":34}},"loc":{"start":{"line":505,"column":45},"end":{"line":515,"column":9}},"line":505},"23":{"name":"(anonymous_23)","decl":{"start":{"line":517,"column":26},"end":{"line":517,"column":27}},"loc":{"start":{"line":517,"column":33},"end":{"line":517,"column":120}},"line":517},"24":{"name":"(anonymous_24)","decl":{"start":{"line":520,"column":28},"end":{"line":520,"column":29}},"loc":{"start":{"line":520,"column":40},"end":{"line":527,"column":9}},"line":520}},"branchMap":{"0":{"loc":{"start":{"line":55,"column":4},"end":{"line":55,"column":44}},"type":"if","locations":[{"start":{"line":55,"column":4},"end":{"line":55,"column":44}},{"start":{},"end":{}}],"line":55},"1":{"loc":{"start":{"line":57,"column":4},"end":{"line":61,"column":5}},"type":"if","locations":[{"start":{"line":57,"column":4},"end":{"line":61,"column":5}},{"start":{},"end":{}}],"line":57},"2":{"loc":{"start":{"line":57,"column":8},"end":{"line":57,"column":54}},"type":"binary-expr","locations":[{"start":{"line":57,"column":8},"end":{"line":57,"column":28}},{"start":{"line":57,"column":32},"end":{"line":57,"column":54}}],"line":57},"3":{"loc":{"start":{"line":64,"column":4},"end":{"line":75,"column":5}},"type":"if","locations":[{"start":{"line":64,"column":4},"end":{"line":75,"column":5}},{"start":{"line":66,"column":11},"end":{"line":75,"column":5}}],"line":64},"4":{"loc":{"start":{"line":65,"column":8},"end":{"line":65,"column":80}},"type":"if","locations":[{"start":{"line":65,"column":8},"end":{"line":65,"column":80}},{"start":{},"end":{}}],"line":65},"5":{"loc":{"start":{"line":65,"column":53},"end":{"line":65,"column":78}},"type":"cond-expr","locations":[{"start":{"line":65,"column":66},"end":{"line":65,"column":68}},{"start":{"line":65,"column":71},"end":{"line":65,"column":78}}],"line":65},"6":{"loc":{"start":{"line":68,"column":8},"end":{"line":73,"column":9}},"type":"if","locations":[{"start":{"line":68,"column":8},"end":{"line":73,"column":9}},{"start":{"line":71,"column":15},"end":{"line":73,"column":9}}],"line":68},"7":{"loc":{"start":{"line":70,"column":12},"end":{"line":70,"column":62}},"type":"if","locations":[{"start":{"line":70,"column":12},"end":{"line":70,"column":62}},{"start":{},"end":{}}],"line":70},"8":{"loc":{"start":{"line":74,"column":8},"end":{"line":74,"column":71}},"type":"if","locations":[{"start":{"line":74,"column":8},"end":{"line":74,"column":71}},{"start":{},"end":{}}],"line":74},"9":{"loc":{"start":{"line":163,"column":17},"end":{"line":163,"column":27}},"type":"default-arg","locations":[{"start":{"line":163,"column":25},"end":{"line":163,"column":27}}],"line":163},"10":{"loc":{"start":{"line":164,"column":25},"end":{"line":164,"column":68}},"type":"binary-expr","locations":[{"start":{"line":164,"column":25},"end":{"line":164,"column":33}},{"start":{"line":164,"column":37},"end":{"line":164,"column":68}}],"line":164},"11":{"loc":{"start":{"line":195,"column":8},"end":{"line":204,"column":9}},"type":"switch","locations":[{"start":{"line":196,"column":12},"end":{"line":196,"column":82}},{"start":{"line":197,"column":12},"end":{"line":197,"column":84}},{"start":{"line":198,"column":12},"end":{"line":198,"column":83}},{"start":{"line":199,"column":12},"end":{"line":199,"column":89}},{"start":{"line":200,"column":12},"end":{"line":200,"column":80}},{"start":{"line":201,"column":12},"end":{"line":203,"column":67}}],"line":195},"12":{"loc":{"start":{"line":206,"column":8},"end":{"line":235,"column":9}},"type":"if","locations":[{"start":{"line":206,"column":8},"end":{"line":235,"column":9}},{"start":{},"end":{}}],"line":206},"13":{"loc":{"start":{"line":209,"column":16},"end":{"line":209,"column":56}},"type":"if","locations":[{"start":{"line":209,"column":16},"end":{"line":209,"column":56}},{"start":{},"end":{}}],"line":209},"14":{"loc":{"start":{"line":210,"column":16},"end":{"line":219,"column":17}},"type":"if","locations":[{"start":{"line":210,"column":16},"end":{"line":219,"column":17}},{"start":{},"end":{}}],"line":210},"15":{"loc":{"start":{"line":210,"column":20},"end":{"line":210,"column":87}},"type":"binary-expr","locations":[{"start":{"line":210,"column":20},"end":{"line":210,"column":28}},{"start":{"line":210,"column":32},"end":{"line":210,"column":37}},{"start":{"line":210,"column":41},"end":{"line":210,"column":87}}],"line":210},"16":{"loc":{"start":{"line":223,"column":16},"end":{"line":223,"column":56}},"type":"if","locations":[{"start":{"line":223,"column":16},"end":{"line":223,"column":56}},{"start":{},"end":{}}],"line":223},"17":{"loc":{"start":{"line":224,"column":16},"end":{"line":224,"column":99}},"type":"if","locations":[{"start":{"line":224,"column":16},"end":{"line":224,"column":99}},{"start":{},"end":{}}],"line":224},"18":{"loc":{"start":{"line":227,"column":16},"end":{"line":227,"column":90}},"type":"if","locations":[{"start":{"line":227,"column":16},"end":{"line":227,"column":90}},{"start":{},"end":{}}],"line":227},"19":{"loc":{"start":{"line":230,"column":12},"end":{"line":234,"column":13}},"type":"if","locations":[{"start":{"line":230,"column":12},"end":{"line":234,"column":13}},{"start":{"line":232,"column":19},"end":{"line":234,"column":13}}],"line":230},"20":{"loc":{"start":{"line":271,"column":8},"end":{"line":275,"column":9}},"type":"if","locations":[{"start":{"line":271,"column":8},"end":{"line":275,"column":9}},{"start":{"line":273,"column":15},"end":{"line":275,"column":9}}],"line":271},"21":{"loc":{"start":{"line":283,"column":26},"end":{"line":283,"column":139}},"type":"cond-expr","locations":[{"start":{"line":283,"column":134},"end":{"line":283,"column":135}},{"start":{"line":283,"column":138},"end":{"line":283,"column":139}}],"line":283},"22":{"loc":{"start":{"line":283,"column":27},"end":{"line":283,"column":130}},"type":"binary-expr","locations":[{"start":{"line":283,"column":27},"end":{"line":283,"column":39}},{"start":{"line":283,"column":43},"end":{"line":283,"column":52}},{"start":{"line":283,"column":56},"end":{"line":283,"column":92}},{"start":{"line":283,"column":96},"end":{"line":283,"column":130}}],"line":283},"23":{"loc":{"start":{"line":287,"column":43},"end":{"line":287,"column":132}},"type":"binary-expr","locations":[{"start":{"line":287,"column":43},"end":{"line":287,"column":70}},{"start":{"line":287,"column":75},"end":{"line":287,"column":131}}],"line":287},"24":{"loc":{"start":{"line":287,"column":75},"end":{"line":287,"column":131}},"type":"cond-expr","locations":[{"start":{"line":287,"column":114},"end":{"line":287,"column":122}},{"start":{"line":287,"column":125},"end":{"line":287,"column":131}}],"line":287},"25":{"loc":{"start":{"line":290,"column":12},"end":{"line":300,"column":13}},"type":"if","locations":[{"start":{"line":290,"column":12},"end":{"line":300,"column":13}},{"start":{},"end":{}}],"line":290},"26":{"loc":{"start":{"line":293,"column":16},"end":{"line":297,"column":17}},"type":"if","locations":[{"start":{"line":293,"column":16},"end":{"line":297,"column":17}},{"start":{"line":295,"column":23},"end":{"line":297,"column":17}}],"line":293},"27":{"loc":{"start":{"line":302,"column":45},"end":{"line":302,"column":99}},"type":"cond-expr","locations":[{"start":{"line":302,"column":59},"end":{"line":302,"column":77}},{"start":{"line":302,"column":80},"end":{"line":302,"column":99}}],"line":302},"28":{"loc":{"start":{"line":341,"column":12},"end":{"line":341,"column":43}},"type":"if","locations":[{"start":{"line":341,"column":12},"end":{"line":341,"column":43}},{"start":{},"end":{}}],"line":341},"29":{"loc":{"start":{"line":343,"column":12},"end":{"line":353,"column":13}},"type":"if","locations":[{"start":{"line":343,"column":12},"end":{"line":353,"column":13}},{"start":{"line":351,"column":19},"end":{"line":353,"column":13}}],"line":343},"30":{"loc":{"start":{"line":343,"column":16},"end":{"line":343,"column":60}},"type":"binary-expr","locations":[{"start":{"line":343,"column":16},"end":{"line":343,"column":35}},{"start":{"line":343,"column":39},"end":{"line":343,"column":60}}],"line":343},"31":{"loc":{"start":{"line":344,"column":16},"end":{"line":350,"column":17}},"type":"if","locations":[{"start":{"line":344,"column":16},"end":{"line":350,"column":17}},{"start":{"line":348,"column":23},"end":{"line":350,"column":17}}],"line":344},"32":{"loc":{"start":{"line":344,"column":20},"end":{"line":344,"column":68}},"type":"binary-expr","locations":[{"start":{"line":344,"column":20},"end":{"line":344,"column":40}},{"start":{"line":344,"column":44},"end":{"line":344,"column":68}}],"line":344},"33":{"loc":{"start":{"line":345,"column":39},"end":{"line":345,"column":114}},"type":"binary-expr","locations":[{"start":{"line":345,"column":39},"end":{"line":345,"column":109}},{"start":{"line":345,"column":113},"end":{"line":345,"column":114}}],"line":345},"34":{"loc":{"start":{"line":346,"column":35},"end":{"line":346,"column":108}},"type":"cond-expr","locations":[{"start":{"line":346,"column":103},"end":{"line":346,"column":104}},{"start":{"line":346,"column":107},"end":{"line":346,"column":108}}],"line":346},"35":{"loc":{"start":{"line":346,"column":36},"end":{"line":346,"column":99}},"type":"binary-expr","locations":[{"start":{"line":346,"column":36},"end":{"line":346,"column":52}},{"start":{"line":346,"column":56},"end":{"line":346,"column":99}}],"line":346},"36":{"loc":{"start":{"line":359,"column":26},"end":{"line":359,"column":139}},"type":"cond-expr","locations":[{"start":{"line":359,"column":134},"end":{"line":359,"column":135}},{"start":{"line":359,"column":138},"end":{"line":359,"column":139}}],"line":359},"37":{"loc":{"start":{"line":359,"column":27},"end":{"line":359,"column":130}},"type":"binary-expr","locations":[{"start":{"line":359,"column":27},"end":{"line":359,"column":39}},{"start":{"line":359,"column":43},"end":{"line":359,"column":52}},{"start":{"line":359,"column":56},"end":{"line":359,"column":92}},{"start":{"line":359,"column":96},"end":{"line":359,"column":130}}],"line":359},"38":{"loc":{"start":{"line":360,"column":45},"end":{"line":360,"column":99}},"type":"cond-expr","locations":[{"start":{"line":360,"column":59},"end":{"line":360,"column":77}},{"start":{"line":360,"column":80},"end":{"line":360,"column":99}}],"line":360},"39":{"loc":{"start":{"line":361,"column":45},"end":{"line":361,"column":97}},"type":"cond-expr","locations":[{"start":{"line":361,"column":59},"end":{"line":361,"column":76}},{"start":{"line":361,"column":79},"end":{"line":361,"column":97}}],"line":361},"40":{"loc":{"start":{"line":409,"column":24},"end":{"line":409,"column":97}},"type":"binary-expr","locations":[{"start":{"line":409,"column":24},"end":{"line":409,"column":92}},{"start":{"line":409,"column":96},"end":{"line":409,"column":97}}],"line":409},"41":{"loc":{"start":{"line":413,"column":32},"end":{"line":414,"column":65}},"type":"binary-expr","locations":[{"start":{"line":413,"column":32},"end":{"line":413,"column":121}},{"start":{"line":414,"column":32},"end":{"line":414,"column":65}}],"line":413},"42":{"loc":{"start":{"line":413,"column":60},"end":{"line":413,"column":120}},"type":"binary-expr","locations":[{"start":{"line":413,"column":60},"end":{"line":413,"column":77}},{"start":{"line":413,"column":81},"end":{"line":413,"column":120}}],"line":413},"43":{"loc":{"start":{"line":462,"column":31},"end":{"line":462,"column":96}},"type":"cond-expr","locations":[{"start":{"line":462,"column":48},"end":{"line":462,"column":88}},{"start":{"line":462,"column":91},"end":{"line":462,"column":96}}],"line":462},"44":{"loc":{"start":{"line":513,"column":12},"end":{"line":513,"column":47}},"type":"if","locations":[{"start":{"line":513,"column":12},"end":{"line":513,"column":47}},{"start":{},"end":{}}],"line":513}},"s":{"0":6,"1":1,"2":5,"3":1,"4":4,"5":4,"6":2,"7":2,"8":2,"9":2,"10":1,"11":1,"12":1,"13":1,"14":2,"15":2,"16":4,"17":2,"18":2,"19":2,"20":2,"21":2,"22":2,"23":2,"24":2,"25":2,"26":2,"27":22,"28":22,"29":22,"30":22,"31":22,"32":22,"33":22,"34":22,"35":22,"36":22,"37":22,"38":2,"39":8,"40":8,"41":8,"42":8,"43":10,"44":9,"45":9,"46":0,"47":0,"48":0,"49":0,"50":0,"51":0,"52":0,"53":0,"54":1,"55":1,"56":9,"57":9,"58":0,"59":0,"60":0,"61":0,"62":0,"63":0,"64":0,"65":9,"66":0,"67":0,"68":0,"69":0,"70":0,"71":9,"72":0,"73":0,"74":9,"75":9,"76":0,"77":9,"78":10,"79":10,"80":10,"81":0,"82":10,"83":10,"84":10,"85":6,"86":10,"87":11,"88":11,"89":11,"90":11,"91":11,"92":0,"93":0,"94":0,"95":0,"96":0,"97":0,"98":11,"99":10,"100":10,"101":3,"102":3,"103":3,"104":3,"105":3,"106":3,"107":3,"108":1,"109":0,"110":1,"111":1,"112":1,"113":1,"114":1,"115":0,"116":0,"117":3,"118":4,"119":4,"120":4,"121":4,"122":3,"123":3,"124":2,"125":2,"126":2,"127":2,"128":2,"129":2,"130":2,"131":0,"132":2,"133":3,"134":3,"135":3,"136":3,"137":4,"138":3,"139":3,"140":2,"141":2,"142":2,"143":2,"144":2,"145":2,"146":2,"147":2,"148":2,"149":2,"150":2,"151":0,"152":2,"153":3,"154":3,"155":3,"156":3,"157":3,"158":2,"159":2,"160":3,"161":3,"162":3,"163":3,"164":3,"165":1,"166":1,"167":1,"168":1,"169":1,"170":1,"171":1,"172":1,"173":1,"174":3,"175":0,"176":3,"177":1,"178":1,"179":1,"180":1,"181":1,"182":1,"183":3},"f":{"0":6,"1":22,"2":8,"3":10,"4":0,"5":0,"6":0,"7":0,"8":10,"9":6,"10":11,"11":3,"12":1,"13":4,"14":2,"15":0,"16":3,"17":4,"18":2,"19":0,"20":3,"21":3,"22":1,"23":0,"24":1},"b":{"0":[1,5],"1":[1,4],"2":[5,5],"3":[2,2],"4":[2,0],"5":[1,1],"6":[1,1],"7":[1,0],"8":[2,0],"9":[0],"10":[8,1],"11":[9,0,0,0,0,1],"12":[9,0],"13":[0,0],"14":[0,0],"15":[0,0,0],"16":[0,0],"17":[0,0],"18":[0,0],"19":[9,0],"20":[0,10],"21":[2,9],"22":[11,11,9,9],"23":[11,0],"24":[0,0],"25":[0,11],"26":[0,0],"27":[2,9],"28":[0,1],"29":[1,0],"30":[1,1],"31":[1,0],"32":[1,1],"33":[1,1],"34":[0,1],"35":[1,1],"36":[1,3],"37":[4,4,3,3],"38":[1,3],"39":[1,3],"40":[3,2],"41":[3,0],"42":[4,1],"43":[1,2],"44":[1,0]},"_coverageSchema":"1a1c01bbd47fc00a2c39e90264f33305004495a9","hash":"c2821687cbf2ab12725546e493e84f70bf3c8516"}
,"/app/js/config.js": {"path":"/app/js/config.js","statementMap":{"0":{"start":{"line":9,"column":25},"end":{"line":9,"column":27}}},"fnMap":{},"branchMap":{},"s":{"0":2},"f":{},"b":{},"_coverageSchema":"1a1c01bbd47fc00a2c39e90264f33305004495a9","hash":"3256c94e1532d074dc044657b20c2046ba3c421a"}
,"/app/js/deviceManager.js": {"path":"/app/js/deviceManager.js","statementMap":{"0":{"start":{"line":34,"column":18},"end":{"line":39,"column":7}},"1":{"start":{"line":41,"column":20},"end":{"line":49,"column":7}},"2":{"start":{"line":58,"column":23},"end":{"line":58,"column":25}},"3":{"start":{"line":65,"column":13},"end":{"line":65,"column":17}},"4":{"start":{"line":73,"column":24},"end":{"line":73,"column":28}},"5":{"start":{"line":94,"column":4},"end":{"line":94,"column":73}},"6":{"start":{"line":95,"column":4},"end":{"line":95,"column":84}},"7":{"start":{"line":96,"column":4},"end":{"line":96,"column":61}},"8":{"start":{"line":97,"column":4},"end":{"line":97,"column":56}},"9":{"start":{"line":99,"column":4},"end":{"line":99,"column":67}},"10":{"start":{"line":100,"column":4},"end":{"line":100,"column":56}},"11":{"start":{"line":101,"column":4},"end":{"line":101,"column":67}},"12":{"start":{"line":102,"column":4},"end":{"line":102,"column":69}},"13":{"start":{"line":103,"column":4},"end":{"line":103,"column":57}},"14":{"start":{"line":104,"column":4},"end":{"line":104,"column":61}},"15":{"start":{"line":105,"column":4},"end":{"line":105,"column":61}},"16":{"start":{"line":107,"column":4},"end":{"line":107,"column":56}},"17":{"start":{"line":108,"column":4},"end":{"line":108,"column":67}},"18":{"start":{"line":109,"column":4},"end":{"line":109,"column":67}},"19":{"start":{"line":111,"column":4},"end":{"line":111,"column":77}},"20":{"start":{"line":112,"column":4},"end":{"line":112,"column":88}},"21":{"start":{"line":113,"column":4},"end":{"line":113,"column":77}},"22":{"start":{"line":114,"column":4},"end":{"line":114,"column":71}},"23":{"start":{"line":115,"column":4},"end":{"line":115,"column":84}},"24":{"start":{"line":116,"column":4},"end":{"line":116,"column":101}},"25":{"start":{"line":118,"column":4},"end":{"line":118,"column":71}},"26":{"start":{"line":119,"column":4},"end":{"line":119,"column":71}},"27":{"start":{"line":120,"column":4},"end":{"line":120,"column":60}},"28":{"start":{"line":121,"column":4},"end":{"line":121,"column":76}},"29":{"start":{"line":122,"column":4},"end":{"line":122,"column":72}},"30":{"start":{"line":123,"column":4},"end":{"line":123,"column":73}},"31":{"start":{"line":124,"column":4},"end":{"line":124,"column":67}},"32":{"start":{"line":125,"column":4},"end":{"line":125,"column":59}},"33":{"start":{"line":126,"column":4},"end":{"line":126,"column":67}},"34":{"start":{"line":127,"column":4},"end":{"line":127,"column":73}},"35":{"start":{"line":128,"column":4},"end":{"line":128,"column":82}},"36":{"start":{"line":129,"column":4},"end":{"line":129,"column":84}},"37":{"start":{"line":130,"column":4},"end":{"line":130,"column":80}},"38":{"start":{"line":131,"column":4},"end":{"line":131,"column":86}},"39":{"start":{"line":132,"column":4},"end":{"line":132,"column":76}},"40":{"start":{"line":133,"column":4},"end":{"line":133,"column":78}},"41":{"start":{"line":134,"column":4},"end":{"line":134,"column":80}},"42":{"start":{"line":135,"column":4},"end":{"line":135,"column":76}},"43":{"start":{"line":136,"column":4},"end":{"line":136,"column":72}},"44":{"start":{"line":137,"column":4},"end":{"line":137,"column":78}},"45":{"start":{"line":138,"column":4},"end":{"line":138,"column":83}},"46":{"start":{"line":151,"column":4},"end":{"line":160,"column":5}},"47":{"start":{"line":152,"column":8},"end":{"line":152,"column":87}},"48":{"start":{"line":153,"column":33},"end":{"line":153,"column":78}},"49":{"start":{"line":154,"column":8},"end":{"line":157,"column":9}},"50":{"start":{"line":155,"column":12},"end":{"line":155,"column":45}},"51":{"start":{"line":156,"column":12},"end":{"line":156,"column":82}},"52":{"start":{"line":159,"column":8},"end":{"line":159,"column":15}},"53":{"start":{"line":161,"column":4},"end":{"line":161,"column":28}},"54":{"start":{"line":162,"column":4},"end":{"line":162,"column":51}},"55":{"start":{"line":164,"column":4},"end":{"line":164,"column":24}},"56":{"start":{"line":167,"column":4},"end":{"line":176,"column":5}},"57":{"start":{"line":168,"column":8},"end":{"line":168,"column":127}},"58":{"start":{"line":169,"column":33},"end":{"line":169,"column":78}},"59":{"start":{"line":170,"column":8},"end":{"line":174,"column":9}},"60":{"start":{"line":171,"column":12},"end":{"line":171,"column":65}},"61":{"start":{"line":172,"column":12},"end":{"line":172,"column":45}},"62":{"start":{"line":173,"column":12},"end":{"line":173,"column":86}},"63":{"start":{"line":175,"column":8},"end":{"line":175,"column":15}},"64":{"start":{"line":180,"column":33},"end":{"line":180,"column":78}},"65":{"start":{"line":181,"column":4},"end":{"line":182,"column":73}},"66":{"start":{"line":181,"column":30},"end":{"line":181,"column":102}},"67":{"start":{"line":182,"column":9},"end":{"line":182,"column":73}},"68":{"start":{"line":185,"column":4},"end":{"line":185,"column":109}},"69":{"start":{"line":185,"column":33},"end":{"line":185,"column":109}},"70":{"start":{"line":186,"column":4},"end":{"line":186,"column":91}},"71":{"start":{"line":186,"column":22},"end":{"line":186,"column":91}},"72":{"start":{"line":186,"column":67},"end":{"line":186,"column":89}},"73":{"start":{"line":189,"column":4},"end":{"line":189,"column":92}},"74":{"start":{"line":189,"column":26},"end":{"line":189,"column":92}},"75":{"start":{"line":190,"column":4},"end":{"line":190,"column":83}},"76":{"start":{"line":190,"column":20},"end":{"line":190,"column":83}},"77":{"start":{"line":191,"column":4},"end":{"line":191,"column":101}},"78":{"start":{"line":191,"column":25},"end":{"line":191,"column":101}},"79":{"start":{"line":194,"column":4},"end":{"line":194,"column":115}},"80":{"start":{"line":194,"column":35},"end":{"line":194,"column":115}},"81":{"start":{"line":195,"column":4},"end":{"line":195,"column":127}},"82":{"start":{"line":195,"column":41},"end":{"line":195,"column":127}},"83":{"start":{"line":196,"column":4},"end":{"line":206,"column":5}},"84":{"start":{"line":197,"column":8},"end":{"line":205,"column":11}},"85":{"start":{"line":198,"column":36},"end":{"line":198,"column":73}},"86":{"start":{"line":199,"column":12},"end":{"line":204,"column":13}},"87":{"start":{"line":200,"column":16},"end":{"line":200,"column":56}},"88":{"start":{"line":202,"column":16},"end":{"line":202,"column":128}},"89":{"start":{"line":203,"column":16},"end":{"line":203,"column":74}},"90":{"start":{"line":209,"column":4},"end":{"line":209,"column":104}},"91":{"start":{"line":209,"column":31},"end":{"line":209,"column":104}},"92":{"start":{"line":210,"column":4},"end":{"line":210,"column":89}},"93":{"start":{"line":210,"column":22},"end":{"line":210,"column":89}},"94":{"start":{"line":211,"column":4},"end":{"line":215,"column":5}},"95":{"start":{"line":212,"column":8},"end":{"line":214,"column":11}},"96":{"start":{"line":213,"column":12},"end":{"line":213,"column":117}},"97":{"start":{"line":213,"column":41},"end":{"line":213,"column":117}},"98":{"start":{"line":216,"column":4},"end":{"line":220,"column":5}},"99":{"start":{"line":217,"column":8},"end":{"line":219,"column":11}},"100":{"start":{"line":218,"column":12},"end":{"line":218,"column":113}},"101":{"start":{"line":218,"column":39},"end":{"line":218,"column":113}},"102":{"start":{"line":221,"column":4},"end":{"line":238,"column":5}},"103":{"start":{"line":222,"column":8},"end":{"line":237,"column":11}},"104":{"start":{"line":223,"column":40},"end":{"line":223,"column":61}},"105":{"start":{"line":224,"column":38},"end":{"line":224,"column":72}},"106":{"start":{"line":225,"column":12},"end":{"line":236,"column":13}},"107":{"start":{"line":226,"column":48},"end":{"line":232,"column":17}},"108":{"start":{"line":228,"column":24},"end":{"line":228,"column":99}},"109":{"start":{"line":228,"column":70},"end":{"line":228,"column":99}},"110":{"start":{"line":229,"column":24},"end":{"line":229,"column":105}},"111":{"start":{"line":229,"column":73},"end":{"line":229,"column":105}},"112":{"start":{"line":230,"column":24},"end":{"line":230,"column":36}},"113":{"start":{"line":233,"column":16},"end":{"line":233,"column":133}},"114":{"start":{"line":235,"column":16},"end":{"line":235,"column":74}},"115":{"start":{"line":243,"column":4},"end":{"line":246,"column":7}},"116":{"start":{"line":244,"column":8},"end":{"line":244,"column":94}},"117":{"start":{"line":245,"column":8},"end":{"line":245,"column":28}},"118":{"start":{"line":248,"column":4},"end":{"line":252,"column":7}},"119":{"start":{"line":249,"column":8},"end":{"line":249,"column":88}},"120":{"start":{"line":250,"column":8},"end":{"line":250,"column":61}},"121":{"start":{"line":250,"column":40},"end":{"line":250,"column":59}},"122":{"start":{"line":251,"column":8},"end":{"line":251,"column":28}},"123":{"start":{"line":254,"column":4},"end":{"line":258,"column":7}},"124":{"start":{"line":255,"column":8},"end":{"line":255,"column":96}},"125":{"start":{"line":256,"column":8},"end":{"line":256,"column":61}},"126":{"start":{"line":256,"column":40},"end":{"line":256,"column":59}},"127":{"start":{"line":257,"column":8},"end":{"line":257,"column":28}},"128":{"start":{"line":260,"column":4},"end":{"line":270,"column":7}},"129":{"start":{"line":261,"column":8},"end":{"line":261,"column":84}},"130":{"start":{"line":262,"column":8},"end":{"line":268,"column":9}},"131":{"start":{"line":264,"column":12},"end":{"line":264,"column":83}},"132":{"start":{"line":264,"column":62},"end":{"line":264,"column":81}},"133":{"start":{"line":266,"column":12},"end":{"line":266,"column":131}},"134":{"start":{"line":267,"column":12},"end":{"line":267,"column":34}},"135":{"start":{"line":269,"column":8},"end":{"line":269,"column":28}},"136":{"start":{"line":272,"column":4},"end":{"line":287,"column":7}},"137":{"start":{"line":273,"column":8},"end":{"line":273,"column":70}},"138":{"start":{"line":274,"column":8},"end":{"line":286,"column":9}},"139":{"start":{"line":275,"column":12},"end":{"line":279,"column":13}},"140":{"start":{"line":275,"column":46},"end":{"line":275,"column":64}},"141":{"start":{"line":276,"column":16},"end":{"line":276,"column":46}},"142":{"start":{"line":278,"column":16},"end":{"line":278,"column":96}},"143":{"start":{"line":278,"column":63},"end":{"line":278,"column":94}},"144":{"start":{"line":280,"column":12},"end":{"line":280,"column":32}},"145":{"start":{"line":281,"column":12},"end":{"line":283,"column":13}},"146":{"start":{"line":282,"column":16},"end":{"line":282,"column":40}},"147":{"start":{"line":285,"column":12},"end":{"line":285,"column":96}},"148":{"start":{"line":289,"column":4},"end":{"line":304,"column":7}},"149":{"start":{"line":290,"column":8},"end":{"line":290,"column":79}},"150":{"start":{"line":291,"column":8},"end":{"line":303,"column":9}},"151":{"start":{"line":292,"column":12},"end":{"line":292,"column":106}},"152":{"start":{"line":292,"column":59},"end":{"line":292,"column":104}},"153":{"start":{"line":293,"column":12},"end":{"line":293,"column":32}},"154":{"start":{"line":294,"column":12},"end":{"line":296,"column":13}},"155":{"start":{"line":295,"column":16},"end":{"line":295,"column":40}},"156":{"start":{"line":298,"column":12},"end":{"line":300,"column":13}},"157":{"start":{"line":299,"column":16},"end":{"line":299,"column":60}},"158":{"start":{"line":302,"column":12},"end":{"line":302,"column":105}},"159":{"start":{"line":306,"column":4},"end":{"line":322,"column":7}},"160":{"start":{"line":307,"column":8},"end":{"line":307,"column":88}},"161":{"start":{"line":308,"column":8},"end":{"line":321,"column":9}},"162":{"start":{"line":309,"column":12},"end":{"line":309,"column":88}},"163":{"start":{"line":309,"column":62},"end":{"line":309,"column":86}},"164":{"start":{"line":310,"column":12},"end":{"line":310,"column":58}},"165":{"sta
[...]
49":2,"50":0,"51":1,"52":0,"53":0,"54":0,"55":0,"56":16,"57":0,"58":0,"59":0,"60":0,"61":0,"62":0,"63":0,"64":0,"65":0,"66":1,"67":2,"68":3,"69":2,"70":1,"71":1,"72":3,"73":3,"74":3,"75":1,"76":0,"77":1},"b":{"0":[16,0],"1":[16,16],"2":[16,0],"3":[16,0],"4":[16,0],"5":[16,16],"6":[16,0],"7":[16,16],"8":[0,18],"9":[2,16],"10":[2,16],"11":[2,0],"12":[18,0],"13":[2,16],"14":[18,0],"15":[18,0],"16":[2,16],"17":[18,0],"18":[2,16],"19":[0],"20":[1,2],"21":[0,2],"22":[2,2],"23":[0,2],"24":[2,2],"25":[2,0],"26":[1,1],"27":[0,2],"28":[2,2],"29":[0,2],"30":[0,1],"31":[1,1,1,1],"32":[0,1],"33":[1,1],"34":[1,0],"35":[1,0],"36":[1,0],"37":[1,0],"38":[2,19],"39":[21,2],"40":[21,0],"41":[0,1],"42":[1,0],"43":[1,0],"44":[1,0],"45":[1,0],"46":[0,1],"47":[1,0],"48":[0,1],"49":[0,1],"50":[1,1],"51":[1,1],"52":[0,0],"53":[0,0],"54":[0,0],"55":[0,0],"56":[0,0],"57":[0,0],"58":[0,0],"59":[0,0],"60":[0,0],"61":[0,0],"62":[0,0],"63":[0,0],"64":[0,0],"65":[0,0],"66":[0,0],"67":[0,1],"68":[1,1,1,1],"69":[1,0,0],"70":[1,0,0,0,0,0],"71":[16,0],"72":[16,0],"73":[16,16],"74":[0,0],"75":[0,0],"76":[0,0],"77":[0,0],"78":[0,0],"79":[0,0],"80":[0,0,0],"81":[16,0],"82":[16,0],"83":[0,0],"84":[0,0],"85":[0,0,0],"86":[0,0],"87":[16,0],"88":[0,0],"89":[0,0],"90":[0,0],"91":[0,0],"92":[0,0],"93":[0,0],"94":[0,0,0,0],"95":[0,0],"96":[0,0],"97":[0,0],"98":[0,0,0],"99":[0,0],"100":[0,0],"101":[0,0],"102":[0,0,0,0,0,0,0],"103":[16,0],"104":[16,16],"105":[16,0],"106":[16,16],"107":[16,0],"108":[16,16],"109":[16,0],"110":[16,16],"111":[16,0],"112":[16,16],"113":[16,0],"114":[16,16],"115":[1,1],"116":[0,1],"117":[16,0],"118":[16,16],"119":[0,0],"120":[16,0],"121":[16,16],"122":[16,0],"123":[16,0],"124":[16,16,16],"125":[0,0],"126":[0,0],"127":[0,0],"128":[16,0],"129":[16,16],"130":[16,0],"131":[16,0],"132":[16,0],"133":[16,16,16],"134":[0,0],"135":[0,0],"136":[0,0],"137":[0,0],"138":[0,0],"139":[16,0],"140":[16,0],"141":[16,0],"142":[16,16],"143":[0,0],"144":[0,0],"145":[0,0],"146":[0,0],"147":[0,0,0],"148":[0,0],"149":[0,0],"150":[0,0],"151":[0,0,0],"152":[0,0],"153":[0,0],"154":[0,0],"155":[0,0],"156":[0,0],"157":[0,0],"158":[0,0],"159":[0],"160":[0],"161":[0,1],"162":[1,1,1],"163":[1,0],"164":[0,1],"165":[2,0],"166":[2,0],"167":[2,0],"168":[0],"169":[3],"170":[3],"171":[1,2],"172":[3,2,2,2,2],"173":[2,0],"174":[2,0],"175":[2,0],"176":[2,0],"177":[0,2],"178":[0,2],"179":[3,0],"180":[0,0],"181":[0,0],"182":[0],"183":[2],"184":[0,3],"185":[0,0],"186":[1,0]},"_coverageSchema":"1a1c01bbd47fc00a2c39e90264f33305004495a9","hash":"b81a6c5724860f532bfbc589547bb33bd34390c3"}
,"/app/js/utils.js": {"path":"/app/js/utils.js","statementMap":{"0":{"start":{"line":14,"column":22},"end":{"line":14,"column":26}},"1":{"start":{"line":27,"column":23},"end":{"line":27,"column":61}},"2":{"start":{"line":28,"column":4},"end":{"line":31,"column":5}},"3":{"start":{"line":29,"column":8},"end":{"line":29,"column":90}},"4":{"start":{"line":30,"column":8},"end":{"line":30,"column":15}},"5":{"start":{"line":33,"column":4},"end":{"line":36,"column":5}},"6":{"start":{"line":34,"column":8},"end":{"line":34,"column":38}},"7":{"start":{"line":35,"column":8},"end":{"line":35,"column":31}},"8":{"start":{"line":38,"column":4},"end":{"line":38,"column":37}},"9":{"start":{"line":40,"column":4},"end":{"line":48,"column":5}},"10":{"start":{"line":41,"column":8},"end":{"line":47,"column":21}},"11":{"start":{"line":43,"column":12},"end":{"line":45,"column":13}},"12":{"start":{"line":44,"column":16},"end":{"line":44,"column":56}},"13":{"start":{"line":46,"column":12},"end":{"line":46,"column":35}},"14":{"start":{"line":65,"column":4},"end":{"line":68,"column":5}},"15":{"start":{"line":66,"column":8},"end":{"line":66,"column":84}},"16":{"start":{"line":67,"column":8},"end":{"line":67,"column":20}},"17":{"start":{"line":69,"column":4},"end":{"line":72,"column":5}},"18":{"start":{"line":70,"column":8},"end":{"line":70,"column":91}},"19":{"start":{"line":74,"column":23},"end":{"line":74,"column":52}},"20":{"start":{"line":75,"column":4},"end":{"line":75,"column":99}},"21":{"start":{"line":76,"column":4},"end":{"line":76,"column":41}},"22":{"start":{"line":77,"column":4},"end":{"line":77,"column":43}},"23":{"start":{"line":80,"column":4},"end":{"line":82,"column":5}},"24":{"start":{"line":81,"column":8},"end":{"line":81,"column":63}},"25":{"start":{"line":84,"column":4},"end":{"line":86,"column":5}},"26":{"start":{"line":85,"column":8},"end":{"line":85,"column":80}},"27":{"start":{"line":87,"column":4},"end":{"line":87,"column":22}},"28":{"start":{"line":100,"column":4},"end":{"line":103,"column":5}},"29":{"start":{"line":101,"column":8},"end":{"line":101,"column":83}},"30":{"start":{"line":102,"column":8},"end":{"line":102,"column":15}},"31":{"start":{"line":105,"column":20},"end":{"line":105,"column":53}},"32":{"start":{"line":106,"column":4},"end":{"line":106,"column":130}},"33":{"start":{"line":108,"column":20},"end":{"line":108,"column":53}},"34":{"start":{"line":109,"column":4},"end":{"line":109,"column":49}},"35":{"start":{"line":110,"column":4},"end":{"line":110,"column":78}},"36":{"start":{"line":111,"column":4},"end":{"line":111,"column":33}},"37":{"start":{"line":113,"column":16},"end":{"line":113,"column":45}},"38":{"start":{"line":114,"column":4},"end":{"line":114,"column":92}},"39":{"start":{"line":115,"column":4},"end":{"line":120,"column":5}},"40":{"start":{"line":116,"column":8},"end":{"line":116,"column":78}},"41":{"start":{"line":118,"column":8},"end":{"line":118,"column":94}},"42":{"start":{"line":119,"column":8},"end":{"line":119,"column":80}},"43":{"start":{"line":121,"column":4},"end":{"line":121,"column":29}},"44":{"start":{"line":122,"column":4},"end":{"line":122,"column":40}},"45":{"start":{"line":124,"column":4},"end":{"line":126,"column":5}},"46":{"start":{"line":125,"column":8},"end":{"line":125,"column":63}},"47":{"start":{"line":141,"column":18},"end":{"line":141,"column":20}},"48":{"start":{"line":143,"column":4},"end":{"line":145,"column":5}},"49":{"start":{"line":144,"column":8},"end":{"line":144,"column":70}},"50":{"start":{"line":146,"column":4},"end":{"line":148,"column":5}},"51":{"start":{"line":147,"column":8},"end":{"line":147,"column":74}},"52":{"start":{"line":150,"column":23},"end":{"line":150,"column":56}},"53":{"start":{"line":151,"column":4},"end":{"line":164,"column":5}},"54":{"start":{"line":152,"column":8},"end":{"line":152,"column":54}},"55":{"start":{"line":154,"column":8},"end":{"line":154,"column":59}},"56":{"start":{"line":155,"column":8},"end":{"line":163,"column":22}},"57":{"start":{"line":156,"column":26},"end":{"line":156,"column":42}},"58":{"start":{"line":157,"column":23},"end":{"line":157,"column":84}},"59":{"start":{"line":158,"column":25},"end":{"line":158,"column":61}},"60":{"start":{"line":159,"column":26},"end":{"line":159,"column":51}},"61":{"start":{"line":161,"column":28},"end":{"line":161,"column":196}},"62":{"start":{"line":162,"column":12},"end":{"line":162,"column":79}},"63":{"start":{"line":166,"column":26},"end":{"line":166,"column":50}},"64":{"start":{"line":167,"column":4},"end":{"line":178,"column":5}},"65":{"start":{"line":168,"column":8},"end":{"line":168,"column":84}},"66":{"start":{"line":169,"column":8},"end":{"line":175,"column":22}},"67":{"start":{"line":170,"column":26},"end":{"line":170,"column":42}},"68":{"start":{"line":171,"column":23},"end":{"line":171,"column":84}},"69":{"start":{"line":172,"column":25},"end":{"line":172,"column":61}},"70":{"start":{"line":173,"column":28},"end":{"line":173,"column":184}},"71":{"start":{"line":174,"column":12},"end":{"line":174,"column":60}},"72":{"start":{"line":177,"column":8},"end":{"line":177,"column":63}},"73":{"start":{"line":179,"column":4},"end":{"line":179,"column":19}},"74":{"start":{"line":191,"column":4},"end":{"line":195,"column":5}},"75":{"start":{"line":192,"column":8},"end":{"line":192,"column":46}},"76":{"start":{"line":196,"column":4},"end":{"line":200,"column":5}},"77":{"start":{"line":197,"column":8},"end":{"line":197,"column":51}}},"fnMap":{"0":{"name":"updateStatus","decl":{"start":{"line":26,"column":16},"end":{"line":26,"column":28}},"loc":{"start":{"line":26,"column":91},"end":{"line":49,"column":1}},"line":26},"1":{"name":"(anonymous_1)","decl":{"start":{"line":41,"column":37},"end":{"line":41,"column":38}},"loc":{"start":{"line":41,"column":43},"end":{"line":47,"column":9}},"line":41},"2":{"name":"addMessageToChatLog","decl":{"start":{"line":64,"column":16},"end":{"line":64,"column":35}},"loc":{"start":{"line":64,"column":91},"end":{"line":88,"column":1}},"line":64},"3":{"name":"addThinkingDetails","decl":{"start":{"line":99,"column":16},"end":{"line":99,"column":34}},"loc":{"start":{"line":99,"column":67},"end":{"line":127,"column":1}},"line":99},"4":{"name":"getCanvasContext","decl":{"start":{"line":140,"column":16},"end":{"line":140,"column":32}},"loc":{"start":{"line":140,"column":63},"end":{"line":180,"column":1}},"line":140},"5":{"name":"(anonymous_5)","decl":{"start":{"line":155,"column":34},"end":{"line":155,"column":35}},"loc":{"start":{"line":155,"column":42},"end":{"line":163,"column":9}},"line":155},"6":{"name":"(anonymous_6)","decl":{"start":{"line":169,"column":37},"end":{"line":169,"column":38}},"loc":{"start":{"line":169,"column":45},"end":{"line":175,"column":9}},"line":169},"7":{"name":"setLoadingState","decl":{"start":{"line":190,"column":16},"end":{"line":190,"column":31}},"loc":{"start":{"line":190,"column":84},"end":{"line":201,"column":1}},"line":190}},"branchMap":{"0":{"loc":{"start":{"line":26,"column":38},"end":{"line":26,"column":53}},"type":"default-arg","locations":[{"start":{"line":26,"column":49},"end":{"line":26,"column":53}}],"line":26},"1":{"loc":{"start":{"line":26,"column":55},"end":{"line":26,"column":89}},"type":"default-arg","locations":[{"start":{"line":26,"column":72},"end":{"line":26,"column":89}}],"line":26},"2":{"loc":{"start":{"line":28,"column":4},"end":{"line":31,"column":5}},"type":"if","locations":[{"start":{"line":28,"column":4},"end":{"line":31,"column":5}},{"start":{},"end":{}}],"line":28},"3":{"loc":{"start":{"line":33,"column":4},"end":{"line":36,"column":5}},"type":"if","locations":[{"start":{"line":33,"column":4},"end":{"line":36,"column":5}},{"start":{},"end":{}}],"line":33},"4":{"loc":{"start":{"line":40,"column":4},"end":{"line":48,"column":5}},"type":"if","locations":[{"start":{"line":40,"column":4},"end":{"line":48,"column":5}},{"start":{},"end":{}}],"line":40},"5":{"loc":{"start":{"line":43,"column":12},"end":{"line":45,"column":13}},"type":"if","locations":[{"start":{"line":43,"column":12},"end":{"line":45,"column":13}},{"start":{},"end":{}}],"line":43},"6":{"loc":{"start":{"line":65,"column":4},"end":{"line":68,"column":5}},"type":"if","locations":[{"start":{"line":65,"column":4},"end":{"line":68,"column":5}},{"start":{},"end":{}}],"line":65},"7":{"loc":{"start":{"line":65,"column":8},"end":{"line":65,"column":75}},"type":"binary-expr","locations":[{"start":{"line":65,"column":8},"end":{"line":65,"column":23}},{"start":{"line":65,"column":27},"end":{"line":65,"column":75}}],"line":65},"8":{"loc":{"start":{"line":69,"column":4},"end":{"line":72,"column":5}},"type":"if","locations":[{"start":{"line":69,"column":4},"end":{"line":72,"column":5}},{"start":{},"end":{}}],"line":69},"9":{"loc":{"start":{"line":75,"column":45},"end":{"line":75,"column":97}},"type":"cond-expr","locations":[{"start":{"line":75,"column":65},"end":{"line":75,"column":79}},{"start":{"line":75,"column":82},"end":{"line":75,"column":97}}],"line":75},"10":{"loc":{"start":{"line":80,"column":4},"end":{"line":82,"column":5}},"type":"if","locations":[{"start":{"line":80,"column":4},"end":{"line":82,"column":5}},{"start":{},"end":{}}],"line":80},"11":{"loc":{"start":{"line":80,"column":8},"end":{"line":80,"column":103}},"type":"binary-expr","locations":[{"start":{"line":80,"column":8},"end":{"line":80,"column":52}},{"start":{"line":80,"column":56},"end":{"line":80,"column":103}}],"line":80},"12":{"loc":{"start":{"line":84,"column":4},"end":{"line":86,"column":5}},"type":"if","locations":[{"start":{"line":84,"column":4},"end":{"line":86,"column":5}},{"start":{},"end":{}}],"line":84},"13":{"loc":{"start":{"line":100,"column":4},"end":{"line":103,"column":5}},"type":"if","locations":[{"start":{"line":100,"column":4},"end":{"line":103,"column":5}},{"start":{},"end":{}}],"line":100},"14":{"loc":{"start":{"line":100,"column":8},"end":{"line":100,"column":75}},"type":"binary-expr","locations":[{"start":{"line":100,"column":8},"end":{"line":100,"column":23}},{"start":{"line":100,"column":27},"end":{"line":100,"column":75}}],"line":100},"15":{"loc":{"start":{"line":124,"column":4},"end":{"line":126,"column":5}},"type":"if","locations":[{"start":{"line":124,"column":4},"end":{"line":126,"column":5}},{"start":{},"end":{}}],"line":124},"16":{"loc":{"start":{"line":124,"column":8},"end":{"line":124,"column":103}},"type":"binary-expr","locations":[{"start":{"line":124,"column":8},"end":{"line":124,"column":52}},{"start":{"line":124,"column":56},"end":{"line":124,"column":103}}],"line":124},"17":{"loc":{"start":{"line":143,"column":4},"end":{"line":145,"column":5}},"type":"if","locations":[{"start":{"line":143,"column":4},"end":{"line":145,"column":5}},{"start":{},"end":{}}],"line":143},"18":{"loc":{"start":{"line":143,"column":8},"end":{"line":143,"column":60}},"type":"binary-expr","locations":[{"start":{"line":143,"column":8},"end":{"line":143,"column":19}},{"start":{"line":143,"column":23},"end":{"line":143,"column":60}}],"line":143},"19":{"loc":{"start":{"line":146,"column":4},"end":{"line":148,"column":5}},"type":"if","locations":[{"start":{"line":146,"column":4},"end":{"line":148,"column":5}},{"start":{},"end":{}}],"line":146},"20":{"loc":{"start":{"line":146,"column":8},"end":{"line":146,"column":73}},"type":"binary-expr","locations":[{"start":{"line":146,"column":8},"end":{"line":146,"column":25}},{"start":{"line":146,"column":29},"end":{"line":146,"column":73}}],"line":146},"21":{"loc":{"start":{"line":151,"column":4},"end":{"line":164,"column":5}},"type":"if","locations":[{"start":{"line":151,"column":4},"end":{"line":164,"column":5}},{"start":{"line":153,"column":11},"end":{"line":164,"column":5}}],"line":151},"22":{"loc":{"start":{"line":156,"column":26},"end":{"line":156,"column":42}},"type":"binary-expr","locations":[{"start":{"line":156,"column":26},"end":{"line":156,"column":36}},{"start":{"line":156,"column":40},"end":{"line":156,"column":42}}],"line":156},"23":{"loc":{"start":{"line":157,"column":23},"end":{"line":157,"column":84}},"type":"cond-expr","locations":[{"start":{"line":157,"column":55},"end":{"line":157,"column":64}},{"start":{"line":157,"column":67},"end":{"line":157,"column":84}}],"line":157},"24":{"loc":{"start":{"line":157,"column":67},"end":{"line":157,"column":84}},"type":"binary-expr","locations":[{"start":{"line":157,"column":67},"end":{"line":157,"column":75}},{"start":{"line":157,"column":79},"end":{"line":157,"column":84}}],"line":157},"25":{"loc":{"start":{"line":158,"column":25},"end":{"line":158,"column":61}},"type":"binary-expr","locations":[{"start":{"line":158,"column":25},"end":{"line":158,"column":44}},{"start":{"line":158,"column":48},"end":{"line":158,"column":61}}],"line":158},"26":{"loc":{"start":{"line":159,"column":26},"end":{"line":159,"column":51}},"type":"binary-expr","locations":[{"start":{"line":159,"column":26},"end":{"line":159,"column":37}},{"start":{"line":159,"column":41},"end":{"line":159,"column":51}}],"line":159},"27":{"loc":{"start":{"line":161,"column":28},"end":{"line":161,"column":196}},"type":"cond-expr","locations":[{"start":{"line":161,"column":67},"end":{"line":161,"column":121}},{"start":{"line":161,"column":125},"end":{"line":161,"column":195}}],"line":161},"28":{"loc":{"start":{"line":161,"column":28},"end":{"line":161,"column":64}},"type":"binary-expr","locations":[{"start":{"line":161,"column":28},"end":{"line":161,"column":42}},{"start":{"line":161,"column":46},"end":{"line":161,"column":64}}],"line":161},"29":{"loc":{"start":{"line":161,"column":125},"end":{"line":161,"column":195}},"type":"cond-expr","locations":[{"start":{"line":161,"column":141},"end":{"line":161,"column":178}},{"start":{"line":161,"column":181},"end":{"line":161,"column":195}}],"line":161},"30":{"loc":{"start":{"line":167,"column":4},"end":{"line":178,"column":5}},"type":"if","locations":[{"start":{"line":167,"column":4},"end":{"line":178,"column":5}},{"start":{"line":176,"column":11},"end":{"line":178,"column":5}}],"line":167},"31":{"loc":{"start":{"line":170,"column":26},"end":{"line":170,"column":42}},"type":"binary-expr","locations":[{"start":{"line":170,"column":26},"end":{"line":170,"column":36}},{"start":{"line":170,"column":40},"end":{"line":170,"column":42}}],"line":170},"32":{"loc":{"start":{"line":171,"column":23},"end":{"line":171,"column":84}},"type":"cond-expr","locations":[{"start":{"line":171,"column":55},"end":{"line":171,"column":64}},{"start":{"line":171,"column":67},"end":{"line":171,"column":84}}],"line":171},"33":{"loc":{"start":{"line":171,"column":67},"end":{"line":171,"column":84}},"type":"binary-expr","locations":[{"start":{"line":171,"column":67},"end":{"line":171,"column":75}},{"start":{"line":171,"column":79},"end":{"line":171,"column":84}}],"line":171},"34":{"loc":{"start":{"line":172,"column":25},"end":{"line":172,"column":61}},"type":"binary-expr","locations":[{"start":{"line":172,"column":25},"end":{"line":172,"column":44}},{"start":{"line":172,"column":48},"end":{"line":172,"column":61}}],"line":172},"35":{"loc":{"start":{"line":173,"column":28},"end":{"line":173,"column":184}},"type":"cond-expr","locations":[{"start":{"line":173,"column":67},"end":{"line":173,"column":121}},{"start":{"line":173,"column":125},"end":{"line":173,"column":183}}],"line":173},"36":{"loc":{"start":{"line":173,"column":28},"end":{"line":173,"column":64}},"type":"binary-expr","locations":[{"start":{"line":173,"column":28},"end":{"line":173,"column":42}},{"start":{"line":173,"column":46},"end":{"line":173,"column":64}}],"line":173},"37":{"loc":{"start":{"line":173,"column":125},"end":{"line":173,"column":183}},"type":"cond-expr","locations":[{"start":{"line":173,"column":141},"end":{"line":173,"column":178}},{"start":{"line":173,"column":181},"end":{"line":173,"column":183}}],"line":173},"38":{"loc":{"start":{"line":191,"column":4},"end":{"line":195,"column":5}},"type":"if","locations":[{"start":{"line":191,"column":4},"end":{"line":195,"column":5}},{"start":{"line":193,"column":11},"end":{"line":195,"column":5}}],"line":191},"39":{"loc":{"start":{"line":196,"column":4},"end":{"line":200,"column":5}},"type":"if","locations":[{"start":{"line":196,"column":4},"end":{"line":200,"column":5}},{"start":{"line":198,"column":11},"end":{"line":200,"column":5}}],"line":196}},"s":{"0":1,"1":6,"2":6,"3":1,"4":1,"5":5,"6":1,"7":1,"8":5,"9":5,"10":4,"11":3,"12":3,"13":3,"14":3,"15":1,"16":1,"17":2,"18":0,"19":2,"20":2,"21":2,"22":2,"23":2,"24":2,"25":2,"26":2,"27":2,"28":2,"29":0,"30":0,"31":2,"32":2,"33":2,"34":2,"35":2,"36":2,"37":2,"38":2,"39":2,"40":2,"41":1,"42":1,"43":2,"44":2,"45":2,"46":2,"47":5,"48":5,"49":1,"50":4,"51":1,"52":3,"53":3,"54":2,"55":1,"56":1,"57":1,"58":1,"59":1,"60":1,"61":1,"62":1,"63":3,"64":3,"65":1,"66":1,"67":1,"68":1,"69":1,"70":1,"71":1,"72":2,"73":3,"74":3,"75":2,"76":3,"77":2},"f":{"0":6,"1":3,"2":3,"3":2,"4":5,"5":1,"6":1,"7":3},"b":{"0":[0],"1":[5],"2":[1,5],"3":[1,4],"4":[4,1],"5":[3,0],"6":[1,2],"7":[3,2],"8":[0,2],"9":[1,1],"10":[2,0],"11":[2,2],"12":[2,0],"13":[0,2],"14":[2,2],"15":[2,0],"16":[2,2],"17":[1,4],"18":[5,4],"19":[1,3],"20":[4,3],"21":[2,1],"22":[1,0],"23":[1,0],"24":[0,0],"25":[1,0],"26":[1,0],"27":[1,0],"28":[1,1],"29":[0,0],"30":[1,2],"31":[1,0],"32":[1,0],"33":[0,0],"34":[1,0],"35":[0,1],"36":[1,0],"37":[1,0],"38":[2,1],"39":[2,1]},"_coverageSchema":"1a1c01bbd47fc00a2c39e90264f33305004495a9","hash":"0b406798b81adbce30727aadb8fbbd039126ef22"}
}
