TN:
SF:js/aiAssistant.js
FN:162,_buildSystemPrompt
FN:192,initAiAssistant
FN:209,(anonymous_2)
FN:237,handleSendMessage
FN:286,(anonymous_4)
FN:309,(anonymous_5)
FN:340,(anonymous_6)
FN:353,(anonymous_7)
FN:374,executeAIActions
FN:383,(anonymous_9)
FNF:10
FNH:5
FNDA:7,_buildSystemPrompt
FNDA:9,initAiAssistant
FNDA:0,(anonymous_2)
FNDA:8,handleSendMessage
FNDA:0,(anonymous_4)
FNDA:0,(anonymous_5)
FNDA:0,(anonymous_6)
FNDA:0,(anonymous_7)
FNDA:2,executeAIActions
FNDA:2,(anonymous_9)
DA:60,1
DA:70,1
DA:73,1
DA:75,1
DA:77,1
DA:84,1
DA:103,1
DA:163,7
DA:164,7
DA:165,7
DA:201,9
DA:202,9
DA:203,9
DA:204,9
DA:205,9
DA:206,9
DA:208,9
DA:209,9
DA:210,0
DA:211,0
DA:212,0
DA:215,9
DA:238,8
DA:239,0
DA:240,0
DA:241,0
DA:242,0
DA:243,0
DA:245,0
DA:248,8
DA:249,8
DA:251,7
DA:252,7
DA:253,7
DA:254,7
DA:255,7
DA:257,7
DA:258,7
DA:259,7
DA:260,7
DA:261,7
DA:263,7
DA:264,7
DA:265,7
DA:266,7
DA:268,7
DA:277,7
DA:278,7
DA:280,7
DA:281,1
DA:282,1
DA:283,1
DA:285,1
DA:286,1
DA:287,1
DA:288,1
DA:289,1
DA:292,6
DA:294,6
DA:295,6
DA:301,5
DA:302,1
DA:303,1
DA:305,4
DA:306,4
DA:308,4
DA:309,4
DA:311,4
DA:312,2
DA:313,2
DA:314,2
DA:315,2
DA:317,2
DA:318,1
DA:319,1
DA:320,1
DA:321,1
DA:322,1
DA:323,1
DA:324,1
DA:326,0
DA:327,0
DA:328,0
DA:331,0
DA:332,0
DA:333,0
DA:336,2
DA:337,2
DA:338,0
DA:339,0
DA:340,0
DA:342,0
DA:344,2
DA:345,2
DA:347,4
DA:349,2
DA:350,2
DA:351,2
DA:352,2
DA:353,2
DA:354,2
DA:355,2
DA:357,6
DA:375,2
DA:376,0
DA:377,0
DA:380,2
DA:381,2
DA:383,2
DA:384,2
DA:385,0
DA:386,0
DA:389,2
DA:393,2
DA:395,1
DA:396,1
DA:397,1
DA:398,1
DA:399,1
DA:400,1
DA:402,0
DA:405,0
DA:408,0
DA:410,1
DA:412,0
DA:413,0
DA:414,0
DA:415,0
DA:416,0
DA:417,0
DA:418,0
DA:419,0
DA:421,0
DA:423,0
DA:424,0
DA:425,0
DA:427,0
DA:428,0
DA:429,0
DA:430,0
DA:432,0
DA:434,1
DA:435,1
DA:437,0
DA:438,0
DA:440,1
DA:442,0
DA:446,2
DA:447,1
DA:449,2
LF:150
LH:104
BRDA:163,0,0,7
BRDA:163,0,1,0
BRDA:164,1,0,7
BRDA:164,1,1,0
BRDA:199,2,0,0
BRDA:208,3,0,9
BRDA:208,3,1,0
BRDA:209,4,0,9
BRDA:209,4,1,0
BRDA:210,5,0,0
BRDA:210,5,1,0
BRDA:210,6,0,0
BRDA:210,6,1,0
BRDA:238,7,0,0
BRDA:238,7,1,8
BRDA:238,8,0,8
BRDA:238,8,1,8
BRDA:238,8,2,8
BRDA:238,8,3,8
BRDA:238,8,4,8
BRDA:238,8,5,8
BRDA:240,9,0,0
BRDA:240,9,1,0
BRDA:240,10,0,0
BRDA:240,10,1,0
BRDA:241,11,0,0
BRDA:241,11,1,0
BRDA:243,12,0,0
BRDA:243,12,1,0
BRDA:249,13,0,1
BRDA:249,13,1,7
BRDA:278,14,0,7
BRDA:278,14,1,2
BRDA:280,15,0,1
BRDA:280,15,1,6
BRDA:282,16,0,0
BRDA:282,16,1,1
BRDA:287,17,0,0
BRDA:287,17,1,1
BRDA:301,18,0,1
BRDA:301,18,1,4
BRDA:306,19,0,0
BRDA:306,19,1,4
BRDA:311,20,0,2
BRDA:311,20,1,2
BRDA:317,21,0,1
BRDA:317,21,1,1
BRDA:319,22,0,0
BRDA:319,22,1,1
BRDA:320,23,0,1
BRDA:320,23,1,0
BRDA:323,24,0,0
BRDA:323,24,1,1
BRDA:324,25,0,1
BRDA:324,25,1,0
BRDA:328,26,0,0
BRDA:328,26,1,0
BRDA:333,27,0,0
BRDA:333,27,1,0
BRDA:337,28,0,0
BRDA:337,28,1,2
BRDA:338,29,0,0
BRDA:338,29,1,0
BRDA:339,30,0,0
BRDA:339,30,1,0
BRDA:339,31,0,0
BRDA:339,31,1,0
BRDA:345,32,0,0
BRDA:345,32,1,2
BRDA:349,33,0,0
BRDA:349,33,1,2
BRDA:354,34,0,0
BRDA:354,34,1,2
BRDA:375,35,0,0
BRDA:375,35,1,2
BRDA:384,36,0,0
BRDA:384,36,1,2
BRDA:384,37,0,2
BRDA:384,37,1,2
BRDA:389,38,0,0
BRDA:389,38,1,2
BRDA:389,39,0,2
BRDA:389,39,1,0
BRDA:393,40,0,1
BRDA:393,40,1,0
BRDA:393,40,2,0
BRDA:393,40,3,1
BRDA:393,40,4,0
BRDA:395,41,0,1
BRDA:395,41,1,0
BRDA:395,42,0,1
BRDA:395,42,1,1
BRDA:395,42,2,1
BRDA:395,42,3,1
BRDA:398,43,0,1
BRDA:398,43,1,0
BRDA:412,44,0,0
BRDA:412,44,1,0
BRDA:412,45,0,0
BRDA:412,45,1,0
BRDA:416,46,0,0
BRDA:416,46,1,0
BRDA:416,47,0,0
BRDA:416,47,1,0
BRDA:418,48,0,0
BRDA:418,48,1,0
BRDA:423,49,0,0
BRDA:423,49,1,0
BRDA:424,50,0,0
BRDA:424,50,1,0
BRDA:424,51,0,0
BRDA:424,51,1,0
BRDA:429,52,0,0
BRDA:429,52,1,0
BRDA:434,53,0,1
BRDA:434,53,1,0
BRDA:446,54,0,1
BRDA:446,54,1,1
BRDA:446,55,0,2
BRDA:446,55,1,1
BRF:120
BRH:53
end_of_record
TN:
SF:js/app.js
FN:74,(anonymous_0)
FN:83,(anonymous_1)
FN:86,(anonymous_2)
FN:91,(anonymous_3)
FN:119,(anonymous_4)
FN:133,(anonymous_5)
FN:168,(anonymous_6)
FN:169,(anonymous_7)
FN:192,(anonymous_8)
FN:193,(anonymous_9)
FN:220,(anonymous_10)
FNF:11
FNH:0
FNDA:0,(anonymous_0)
FNDA:0,(anonymous_1)
FNDA:0,(anonymous_2)
FNDA:0,(anonymous_3)
FNDA:0,(anonymous_4)
FNDA:0,(anonymous_5)
FNDA:0,(anonymous_6)
FNDA:0,(anonymous_7)
FNDA:0,(anonymous_8)
FNDA:0,(anonymous_9)
FNDA:0,(anonymous_10)
DA:40,0
DA:53,0
DA:59,0
DA:62,0
DA:65,0
DA:68,0
DA:71,0
DA:74,0
DA:83,0
DA:84,0
DA:85,0
DA:86,0
DA:88,0
DA:89,0
DA:91,0
DA:95,0
DA:107,0
DA:108,0
DA:109,0
DA:116,0
DA:117,0
DA:119,0
DA:130,0
DA:133,0
DA:143,0
DA:144,0
DA:151,0
DA:164,0
DA:168,0
DA:169,0
DA:181,0
DA:188,0
DA:192,0
DA:194,0
DA:203,0
DA:206,0
DA:207,0
DA:216,0
DA:217,0
DA:220,0
DA:221,0
DA:222,0
DA:223,0
DA:228,0
LF:44
LH:0
BRDA:85,0,0,0
BRDA:85,0,1,0
BRDA:88,1,0,0
BRDA:88,1,1,0
BRDA:88,2,0,0
BRDA:88,2,1,0
BRDA:143,3,0,0
BRDA:143,3,1,0
BRDA:206,4,0,0
BRDA:206,4,1,0
BRDA:216,5,0,0
BRDA:216,5,1,0
BRDA:217,6,0,0
BRDA:217,6,1,0
BRDA:221,7,0,0
BRDA:221,7,1,0
BRF:16
BRH:0
end_of_record
TN:
SF:js/componentFactory.js
FN:48,handleComponentSelectionClick
FN:117,initComponentFactory
FN:163,(anonymous_2)
FN:193,(anonymous_3)
FN:208,(anonymous_4)
FN:215,(anonymous_5)
FN:221,(anonymous_6)
FN:226,(anonymous_7)
FN:256,(anonymous_8)
FN:278,(anonymous_9)
FN:281,(anonymous_10)
FN:322,(anonymous_11)
FN:340,(anonymous_12)
FN:357,(anonymous_13)
FN:382,(anonymous_14)
FN:405,(anonymous_15)
FN:408,(anonymous_16)
FN:413,(anonymous_17)
FN:433,(anonymous_18)
FN:456,(anonymous_19)
FN:459,(anonymous_20)
FN:485,(anonymous_21)
FN:505,(anonymous_22)
FN:517,(anonymous_23)
FN:520,(anonymous_24)
FNF:25
FNH:18
FNDA:6,handleComponentSelectionClick
FNDA:22,initComponentFactory
FNDA:8,(anonymous_2)
FNDA:10,(anonymous_3)
FNDA:0,(anonymous_4)
FNDA:0,(anonymous_5)
FNDA:0,(anonymous_6)
FNDA:0,(anonymous_7)
FNDA:10,(anonymous_8)
FNDA:6,(anonymous_9)
FNDA:11,(anonymous_10)
FNDA:3,(anonymous_11)
FNDA:1,(anonymous_12)
FNDA:4,(anonymous_13)
FNDA:2,(anonymous_14)
FNDA:0,(anonymous_15)
FNDA:3,(anonymous_16)
FNDA:4,(anonymous_17)
FNDA:2,(anonymous_18)
FNDA:0,(anonymous_19)
FNDA:3,(anonymous_20)
FNDA:3,(anonymous_21)
FNDA:1,(anonymous_22)
FNDA:0,(anonymous_23)
FNDA:1,(anonymous_24)
DA:55,6
DA:57,5
DA:60,1
DA:63,4
DA:64,4
DA:65,2
DA:67,2
DA:68,2
DA:69,1
DA:70,1
DA:72,1
DA:74,2
DA:76,4
DA:82,2
DA:84,2
DA:86,2
DA:88,2
DA:90,2
DA:92,2
DA:94,2
DA:96,2
DA:98,2
DA:100,2
DA:129,22
DA:130,22
DA:131,22
DA:132,22
DA:133,22
DA:134,22
DA:135,22
DA:136,22
DA:137,22
DA:138,22
DA:139,22
DA:148,2
DA:164,8
DA:165,8
DA:172,8
DA:178,8
DA:195,10
DA:196,9
DA:197,0
DA:198,0
DA:199,0
DA:200,0
DA:202,1
DA:203,1
DA:206,9
DA:208,9
DA:209,0
DA:210,0
DA:211,0
DA:215,0
DA:216,0
DA:218,0
DA:221,9
DA:222,0
DA:223,0
DA:224,0
DA:226,9
DA:227,0
DA:230,9
DA:231,9
DA:233,0
DA:236,9
DA:257,10
DA:262,10
DA:271,10
DA:272,0
DA:274,10
DA:276,10
DA:278,10
DA:281,10
DA:282,11
DA:283,11
DA:285,11
DA:287,11
DA:290,11
DA:291,0
DA:293,0
DA:294,0
DA:296,0
DA:298,0
DA:299,0
DA:302,11
DA:304,10
DA:305,10
DA:323,3
DA:324,3
DA:332,3
DA:333,3
DA:334,3
DA:338,3
DA:340,3
DA:341,1
DA:343,1
DA:344,1
DA:345,1
DA:346,1
DA:347,1
DA:349,0
DA:352,0
DA:357,3
DA:358,4
DA:359,4
DA:360,4
DA:361,4
DA:363,3
DA:364,3
DA:383,2
DA:384,2
DA:394,2
DA:398,2
DA:399,2
DA:403,2
DA:405,2
DA:408,2
DA:409,3
DA:410,3
DA:411,3
DA:413,4
DA:415,3
DA:416,3
DA:418,2
DA:419,2
DA:434,2
DA:435,2
DA:443,2
DA:444,2
DA:445,2
DA:449,2
DA:450,2
DA:454,2
DA:456,2
DA:459,2
DA:460,3
DA:461,3
DA:462,3
DA:463,3
DA:464,3
DA:466,2
DA:467,2
DA:486,3
DA:487,3
DA:497,3
DA:502,3
DA:505,3
DA:506,1
DA:508,1
DA:509,1
DA:510,1
DA:511,1
DA:512,1
DA:513,1
DA:514,1
DA:517,3
DA:520,3
DA:521,1
DA:522,1
DA:523,1
DA:524,1
DA:525,1
DA:526,1
DA:529,3
LF:164
LH:140
BRDA:55,0,0,1
BRDA:55,0,1,5
BRDA:57,1,0,1
BRDA:57,1,1,4
BRDA:57,2,0,5
BRDA:57,2,1,5
BRDA:64,3,0,2
BRDA:64,3,1,2
BRDA:65,4,0,2
BRDA:65,4,1,0
BRDA:65,5,0,1
BRDA:65,5,1,1
BRDA:68,6,0,1
BRDA:68,6,1,1
BRDA:70,7,0,1
BRDA:70,7,1,0
BRDA:74,8,0,2
BRDA:74,8,1,0
BRDA:163,9,0,0
BRDA:164,10,0,8
BRDA:164,10,1,1
BRDA:195,11,0,9
BRDA:195,11,1,0
BRDA:195,11,2,0
BRDA:195,11,3,0
BRDA:195,11,4,0
BRDA:195,11,5,1
BRDA:206,12,0,9
BRDA:206,12,1,0
BRDA:209,13,0,0
BRDA:209,13,1,0
BRDA:210,14,0,0
BRDA:210,14,1,0
BRDA:210,15,0,0
BRDA:210,15,1,0
BRDA:210,15,2,0
BRDA:223,16,0,0
BRDA:223,16,1,0
BRDA:224,17,0,0
BRDA:224,17,1,0
BRDA:227,18,0,0
BRDA:227,18,1,0
BRDA:230,19,0,9
BRDA:230,19,1,0
BRDA:271,20,0,0
BRDA:271,20,1,10
BRDA:283,21,0,2
BRDA:283,21,1,9
BRDA:283,22,0,11
BRDA:283,22,1,11
BRDA:283,22,2,9
BRDA:283,22,3,9
BRDA:287,23,0,11
BRDA:287,23,1,0
BRDA:287,24,0,0
BRDA:287,24,1,0
BRDA:290,25,0,0
BRDA:290,25,1,11
BRDA:293,26,0,0
BRDA:293,26,1,0
BRDA:302,27,0,2
BRDA:302,27,1,9
BRDA:341,28,0,0
BRDA:341,28,1,1
BRDA:343,29,0,1
BRDA:343,29,1,0
BRDA:343,30,0,1
BRDA:343,30,1,1
BRDA:344,31,0,1
BRDA:344,31,1,0
BRDA:344,32,0,1
BRDA:344,32,1,1
BRDA:345,33,0,1
BRDA:345,33,1,1
BRDA:346,34,0,0
BRDA:346,34,1,1
BRDA:346,35,0,1
BRDA:346,35,1,1
BRDA:359,36,0,1
BRDA:359,36,1,3
BRDA:359,37,0,4
BRDA:359,37,1,4
BRDA:359,37,2,3
BRDA:359,37,3,3
BRDA:360,38,0,1
BRDA:360,38,1,3
BRDA:361,39,0,1
BRDA:361,39,1,3
BRDA:409,40,0,3
BRDA:409,40,1,2
BRDA:413,41,0,3
BRDA:413,41,1,0
BRDA:413,42,0,4
BRDA:413,42,1,1
BRDA:462,43,0,1
BRDA:462,43,1,2
BRDA:513,44,0,1
BRDA:513,44,1,0
BRF:98
BRH:62
end_of_record
TN:
SF:js/config.js
FNF:0
FNH:0
DA:9,2
LF:1
LH:1
BRF:0
BRH:0
end_of_record
TN:
SF:js/deviceManager.js
FN:93,_cacheDomElements
FN:150,initDeviceManager
FN:186,(anonymous_2)
FN:197,(anonymous_3)
FN:212,(anonymous_4)
FN:217,(anonymous_5)
FN:222,(anonymous_6)
FN:227,(anonymous_7)
FN:243,(anonymous_8)
FN:248,(anonymous_9)
FN:250,(anonymous_10)
FN:254,(anonymous_11)
FN:256,(anonymous_12)
FN:260,(anonymous_13)
FN:264,(anonymous_14)
FN:272,(anonymous_15)
FN:275,(anonymous_16)
FN:278,(anonymous_17)
FN:289,(anonymous_18)
FN:292,(anonymous_19)
FN:306,(anonymous_20)
FN:309,(anonymous_21)
FN:324,(anonymous_22)
FN:327,(anonymous_23)
FN:337,(anonymous_24)
FN:340,(anonymous_25)
FN:342,(anonymous_26)
FN:350,(anonymous_27)
FN:359,(anonymous_28)
FN:379,_openDeviceManagerModal
FN:388,_closeDeviceManagerModal
FN:402,_openDeviceFormModal
FN:462,_closeDeviceFormModal
FN:471,_toggleDeviceSpecificFormFields
FN:504,_handleDeviceFormSubmit
FN:529,(anonymous_35)
FN:572,(anonymous_36)
FN:590,_requestDeleteDevice
FN:610,_renderDeviceList
FN:627,(anonymous_39)
FN:671,(anonymous_40)
FN:672,(anonymous_41)
FN:673,(anonymous_42)
FN:676,(anonymous_43)
FN:694,_openVariableManagerModal
FN:710,(anonymous_45)
FN:758,(anonymous_46)
FN:759,(anonymous_47)
FN:761,(anonymous_48)
FN:762,(anonymous_49)
FN:778,_closeVariableManagerModal
FN:792,_openVariableFormModal
FN:827,(anonymous_52)
FN:869,_closeVariableFormModal
FN:883,_handleVariableFormSubmit
FN:934,(anonymous_55)
FN:935,(anonymous_56)
FN:942,(anonymous_57)
FN:975,_deleteVariable
FN:990,(anonymous_59)
FN:1022,getDevices
FN:1032,getDeviceById
FN:1034,(anonymous_62)
FN:1049,writeDataToServer
FN:1088,updateLiveVariableValueInManagerUI
FN:1120,getAllDeviceConfigsForExport
FN:1142,clearAllClientDevices
FN:1144,(anonymous_67)
FN:1146,(anonymous_68)
FN:1169,clearLocalDeviceCacheAndState
FN:1171,(anonymous_70)
FN:1202,initializeDevicesFromConfigs
FN:1216,(anonymous_72)
FNF:73
FNH:36
FNDA:18,_cacheDomElements
FNDA:19,initDeviceManager
FNDA:1,(anonymous_2)
FNDA:0,(anonymous_3)
FNDA:0,(anonymous_4)
FNDA:0,(anonymous_5)
FNDA:0,(anonymous_6)
FNDA:0,(anonymous_7)
FNDA:0,(anonymous_8)
FNDA:0,(anonymous_9)
FNDA:0,(anonymous_10)
FNDA:0,(anonymous_11)
FNDA:0,(anonymous_12)
FNDA:4,(anonymous_13)
FNDA:5,(anonymous_14)
FNDA:1,(anonymous_15)
FNDA:0,(anonymous_16)
FNDA:0,(anonymous_17)
FNDA:1,(anonymous_18)
FNDA:1,(anonymous_19)
FNDA:1,(anonymous_20)
FNDA:1,(anonymous_21)
FNDA:0,(anonymous_22)
FNDA:0,(anonymous_23)
FNDA:0,(anonymous_24)
FNDA:0,(anonymous_25)
FNDA:0,(anonymous_26)
FNDA:1,(anonymous_27)
FNDA:0,(anonymous_28)
FNDA:0,_openDeviceManagerModal
FNDA:0,_closeDeviceManagerModal
FNDA:2,_openDeviceFormModal
FNDA:2,_closeDeviceFormModal
FNDA:2,_toggleDeviceSpecificFormFields
FNDA:4,_handleDeviceFormSubmit
FNDA:1,(anonymous_35)
FNDA:1,(anonymous_36)
FNDA:3,_requestDeleteDevice
FNDA:26,_renderDeviceList
FNDA:7,(anonymous_39)
FNDA:0,(anonymous_40)
FNDA:1,(anonymous_41)
FNDA:1,(anonymous_42)
FNDA:0,(anonymous_43)
FNDA:1,_openVariableManagerModal
FNDA:1,(anonymous_45)
FNDA:1,(anonymous_46)
FNDA:0,(anonymous_47)
FNDA:1,(anonymous_48)
FNDA:0,(anonymous_49)
FNDA:1,_closeVariableManagerModal
FNDA:0,_openVariableFormModal
FNDA:0,(anonymous_52)
FNDA:0,_closeVariableFormModal
FNDA:0,_handleVariableFormSubmit
FNDA:0,(anonymous_55)
FNDA:0,(anonymous_56)
FNDA:0,(anonymous_57)
FNDA:0,_deleteVariable
FNDA:0,(anonymous_59)
FNDA:29,getDevices
FNDA:3,getDeviceById
FNDA:2,(anonymous_62)
FNDA:0,writeDataToServer
FNDA:0,updateLiveVariableValueInManagerUI
FNDA:1,getAllDeviceConfigsForExport
FNDA:2,clearAllClientDevices
FNDA:3,(anonymous_67)
FNDA:3,(anonymous_68)
FNDA:0,clearLocalDeviceCacheAndState
FNDA:0,(anonymous_70)
FNDA:1,initializeDevicesFromConfigs
FNDA:2,(anonymous_72)
DA:34,1
DA:41,1
DA:58,1
DA:65,1
DA:73,1
DA:94,18
DA:95,18
DA:96,18
DA:97,18
DA:99,18
DA:100,18
DA:101,18
DA:102,18
DA:103,18
DA:104,18
DA:105,18
DA:107,18
DA:108,18
DA:109,18
DA:111,18
DA:112,18
DA:113,18
DA:114,18
DA:115,18
DA:116,18
DA:118,18
DA:119,18
DA:120,18
DA:121,18
DA:122,18
DA:123,18
DA:124,18
DA:125,18
DA:126,18
DA:127,18
DA:128,18
DA:129,18
DA:130,18
DA:131,18
DA:132,18
DA:133,18
DA:134,18
DA:135,18
DA:136,18
DA:137,18
DA:138,18
DA:151,19
DA:152,1
DA:153,1
DA:154,1
DA:155,1
DA:156,1
DA:159,1
DA:161,18
DA:162,18
DA:164,18
DA:167,18
DA:168,1
DA:169,1
DA:170,1
DA:171,1
DA:172,1
DA:173,1
DA:175,1
DA:180,17
DA:181,17
DA:182,0
DA:185,17
DA:186,17
DA:189,17
DA:190,17
DA:191,17
DA:194,17
DA:195,17
DA:196,17
DA:197,17
DA:198,0
DA:199,0
DA:200,0
DA:202,0
DA:203,0
DA:209,17
DA:210,17
DA:211,17
DA:212,17
DA:213,0
DA:216,17
DA:217,17
DA:218,0
DA:221,17
DA:222,17
DA:223,0
DA:224,0
DA:225,0
DA:226,0
DA:228,0
DA:229,0
DA:230,0
DA:233,0
DA:235,0
DA:243,17
DA:244,0
DA:245,0
DA:248,17
DA:249,0
DA:250,0
DA:251,0
DA:254,17
DA:255,0
DA:256,0
DA:257,0
DA:260,17
DA:261,4
DA:262,4
DA:264,5
DA:266,0
DA:267,0
DA:269,4
DA:272,17
DA:273,1
DA:274,1
DA:275,1
DA:276,1
DA:278,0
DA:280,1
DA:281,1
DA:282,1
DA:285,0
DA:289,17
DA:290,1
DA:291,1
DA:292,1
DA:293,1
DA:294,1
DA:295,1
DA:298,1
DA:299,1
DA:302,0
DA:306,17
DA:307,1
DA:308,1
DA:309,1
DA:310,1
DA:311,1
DA:312,1
DA:313,1
DA:316,1
DA:317,1
DA:320,0
DA:324,17
DA:326,0
DA:327,0
DA:328,0
DA:329,0
DA:330,0
DA:333,0
DA:337,17
DA:339,0
DA:340,0
DA:341,0
DA:342,0
DA:343,0
DA:346,0
DA:350,17
DA:352,1
DA:353,1
DA:355,0
DA:359,17
DA:360,0
DA:361,0
DA:363,0
DA:364,0
DA:367,0
DA:371,17
DA:372,17
DA:380,0
DA:381,0
DA:389,0
DA:390,0
DA:403,2
DA:404,2
DA:405,0
DA:406,0
DA:408,2
DA:411,2
DA:412,2
DA:413,2
DA:414,2
DA:415,2
DA:418,2
DA:419,1
DA:420,1
DA:421,1
DA:422,1
DA:423,1
DA:426,1
DA:428,1
DA:429,1
DA:430,1
DA:431,1
DA:432,1
DA:433,1
DA:435,1
DA:437,0
DA:438,0
DA:439,0
DA:440,0
DA:442,0
DA:443,0
DA:444,0
DA:445,0
DA:449,1
DA:450,1
DA:451,1
DA:454,2
DA:455,2
DA:463,2
DA:464,0
DA:472,2
DA:473,0
DA:474,0
DA:476,2
DA:478,2
DA:481,2
DA:482,2
DA:484,2
DA:485,2
DA:488,2
DA:489,0
DA:490,0
DA:491,0
DA:505,4
DA:506,4
DA:507,0
DA:508,0
DA:511,4
DA:512,4
DA:513,4
DA:514,4
DA:516,4
DA:517,1
DA:518,1
DA:522,3
DA:524,3
DA:529,1
DA:532,3
DA:533,1
DA:535,2
DA:541,3
DA:543,2
DA:544,2
DA:545,2
DA:546,2
DA:547,2
DA:548,2
DA:549,2
DA:551,0
DA:552,0
DA:553,0
DA:554,0
DA:556,0
DA:557,0
DA:558,0
DA:559,0
DA:562,1
DA:564,0
DA:567,3
DA:568,1
DA:569,1
DA:572,2
DA:573,1
DA:574,1
DA:575,1
DA:577,1
DA:578,1
DA:580,2
DA:592,3
DA:593,3
DA:594,3
DA:596,0
DA:597,0
DA:611,26
DA:612,0
DA:613,0
DA:616,26
DA:617,26
DA:619,26
DA:620,20
DA:621,20
DA:622,20
DA:623,20
DA:624,20
DA:627,6
DA:628,7
DA:629,0
DA:630,0
DA:633,7
DA:636,7
DA:637,0
DA:638,0
DA:639,7
DA:640,0
DA:641,0
DA:643,7
DA:644,7
DA:647,7
DA:648,7
DA:649,5
DA:650,5
DA:652,7
DA:653,7
DA:654,7
DA:668,7
DA:671,7
DA:672,7
DA:673,1
DA:674,1
DA:676,7
DA:677,0
DA:678,0
DA:695,1
DA:696,0
DA:697,0
DA:699,1
DA:700,1
DA:701,0
DA:702,0
DA:705,1
DA:706,1
DA:707,1
DA:709,1
DA:710,1
DA:711,1
DA:712,1
DA:714,1
DA:715,1
DA:716,1
DA:718,1
DA:719,1
DA:720,1
DA:721,1
DA:722,0
DA:724,1
DA:725,1
DA:726,0
DA:728,1
DA:729,0
DA:732,1
DA:735,1
DA:736,1
DA:737,1
DA:738,1
DA:739,1
DA:740,1
DA:741,0
DA:742,0
DA:743,0
DA:744,0
DA:745,1
DA:746,0
DA:747,1
DA:749,1
DA:750,1
DA:751,1
DA:758,1
DA:759,1
DA:761,1
DA:762,1
DA:765,0
DA:766,0
DA:768,0
DA:771,1
DA:779,1
DA:780,0
DA:793,0
DA:797,0
DA:798,0
DA:800,0
DA:801,0
DA:803,0
DA:804,0
DA:805,0
DA:806,0
DA:807,0
DA:811,0
DA:812,0
DA:814,0
DA:815,0
DA:816,0
DA:817,0
DA:819,0
DA:820,0
DA:821,0
DA:825,0
DA:826,0
DA:827,0
DA:828,0
DA:829,0
DA:830,0
DA:831,0
DA:832,0
DA:834,0
DA:835,0
DA:836,0
DA:837,0
DA:838,0
DA:839,0
DA:841,0
DA:842,0
DA:843,0
DA:844,0
DA:845,0
DA:848,0
DA:849,0
DA:850,0
DA:853,0
DA:854,0
DA:856,0
DA:857,0
DA:860,0
DA:861,0
DA:870,0
DA:871,0
DA:884,0
DA:885,0
DA:886,0
DA:887,0
DA:890,0
DA:891,0
DA:892,0
DA:894,0
DA:895,0
DA:896,0
DA:897,0
DA:900,0
DA:901,0
DA:902,0
DA:903,0
DA:907,0
DA:908,0
DA:909,0
DA:912,0
DA:919,0
DA:920,0
DA:921,0
DA:922,0
DA:923,0
DA:924,0
DA:925,0
DA:926,0
DA:927,0
DA:931,0
DA:934,0
DA:935,0
DA:936,0
DA:937,0
DA:938,0
DA:941,0
DA:942,0
DA:943,0
DA:944,0
DA:946,0
DA:947,0
DA:948,0
DA:951,0
DA:954,0
DA:955,0
DA:956,0
DA:957,0
DA:961,0
DA:978,0
DA:979,0
DA:980,0
DA:981,0
DA:983,0
DA:984,0
DA:985,0
DA:988,0
DA:989,0
DA:990,0
DA:992,0
DA:993,0
DA:994,0
DA:995,0
DA:999,0
DA:1003,0
DA:1004,0
DA:1007,0
DA:1008,0
DA:1023,29
DA:1033,3
DA:1034,3
DA:1050,0
DA:1051,0
DA:1052,0
DA:1053,0
DA:1056,0
DA:1057,0
DA:1058,0
DA:1059,0
DA:1060,0
DA:1063,0
DA:1064,0
DA:1065,0
DA:1070,0
DA:1073,0
DA:1074,0
DA:1089,0
DA:1091,0
DA:1094,0
DA:1095,0
DA:1096,0
DA:1097,0
DA:1098,0
DA:1099,0
DA:1100,0
DA:1101,0
DA:1102,0
DA:1103,0
DA:1104,0
DA:1106,0
DA:1121,1
DA:1123,1
DA:1125,0
DA:1128,0
DA:1143,2
DA:1144,3
DA:1146,2
DA:1147,3
DA:1148,3
DA:1150,3
DA:1153,2
DA:1154,2
DA:1156,0
DA:1158,2
DA:1170,0
DA:1171,0
DA:1172,0
DA:1173,0
DA:1176,0
DA:1177,0
DA:1181,0
DA:1203,1
DA:1206,1
DA:1214,1
DA:1215,1
DA:1216,1
DA:1217,2
DA:1218,0
DA:1219,0
DA:1221,2
DA:1222,0
DA:1223,0
DA:1225,2
DA:1226,2
DA:1229,0
DA:1231,1
DA:1233,0
DA:1234,0
DA:1235,0
DA:1236,0
LF:561
LH:290
BRDA:151,0,0,1
BRDA:151,0,1,18
BRDA:151,1,0,19
BRDA:151,1,1,18
BRDA:151,1,2,18
BRDA:154,2,0,1
BRDA:154,2,1,0
BRDA:167,3,0,1
BRDA:167,3,1,17
BRDA:167,4,0,18
BRDA:167,4,1,17
BRDA:167,4,2,17
BRDA:167,4,3,17
BRDA:167,4,4,17
BRDA:167,4,5,17
BRDA:170,5,0,1
BRDA:170,5,1,0
BRDA:181,6,0,17
BRDA:181,6,1,0
BRDA:185,7,0,17
BRDA:185,7,1,0
BRDA:186,8,0,17
BRDA:186,8,1,0
BRDA:189,9,0,17
BRDA:189,9,1,0
BRDA:190,10,0,17
BRDA:190,10,1,0
BRDA:191,11,0,17
BRDA:191,11,1,0
BRDA:194,12,0,17
BRDA:194,12,1,0
BRDA:195,13,0,17
BRDA:195,13,1,0
BRDA:196,14,0,17
BRDA:196,14,1,0
BRDA:199,15,0,0
BRDA:199,15,1,0
BRDA:209,16,0,17
BRDA:209,16,1,0
BRDA:210,17,0,17
BRDA:210,17,1,0
BRDA:211,18,0,17
BRDA:211,18,1,0
BRDA:213,19,0,0
BRDA:213,19,1,0
BRDA:213,20,0,0
BRDA:213,20,1,0
BRDA:216,21,0,17
BRDA:216,21,1,0
BRDA:218,22,0,0
BRDA:218,22,1,0
BRDA:218,23,0,0
BRDA:218,23,1,0
BRDA:221,24,0,17
BRDA:221,24,1,0
BRDA:225,25,0,0
BRDA:225,25,1,0
BRDA:228,26,0,0
BRDA:228,26,1,0
BRDA:229,27,0,0
BRDA:229,27,1,0
BRDA:262,28,0,4
BRDA:262,28,1,0
BRDA:264,29,0,5
BRDA:264,29,1,5
BRDA:274,30,0,1
BRDA:274,30,1,0
BRDA:274,31,0,1
BRDA:274,31,1,1
BRDA:275,32,0,1
BRDA:275,32,1,0
BRDA:278,33,0,0
BRDA:278,33,1,0
BRDA:281,34,0,1
BRDA:281,34,1,0
BRDA:281,35,0,1
BRDA:281,35,1,1
BRDA:281,35,2,1
BRDA:291,36,0,1
BRDA:291,36,1,0
BRDA:291,37,0,1
BRDA:291,37,1,1
BRDA:292,38,0,1
BRDA:292,38,1,0
BRDA:294,39,0,1
BRDA:294,39,1,0
BRDA:294,40,0,1
BRDA:294,40,1,1
BRDA:294,40,2,1
BRDA:298,41,0,1
BRDA:298,41,1,0
BRDA:298,42,0,1
BRDA:298,42,1,1
BRDA:298,42,2,1
BRDA:308,43,0,1
BRDA:308,43,1,0
BRDA:312,44,0,1
BRDA:312,44,1,0
BRDA:312,45,0,1
BRDA:312,45,1,1
BRDA:312,45,2,1
BRDA:316,46,0,1
BRDA:316,46,1,0
BRDA:316,47,0,1
BRDA:316,47,1,1
BRDA:316,47,2,1
BRDA:326,48,0,0
BRDA:326,48,1,0
BRDA:326,49,0,0
BRDA:326,49,1,0
BRDA:328,50,0,0
BRDA:328,50,1,0
BRDA:339,51,0,0
BRDA:339,51,1,0
BRDA:341,52,0,0
BRDA:341,52,1,0
BRDA:341,53,0,0
BRDA:341,53,1,0
BRDA:343,54,0,0
BRDA:343,54,1,0
BRDA:352,55,0,1
BRDA:352,55,1,0
BRDA:352,56,0,1
BRDA:352,56,1,1
BRDA:352,56,2,1
BRDA:352,56,3,1
BRDA:361,57,0,0
BRDA:361,57,1,0
BRDA:361,58,0,0
BRDA:361,58,1,0
BRDA:363,59,0,0
BRDA:363,59,1,0
BRDA:363,60,0,0
BRDA:363,60,1,0
BRDA:380,61,0,0
BRDA:380,61,1,0
BRDA:389,62,0,0
BRDA:389,62,1,0
BRDA:402,63,0,1
BRDA:404,64,0,0
BRDA:404,64,1,2
BRDA:404,65,0,2
BRDA:404,65,1,2
BRDA:404,65,2,2
BRDA:404,65,3,2
BRDA:404,65,4,2
BRDA:404,65,5,2
BRDA:411,66,0,2
BRDA:411,66,1,0
BRDA:413,67,0,0
BRDA:413,67,1,2
BRDA:414,68,0,2
BRDA:414,68,1,0
BRDA:415,69,0,2
BRDA:415,69,1,0
BRDA:418,70,0,1
BRDA:418,70,1,1
BRDA:418,71,0,2
BRDA:418,71,1,1
BRDA:418,71,2,1
BRDA:419,72,0,1
BRDA:419,72,1,0
BRDA:422,73,0,1
BRDA:422,73,1,0
BRDA:423,74,0,1
BRDA:423,74,1,0
BRDA:426,75,0,1
BRDA:426,75,1,0
BRDA:426,75,2,0
BRDA:428,76,0,1
BRDA:428,76,1,0
BRDA:428,77,0,1
BRDA:428,77,1,0
BRDA:429,78,0,1
BRDA:429,78,1,0
BRDA:429,79,0,1
BRDA:429,79,1,0
BRDA:430,80,0,1
BRDA:430,80,1,0
BRDA:430,81,0,1
BRDA:430,81,1,0
BRDA:431,82,0,1
BRDA:431,82,1,0
BRDA:431,83,0,1
BRDA:431,83,1,1
BRDA:432,84,0,1
BRDA:432,84,1,0
BRDA:432,85,0,1
BRDA:432,85,1,1
BRDA:433,86,0,1
BRDA:433,86,1,0
BRDA:433,87,0,1
BRDA:433,87,1,1
BRDA:437,88,0,0
BRDA:437,88,1,0
BRDA:437,89,0,0
BRDA:437,89,1,0
BRDA:438,90,0,0
BRDA:438,90,1,0
BRDA:438,91,0,0
BRDA:438,91,1,0
BRDA:439,92,0,0
BRDA:439,92,1,0
BRDA:439,93,0,0
BRDA:439,93,1,0
BRDA:442,94,0,0
BRDA:442,94,1,0
BRDA:442,95,0,0
BRDA:442,95,1,0
BRDA:443,96,0,0
BRDA:443,96,1,0
BRDA:443,97,0,0
BRDA:443,97,1,0
BRDA:444,98,0,0
BRDA:444,98,1,0
BRDA:444,99,0,0
BRDA:444,99,1,0
BRDA:463,100,0,2
BRDA:463,100,1,0
BRDA:472,101,0,0
BRDA:472,101,1,2
BRDA:478,102,0,2
BRDA:478,102,1,0
BRDA:478,103,0,2
BRDA:478,103,1,0
BRDA:482,104,0,0
BRDA:482,104,1,2
BRDA:484,105,0,2
BRDA:484,105,1,0
BRDA:484,106,0,0
BRDA:484,106,1,2
BRDA:485,107,0,2
BRDA:485,107,1,0
BRDA:485,108,0,0
BRDA:485,108,1,2
BRDA:488,109,0,0
BRDA:488,109,1,2
BRDA:488,110,0,2
BRDA:488,110,1,2
BRDA:488,110,2,0
BRDA:488,110,3,0
BRDA:489,111,0,0
BRDA:489,111,1,0
BRDA:490,112,0,0
BRDA:490,112,1,0
BRDA:491,113,0,0
BRDA:491,113,1,0
BRDA:506,114,0,0
BRDA:506,114,1,4
BRDA:506,115,0,4
BRDA:506,115,1,4
BRDA:506,115,2,4
BRDA:506,115,3,4
BRDA:516,116,0,1
BRDA:516,116,1,3
BRDA:516,117,0,4
BRDA:516,117,1,3
BRDA:529,118,0,1
BRDA:529,118,1,2
BRDA:529,119,0,3
BRDA:529,119,1,1
BRDA:529,120,0,1
BRDA:529,120,1,0
BRDA:532,121,0,1
BRDA:532,121,1,2
BRDA:535,122,0,2
BRDA:535,122,1,1
BRDA:541,123,0,2
BRDA:541,123,1,0
BRDA:541,123,2,0
BRDA:541,123,3,1
BRDA:541,123,4,0
BRDA:543,124,0,2
BRDA:543,124,1,0
BRDA:544,125,0,2
BRDA:544,125,1,0
BRDA:545,126,0,2
BRDA:545,126,1,0
BRDA:546,127,0,2
BRDA:546,127,1,2
BRDA:547,128,0,2
BRDA:547,128,1,2
BRDA:548,129,0,2
BRDA:548,129,1,2
BRDA:551,130,0,0
BRDA:551,130,1,0
BRDA:552,131,0,0
BRDA:552,131,1,0
BRDA:553,132,0,0
BRDA:553,132,1,0
BRDA:556,133,0,0
BRDA:556,133,1,0
BRDA:557,134,0,0
BRDA:557,134,1,0
BRDA:558,135,0,0
BRDA:558,135,1,0
BRDA:567,136,0,1
BRDA:567,136,1,2
BRDA:572,137,0,1
BRDA:572,137,1,1
BRDA:574,138,0,1
BRDA:574,138,1,0
BRDA:574,139,0,1
BRDA:574,139,1,1
BRDA:592,140,0,3
BRDA:592,140,1,0
BRDA:592,141,0,3
BRDA:592,141,1,3
BRDA:611,142,0,0
BRDA:611,142,1,26
BRDA:617,143,0,26
BRDA:617,143,1,26
BRDA:619,144,0,20
BRDA:619,144,1,6
BRDA:619,145,0,26
BRDA:619,145,1,26
BRDA:621,146,0,0
BRDA:621,146,1,20
BRDA:621,147,0,20
BRDA:621,147,1,0
BRDA:622,148,0,0
BRDA:622,148,1,20
BRDA:628,149,0,0
BRDA:628,149,1,7
BRDA:628,150,0,7
BRDA:628,150,1,7
BRDA:628,150,2,7
BRDA:633,151,0,7
BRDA:633,151,1,7
BRDA:636,152,0,0
BRDA:636,152,1,7
BRDA:639,153,0,0
BRDA:639,153,1,7
BRDA:648,154,0,2
BRDA:648,154,1,5
BRDA:648,155,0,7
BRDA:648,155,1,3
BRDA:648,156,0,2
BRDA:648,156,1,1
BRDA:649,157,0,0
BRDA:649,157,1,5
BRDA:649,158,0,5
BRDA:649,158,1,0
BRDA:649,159,0,0
BRDA:649,159,1,0
BRDA:649,160,0,0
BRDA:649,160,1,0
BRDA:650,161,0,0
BRDA:650,161,1,5
BRDA:650,162,0,5
BRDA:650,162,1,0
BRDA:650,163,0,0
BRDA:650,163,1,0
BRDA:658,164,0,7
BRDA:658,164,1,0
BRDA:659,165,0,7
BRDA:659,165,1,4
BRDA:674,166,0,1
BRDA:674,166,1,0
BRDA:677,167,0,0
BRDA:677,167,1,0
BRDA:677,168,0,0
BRDA:677,168,1,0
BRDA:695,169,0,0
BRDA:695,169,1,1
BRDA:695,170,0,1
BRDA:695,170,1,1
BRDA:695,170,2,1
BRDA:700,171,0,0
BRDA:700,171,1,1
BRDA:705,172,0,1
BRDA:705,172,1,0
BRDA:709,173,0,1
BRDA:709,173,1,0
BRDA:709,174,0,1
BRDA:709,174,1,1
BRDA:716,175,0,1
BRDA:716,175,1,0
BRDA:720,176,0,1
BRDA:720,176,1,1
BRDA:721,177,0,0
BRDA:721,177,1,1
BRDA:724,178,0,1
BRDA:724,178,1,0
BRDA:725,179,0,0
BRDA:725,179,1,1
BRDA:725,180,0,1
BRDA:725,180,1,0
BRDA:726,181,0,0
BRDA:726,181,1,0
BRDA:726,182,0,0
BRDA:726,182,1,0
BRDA:728,183,0,0
BRDA:728,183,1,1
BRDA:728,184,0,1
BRDA:728,184,1,0
BRDA:729,185,0,0
BRDA:729,185,1,0
BRDA:729,186,0,0
BRDA:729,186,1,0
BRDA:740,187,0,0
BRDA:740,187,1,1
BRDA:740,188,0,1
BRDA:740,188,1,0
BRDA:743,189,0,0
BRDA:743,189,1,0
BRDA:745,190,0,1
BRDA:745,190,1,0
BRDA:746,191,0,0
BRDA:746,191,1,0
BRDA:746,192,0,0
BRDA:746,192,1,0
BRDA:752,193,0,1
BRDA:752,193,1,0
BRDA:753,194,0,1
BRDA:753,194,1,0
BRDA:765,195,0,0
BRDA:765,195,1,0
BRDA:765,196,0,0
BRDA:765,196,1,0
BRDA:779,197,0,1
BRDA:779,197,1,0
BRDA:792,198,0,0
BRDA:793,199,0,0
BRDA:793,199,1,0
BRDA:793,200,0,0
BRDA:793,200,1,0
BRDA:793,200,2,0
BRDA:793,200,3,0
BRDA:793,200,4,0
BRDA:793,200,5,0
BRDA:793,200,6,0
BRDA:793,200,7,0
BRDA:793,200,8,0
BRDA:793,200,9,0
BRDA:793,200,10,0
BRDA:793,200,11,0
BRDA:793,200,12,0
BRDA:793,200,13,0
BRDA:793,200,14,0
BRDA:793,200,15,0
BRDA:793,200,16,0
BRDA:793,200,17,0
BRDA:804,201,0,0
BRDA:804,201,1,0
BRDA:814,202,0,0
BRDA:814,202,1,0
BRDA:815,203,0,0
BRDA:815,203,1,0
BRDA:816,204,0,0
BRDA:816,204,1,0
BRDA:817,205,0,0
BRDA:817,205,1,0
BRDA:819,206,0,0
BRDA:819,206,1,0
BRDA:820,207,0,0
BRDA:820,207,1,0
BRDA:821,208,0,0
BRDA:821,208,1,0
BRDA:825,209,0,0
BRDA:825,209,1,0
BRDA:828,210,0,0
BRDA:828,210,1,0
BRDA:830,211,0,0
BRDA:830,211,1,0
BRDA:831,212,0,0
BRDA:831,212,1,0
BRDA:832,213,0,0
BRDA:832,213,1,0
BRDA:834,214,0,0
BRDA:834,214,1,0
BRDA:835,215,0,0
BRDA:835,215,1,0
BRDA:836,216,0,0
BRDA:836,216,1,0
BRDA:837,217,0,0
BRDA:837,217,1,0
BRDA:838,218,0,0
BRDA:838,218,1,0
BRDA:839,219,0,0
BRDA:839,219,1,0
BRDA:841,220,0,0
BRDA:841,220,1,0
BRDA:842,221,0,0
BRDA:842,221,1,0
BRDA:843,222,0,0
BRDA:843,222,1,0
BRDA:844,223,0,0
BRDA:844,223,1,0
BRDA:845,224,0,0
BRDA:845,224,1,0
BRDA:856,225,0,0
BRDA:856,225,1,0
BRDA:857,226,0,0
BRDA:857,226,1,0
BRDA:861,227,0,0
BRDA:861,227,1,0
BRDA:870,228,0,0
BRDA:870,228,1,0
BRDA:885,229,0,0
BRDA:885,229,1,0
BRDA:885,230,0,0
BRDA:885,230,1,0
BRDA:885,230,2,0
BRDA:885,230,3,0
BRDA:894,231,0,0
BRDA:894,231,1,0
BRDA:896,232,0,0
BRDA:896,232,1,0
BRDA:901,233,0,0
BRDA:901,233,1,0
BRDA:907,234,0,0
BRDA:907,234,1,0
BRDA:907,235,0,0
BRDA:907,235,1,0
BRDA:913,236,0,0
BRDA:913,236,1,0
BRDA:915,237,0,0
BRDA:915,237,1,0
BRDA:919,238,0,0
BRDA:919,238,1,0
BRDA:923,239,0,0
BRDA:923,239,1,0
BRDA:926,240,0,0
BRDA:926,240,1,0
BRDA:931,241,0,0
BRDA:931,241,1,0
BRDA:935,242,0,0
BRDA:935,242,1,0
BRDA:937,243,0,0
BRDA:937,243,1,0
BRDA:941,244,0,0
BRDA:941,244,1,0
BRDA:943,245,0,0
BRDA:943,245,1,0
BRDA:954,246,0,0
BRDA:954,246,1,0
BRDA:979,247,0,0
BRDA:979,247,1,0
BRDA:983,248,0,0
BRDA:983,248,1,0
BRDA:983,249,0,0
BRDA:983,249,1,0
BRDA:988,250,0,0
BRDA:988,250,1,0
BRDA:992,251,0,0
BRDA:992,251,1,0
BRDA:993,252,0,0
BRDA:993,252,1,0
BRDA:993,253,0,0
BRDA:993,253,1,0
BRDA:1033,254,0,0
BRDA:1033,254,1,3
BRDA:1034,255,0,3
BRDA:1034,255,1,1
BRDA:1050,256,0,0
BRDA:1050,256,1,0
BRDA:1050,257,0,0
BRDA:1050,257,1,0
BRDA:1057,258,0,0
BRDA:1057,258,1,0
BRDA:1064,259,0,0
BRDA:1064,259,1,0
BRDA:1089,260,0,0
BRDA:1089,260,1,0
BRDA:1089,261,0,0
BRDA:1089,261,1,0
BRDA:1089,261,2,0
BRDA:1089,261,3,0
BRDA:1094,262,0,0
BRDA:1094,262,1,0
BRDA:1096,263,0,0
BRDA:1096,263,1,0
BRDA:1096,264,0,0
BRDA:1096,264,1,0
BRDA:1099,265,0,0
BRDA:1099,265,1,0
BRDA:1101,266,0,0
BRDA:1101,266,1,0
BRDA:1103,267,0,0
BRDA:1103,267,1,0
BRDA:1104,268,0,0
BRDA:1104,268,1,0
BRDA:1128,269,0,0
BRDA:1128,269,1,0
BRDA:1143,270,0,2
BRDA:1143,270,1,0
BRDA:1143,271,0,2
BRDA:1143,271,1,2
BRDA:1147,272,0,3
BRDA:1147,272,1,0
BRDA:1170,273,0,0
BRDA:1170,273,1,0
BRDA:1170,274,0,0
BRDA:1170,274,1,0
BRDA:1172,275,0,0
BRDA:1172,275,1,0
BRDA:1214,276,0,1
BRDA:1214,276,1,0
BRDA:1214,277,0,1
BRDA:1214,277,1,1
BRDA:1215,278,0,1
BRDA:1215,278,1,0
BRDA:1217,279,0,0
BRDA:1217,279,1,2
BRDA:1217,280,0,2
BRDA:1217,280,1,2
BRDA:1221,281,0,0
BRDA:1221,281,1,2
BRF:609
BRH:224
end_of_record
TN:
SF:js/konvaManager.js
FN:190,initKonvaManager
FN:270,(anonymous_1)
FN:303,drawGrid
FN:347,getDragStartPositions
FN:358,setDragStartPositions
FN:365,clearDragStartPositions
FN:380,getLineGuideStops
FN:386,(anonymous_7)
FN:420,getObjectSnappingEdges
FN:451,drawGuides
FN:456,(anonymous_10)
FN:480,handleDragMove
FN:536,(anonymous_12)
FN:550,(anonymous_13)
FN:582,(anonymous_14)
FN:606,setupEventListeners
FN:613,(anonymous_16)
FN:623,(anonymous_17)
FN:630,(anonymous_18)
FN:654,(anonymous_19)
FN:672,(anonymous_20)
FN:687,(anonymous_21)
FN:695,(anonymous_22)
FN:708,(anonymous_23)
FN:748,handleContextMenuCloseForSaveState
FN:789,getLayer
FN:798,getTransformer
FN:807,getGuideLayer
FN:816,getStage
FN:830,getHmiLayoutAsJson
FN:839,(anonymous_30)
FN:878,clearCanvas
FN:884,(anonymous_32)
FN:895,_setLayerForTesting
FN:898,_setTrForTesting
FNF:35
FNH:17
FNDA:20,initKonvaManager
FNDA:1,(anonymous_1)
FNDA:36,drawGrid
FNDA:0,getDragStartPositions
FNDA:0,setDragStartPositions
FNDA:0,clearDragStartPositions
FNDA:0,getLineGuideStops
FNDA:0,(anonymous_7)
FNDA:0,getObjectSnappingEdges
FNDA:0,drawGuides
FNDA:0,(anonymous_10)
FNDA:0,handleDragMove
FNDA:0,(anonymous_12)
FNDA:0,(anonymous_13)
FNDA:0,(anonymous_14)
FNDA:19,setupEventListeners
FNDA:8,(anonymous_16)
FNDA:8,(anonymous_17)
FNDA:0,(anonymous_18)
FNDA:3,(anonymous_19)
FNDA:1,(anonymous_20)
FNDA:1,(anonymous_21)
FNDA:2,(anonymous_22)
FNDA:0,(anonymous_23)
FNDA:3,handleContextMenuCloseForSaveState
FNDA:0,getLayer
FNDA:0,getTransformer
FNDA:0,getGuideLayer
FNDA:0,getStage
FNDA:3,getHmiLayoutAsJson
FNDA:3,(anonymous_30)
FNDA:3,clearCanvas
FNDA:2,(anonymous_32)
FNDA:4,_setLayerForTesting
FNDA:2,_setTrForTesting
DA:35,1
DA:41,1
DA:47,1
DA:53,1
DA:59,1
DA:67,1
DA:74,1
DA:80,1
DA:89,1
DA:98,1
DA:107,1
DA:114,1
DA:121,1
DA:128,1
DA:138,1
DA:146,1
DA:154,1
DA:161,1
DA:201,20
DA:202,20
DA:204,20
DA:205,1
DA:207,1
DA:209,19
DA:210,0
DA:214,19
DA:215,19
DA:216,19
DA:217,19
DA:240,19
DA:242,19
DA:248,19
DA:249,19
DA:250,19
DA:251,19
DA:253,19
DA:255,19
DA:260,19
DA:263,19
DA:264,19
DA:265,19
DA:266,19
DA:267,19
DA:270,19
DA:271,1
DA:272,1
DA:273,1
DA:274,1
DA:277,19
DA:279,19
DA:281,19
DA:304,36
DA:305,0
DA:306,0
DA:308,36
DA:309,36
DA:310,36
DA:312,36
DA:313,36
DA:314,36
DA:316,36
DA:317,816
DA:327,36
DA:328,616
DA:348,0
DA:359,0
DA:366,0
DA:381,0
DA:383,0
DA:384,0
DA:386,0
DA:387,0
DA:388,0
DA:389,0
DA:390,0
DA:391,0
DA:392,0
DA:393,0
DA:394,0
DA:397,0
DA:421,0
DA:422,0
DA:423,0
DA:425,0
DA:426,0
DA:427,0
DA:430,0
DA:452,0
DA:453,0
DA:454,0
DA:456,0
DA:457,0
DA:481,0
DA:482,0
DA:483,0
DA:486,0
DA:487,0
DA:488,0
DA:489,0
DA:492,0
DA:493,0
DA:494,0
DA:496,0
DA:497,0
DA:498,0
DA:501,0
DA:507,0
DA:508,0
DA:509,0
DA:511,0
DA:516,0
DA:520,0
DA:522,0
DA:524,0
DA:525,0
DA:528,0
DA:530,0
DA:532,0
DA:533,0
DA:536,0
DA:537,0
DA:538,0
DA:539,0
DA:540,0
DA:541,0
DA:542,0
DA:543,0
DA:544,0
DA:550,0
DA:551,0
DA:552,0
DA:553,0
DA:554,0
DA:555,0
DA:556,0
DA:557,0
DA:558,0
DA:563,0
DA:566,0
DA:567,0
DA:568,0
DA:570,0
DA:571,0
DA:576,0
DA:582,0
DA:583,0
DA:584,0
DA:585,0
DA:586,0
DA:607,19
DA:608,0
DA:609,0
DA:613,19
DA:614,8
DA:616,8
DA:617,8
DA:618,0
DA:620,8
DA:623,19
DA:624,8
DA:625,8
DA:630,19
DA:631,0
DA:633,0
DA:634,0
DA:637,0
DA:639,0
DA:640,0
DA:641,0
DA:643,0
DA:647,0
DA:654,19
DA:656,3
DA:657,0
DA:659,3
DA:660,3
DA:661,3
DA:662,3
DA:663,3
DA:664,3
DA:669,3
DA:672,19
DA:673,1
DA:674,1
DA:675,1
DA:676,1
DA:677,1
DA:678,1
DA:687,19
DA:688,1
DA:689,1
DA:690,1
DA:692,1
DA:693,1
DA:694,1
DA:695,1
DA:696,2
DA:698,1
DA:699,1
DA:702,1
DA:703,1
DA:708,19
DA:709,0
DA:710,0
DA:711,0
DA:712,0
DA:715,0
DA:718,0
DA:719,0
DA:720,0
DA:723,0
DA:724,0
DA:727,0
DA:728,0
DA:729,0
DA:730,0
DA:732,0
DA:733,0
DA:762,3
DA:763,0
DA:764,0
DA:767,3
DA:768,3
DA:769,3
DA:771,3
DA:772,2
DA:790,0
DA:799,0
DA:808,0
DA:817,0
DA:831,3
DA:832,1
DA:833,1
DA:836,2
DA:837,2
DA:839,2
DA:840,3
DA:842,3
DA:850,3
DA:851,3
DA:855,3
DA:856,5
DA:857,3
DA:861,3
DA:862,1
DA:867,3
DA:870,2
DA:879,3
DA:880,2
DA:881,2
DA:884,1
DA:885,2
DA:888,1
DA:890,1
DA:891,1
DA:896,4
DA:899,2
LF:257
LH:134
BRDA:204,0,0,1
BRDA:204,0,1,19
BRDA:209,1,0,0
BRDA:209,1,1,19
BRDA:271,2,0,1
BRDA:271,2,1,0
BRDA:271,3,0,1
BRDA:271,3,1,1
BRDA:303,4,0,20
BRDA:304,5,0,0
BRDA:304,5,1,36
BRDA:304,6,0,36
BRDA:304,6,1,36
BRDA:314,7,0,8
BRDA:314,7,1,28
BRDA:381,8,0,0
BRDA:381,8,1,0
BRDA:381,9,0,0
BRDA:381,9,1,0
BRDA:387,10,0,0
BRDA:387,10,1,0
BRDA:421,11,0,0
BRDA:421,11,1,0
BRDA:421,12,0,0
BRDA:421,12,1,0
BRDA:425,13,0,0
BRDA:425,13,1,0
BRDA:425,14,0,0
BRDA:425,14,1,0
BRDA:452,15,0,0
BRDA:452,15,1,0
BRDA:481,16,0,0
BRDA:481,16,1,0
BRDA:481,17,0,0
BRDA:481,17,1,0
BRDA:481,17,2,0
BRDA:481,17,3,0
BRDA:487,18,0,0
BRDA:487,18,1,0
BRDA:487,19,0,0
BRDA:487,19,1,0
BRDA:487,19,2,0
BRDA:487,19,3,0
BRDA:496,20,0,0
BRDA:496,20,1,0
BRDA:507,21,0,0
BRDA:507,21,1,0
BRDA:508,22,0,0
BRDA:508,22,1,0
BRDA:537,23,0,0
BRDA:537,23,1,0
BRDA:540,24,0,0
BRDA:540,24,1,0
BRDA:551,25,0,0
BRDA:551,25,1,0
BRDA:554,26,0,0
BRDA:554,26,1,0
BRDA:566,27,0,0
BRDA:566,27,1,0
BRDA:567,28,0,0
BRDA:567,28,1,0
BRDA:570,29,0,0
BRDA:570,29,1,0
BRDA:583,30,0,0
BRDA:583,30,1,0
BRDA:585,31,0,0
BRDA:585,31,1,0
BRDA:607,32,0,0
BRDA:607,32,1,19
BRDA:614,33,0,0
BRDA:614,33,1,8
BRDA:614,34,0,8
BRDA:614,34,1,8
BRDA:614,34,2,8
BRDA:617,35,0,0
BRDA:617,35,1,8
BRDA:617,36,0,8
BRDA:617,36,1,8
BRDA:617,36,2,8
BRDA:617,36,3,8
BRDA:624,37,0,8
BRDA:624,37,1,0
BRDA:631,38,0,0
BRDA:631,38,1,0
BRDA:633,39,0,0
BRDA:633,39,1,0
BRDA:637,40,0,0
BRDA:637,40,1,0
BRDA:639,41,0,0
BRDA:639,41,1,0
BRDA:640,42,0,0
BRDA:640,42,1,0
BRDA:647,43,0,0
BRDA:647,43,1,0
BRDA:647,44,0,0
BRDA:647,44,1,0
BRDA:656,45,0,0
BRDA:656,45,1,3
BRDA:656,46,0,3
BRDA:656,46,1,3
BRDA:656,46,2,3
BRDA:661,47,0,0
BRDA:661,47,1,3
BRDA:669,48,0,3
BRDA:669,48,1,0
BRDA:673,49,0,0
BRDA:673,49,1,1
BRDA:676,50,0,0
BRDA:676,50,1,1
BRDA:688,51,0,0
BRDA:688,51,1,1
BRDA:692,52,0,1
BRDA:692,52,1,0
BRDA:692,53,0,1
BRDA:692,53,1,1
BRDA:698,54,0,1
BRDA:698,54,1,0
BRDA:710,55,0,0
BRDA:710,55,1,0
BRDA:710,56,0,0
BRDA:710,56,1,0
BRDA:710,56,2,0
BRDA:710,56,3,0
BRDA:711,57,0,0
BRDA:711,57,1,0
BRDA:718,58,0,0
BRDA:718,58,1,0
BRDA:718,59,0,0
BRDA:718,59,1,0
BRDA:718,59,2,0
BRDA:718,59,3,0
BRDA:719,60,0,0
BRDA:719,60,1,0
BRDA:723,61,0,0
BRDA:723,61,1,0
BRDA:732,62,0,0
BRDA:732,62,1,0
BRDA:762,63,0,0
BRDA:762,63,1,3
BRDA:762,64,0,3
BRDA:762,64,1,3
BRDA:762,64,2,3
BRDA:768,65,0,2
BRDA:768,65,1,1
BRDA:771,66,0,2
BRDA:771,66,1,1
BRDA:790,67,0,0
BRDA:790,67,1,0
BRDA:799,68,0,0
BRDA:799,68,1,0
BRDA:808,69,0,0
BRDA:808,69,1,0
BRDA:817,70,0,0
BRDA:817,70,1,0
BRDA:831,71,0,1
BRDA:831,71,1,2
BRDA:856,72,0,3
BRDA:856,72,1,2
BRDA:856,73,0,5
BRDA:856,73,1,5
BRDA:861,74,0,1
BRDA:861,74,1,2
BRDA:879,75,0,2
BRDA:879,75,1,1
BRDA:879,76,0,3
BRDA:879,76,1,2
BRF:166
BRH:56
end_of_record
TN:
SF:js/projectManager.js
FN:113,(anonymous_0)
FN:125,(anonymous_1)
FN:138,(anonymous_2)
FN:159,(anonymous_3)
FN:180,(anonymous_4)
FN:189,(anonymous_5)
FN:197,(anonymous_6)
FN:205,(anonymous_7)
FN:214,(anonymous_8)
FN:222,(anonymous_9)
FN:232,(anonymous_10)
FN:263,(anonymous_11)
FN:301,(anonymous_12)
FN:316,(anonymous_13)
FN:324,(anonymous_14)
FN:329,(anonymous_15)
FN:345,(anonymous_16)
FN:366,(anonymous_17)
FN:384,(anonymous_18)
FN:397,(anonymous_19)
FN:406,(anonymous_20)
FN:413,(anonymous_21)
FN:428,(anonymous_22)
FN:455,(anonymous_23)
FN:470,(anonymous_24)
FN:485,(anonymous_25)
FN:492,(anonymous_26)
FN:499,(anonymous_27)
FN:504,(anonymous_28)
FN:511,(anonymous_29)
FN:524,(anonymous_30)
FN:542,(anonymous_31)
FN:560,(anonymous_32)
FN:563,(anonymous_33)
FN:576,(anonymous_34)
FN:609,(anonymous_35)
FNF:36
FNH:32
FNDA:20,(anonymous_0)
FNDA:3,(anonymous_1)
FNDA:3,(anonymous_2)
FNDA:3,(anonymous_3)
FNDA:29,(anonymous_4)
FNDA:9,(anonymous_5)
FNDA:9,(anonymous_6)
FNDA:30,(anonymous_7)
FNDA:30,(anonymous_8)
FNDA:4,(anonymous_9)
FNDA:2,(anonymous_10)
FNDA:2,(anonymous_11)
FNDA:7,(anonymous_12)
FNDA:6,(anonymous_13)
FNDA:5,(anonymous_14)
FNDA:3,(anonymous_15)
FNDA:2,(anonymous_16)
FNDA:1,(anonymous_17)
FNDA:2,(anonymous_18)
FNDA:2,(anonymous_19)
FNDA:2,(anonymous_20)
FNDA:1,(anonymous_21)
FNDA:1,(anonymous_22)
FNDA:1,(anonymous_23)
FNDA:0,(anonymous_24)
FNDA:1,(anonymous_25)
FNDA:1,(anonymous_26)
FNDA:1,(anonymous_27)
FNDA:1,(anonymous_28)
FNDA:0,(anonymous_29)
FNDA:0,(anonymous_30)
FNDA:3,(anonymous_31)
FNDA:2,(anonymous_32)
FNDA:2,(anonymous_33)
FNDA:1,(anonymous_34)
FNDA:0,(anonymous_35)
DA:62,3
DA:69,3
DA:76,3
DA:83,3
DA:90,3
DA:98,3
DA:104,3
DA:114,20
DA:115,20
DA:116,20
DA:117,20
DA:126,3
DA:127,3
DA:129,0
DA:130,0
DA:139,3
DA:140,3
DA:142,0
DA:143,0
DA:160,3
DA:161,3
DA:162,3
DA:164,3
DA:181,29
DA:190,9
DA:198,9
DA:206,30
DA:215,30
DA:223,4
DA:233,2
DA:235,2
DA:236,2
DA:238,0
DA:241,2
DA:242,2
DA:244,0
DA:248,2
DA:249,2
DA:251,0
DA:254,2
DA:255,2
DA:256,2
DA:264,2
DA:266,2
DA:268,1
DA:269,1
DA:272,1
DA:273,1
DA:274,1
DA:276,1
DA:277,1
DA:278,1
DA:279,1
DA:280,1
DA:281,1
DA:282,1
DA:283,1
DA:284,1
DA:285,1
DA:286,1
DA:288,0
DA:289,0
DA:302,7
DA:303,1
DA:304,1
DA:306,6
DA:307,0
DA:308,0
DA:311,6
DA:312,6
DA:314,6
DA:316,6
DA:317,6
DA:318,1
DA:319,1
DA:324,5
DA:325,5
DA:326,5
DA:329,5
DA:330,3
DA:331,3
DA:332,3
DA:333,2
DA:334,2
DA:335,2
DA:336,2
DA:338,1
DA:339,1
DA:340,1
DA:345,5
DA:346,2
DA:348,2
DA:349,1
DA:353,1
DA:354,1
DA:355,1
DA:356,1
DA:357,1
DA:361,5
DA:362,5
DA:364,5
DA:366,5
DA:367,1
DA:368,1
DA:369,1
DA:370,1
DA:385,2
DA:386,0
DA:387,0
DA:389,2
DA:390,0
DA:391,0
DA:394,2
DA:395,2
DA:397,2
DA:398,2
DA:399,0
DA:400,0
DA:401,0
DA:406,2
DA:407,2
DA:408,2
DA:409,2
DA:410,2
DA:413,2
DA:414,1
DA:415,1
DA:416,1
DA:417,1
DA:420,1
DA:427,1
DA:428,1
DA:429,1
DA:430,1
DA:432,0
DA:435,1
DA:444,1
DA:445,1
DA:446,1
DA:447,1
DA:449,0
DA:450,0
DA:451,0
DA:455,2
DA:456,1
DA:457,1
DA:458,1
DA:459,1
DA:460,1
DA:462,1
DA:465,2
DA:466,2
DA:468,2
DA:470,2
DA:471,0
DA:472,0
DA:473,0
DA:474,0
DA:486,1
DA:487,0
DA:488,0
DA:490,1
DA:492,1
DA:493,1
DA:494,0
DA:495,0
DA:499,1
DA:500,1
DA:501,1
DA:504,1
DA:505,1
DA:506,1
DA:507,1
DA:508,1
DA:511,1
DA:512,0
DA:513,0
DA:514,0
DA:515,0
DA:516,0
DA:519,1
DA:520,1
DA:522,1
DA:524,1
DA:525,0
DA:526,0
DA:527,0
DA:528,0
DA:543,3
DA:544,0
DA:545,0
DA:548,3
DA:550,3
DA:551,1
DA:552,1
DA:553,1
DA:554,1
DA:558,2
DA:560,2
DA:561,2
DA:563,2
DA:564,2
DA:565,2
DA:567,1
DA:569,0
DA:572,1
DA:575,1
DA:576,1
DA:577,1
DA:578,1
DA:580,0
DA:583,1
DA:587,1
DA:588,1
DA:591,1
DA:592,1
DA:593,1
DA:594,1
DA:596,1
DA:597,1
DA:598,1
DA:601,1
DA:602,1
DA:603,1
DA:605,2
DA:609,2
DA:610,0
DA:611,0
DA:612,0
DA:613,0
DA:614,0
DA:617,2
LF:232
LH:184
BRDA:126,0,0,3
BRDA:126,0,1,0
BRDA:126,1,0,3
BRDA:126,1,1,3
BRDA:139,2,0,3
BRDA:139,2,1,0
BRDA:162,3,0,3
BRDA:162,3,1,1
BRDA:235,4,0,2
BRDA:235,4,1,0
BRDA:241,5,0,2
BRDA:241,5,1,0
BRDA:241,6,0,2
BRDA:241,6,1,2
BRDA:248,7,0,2
BRDA:248,7,1,0
BRDA:266,8,0,1
BRDA:266,8,1,1
BRDA:266,9,0,2
BRDA:266,9,1,2
BRDA:266,9,2,1
BRDA:266,9,3,1
BRDA:272,10,0,1
BRDA:272,10,1,0
BRDA:302,11,0,1
BRDA:302,11,1,6
BRDA:302,12,0,7
BRDA:302,12,1,6
BRDA:306,13,0,0
BRDA:306,13,1,6
BRDA:317,14,0,1
BRDA:317,14,1,5
BRDA:325,15,0,5
BRDA:325,15,1,0
BRDA:326,16,0,5
BRDA:326,16,1,0
BRDA:332,17,0,2
BRDA:332,17,1,1
BRDA:332,18,0,3
BRDA:332,18,1,3
BRDA:338,19,0,1
BRDA:338,19,1,0
BRDA:346,20,0,2
BRDA:346,20,1,0
BRDA:346,20,2,0
BRDA:348,21,0,1
BRDA:348,21,1,1
BRDA:385,22,0,0
BRDA:385,22,1,2
BRDA:385,23,0,2
BRDA:385,23,1,2
BRDA:389,24,0,0
BRDA:389,24,1,2
BRDA:398,25,0,0
BRDA:398,25,1,2
BRDA:407,26,0,2
BRDA:407,26,1,0
BRDA:408,27,0,2
BRDA:408,27,1,0
BRDA:409,28,0,2
BRDA:409,28,1,0
BRDA:415,29,0,1
BRDA:415,29,1,0
BRDA:415,30,0,1
BRDA:415,30,1,1
BRDA:415,30,2,1
BRDA:420,31,0,1
BRDA:420,31,1,0
BRDA:427,32,0,1
BRDA:427,32,1,0
BRDA:427,33,0,1
BRDA:427,33,1,1
BRDA:435,34,0,1
BRDA:435,34,1,0
BRDA:445,35,0,1
BRDA:445,35,1,0
BRDA:457,36,0,1
BRDA:457,36,1,0
BRDA:457,36,2,0
BRDA:459,37,0,1
BRDA:459,37,1,0
BRDA:486,38,0,0
BRDA:486,38,1,1
BRDA:493,39,0,0
BRDA:493,39,1,1
BRDA:500,40,0,1
BRDA:500,40,1,0
BRDA:501,41,0,1
BRDA:501,41,1,0
BRDA:508,42,0,1
BRDA:508,42,1,0
BRDA:514,43,0,0
BRDA:514,43,1,0
BRDA:514,43,2,0
BRDA:543,44,0,0
BRDA:543,44,1,3
BRDA:550,45,0,1
BRDA:550,45,1,2
BRDA:551,46,0,1
BRDA:551,46,1,0
BRDA:567,47,0,0
BRDA:567,47,1,1
BRDA:567,48,0,1
BRDA:567,48,1,1
BRDA:567,48,2,1
BRDA:567,48,3,1
BRDA:575,49,0,1
BRDA:575,49,1,0
BRDA:575,50,0,1
BRDA:575,50,1,1
BRDA:583,51,0,1
BRDA:583,51,1,0
BRDA:587,52,0,1
BRDA:587,52,1,0
BRDA:587,53,0,1
BRDA:587,53,1,1
BRDA:591,54,0,1
BRDA:591,54,1,0
BRDA:594,55,0,1
BRDA:594,55,1,0
BRF:120
BRH:78
end_of_record
TN:
SF:js/renderjson.js
FN:19,dispatch
FN:39,item
FN:48,arr
FN:84,(anonymous_3)
FN:97,obj
FN:135,(anonymous_5)
FN:149,(anonymous_6)
FN:163,(anonymous_7)
FN:167,(anonymous_8)
FN:175,(anonymous_9)
FN:182,(anonymous_10)
FN:186,(anonymous_11)
FNF:12
FNH:0
FNDA:0,dispatch
FNDA:0,item
FNDA:0,arr
FNDA:0,(anonymous_3)
FNDA:0,obj
FNDA:0,(anonymous_5)
FNDA:0,(anonymous_6)
FNDA:0,(anonymous_7)
FNDA:0,(anonymous_8)
FNDA:0,(anonymous_9)
FNDA:0,(anonymous_10)
FNDA:0,(anonymous_11)
DA:6,0
DA:7,0
DA:8,0
DA:9,0
DA:10,0
DA:11,0
DA:12,0
DA:14,0
DA:15,0
DA:16,0
DA:20,0
DA:21,0
DA:23,0
DA:24,0
DA:25,0
DA:26,0
DA:28,0
DA:30,0
DA:32,0
DA:33,0
DA:35,0
DA:40,0
DA:41,0
DA:42,0
DA:43,0
DA:44,0
DA:45,0
DA:49,0
DA:50,0
DA:51,0
DA:53,0
DA:54,0
DA:55,0
DA:57,0
DA:58,0
DA:59,0
DA:61,0
DA:64,0
DA:65,0
DA:66,0
DA:67,0
DA:68,0
DA:70,0
DA:71,0
DA:72,0
DA:73,0
DA:74,0
DA:75,0
DA:76,0
DA:77,0
DA:80,0
DA:84,0
DA:85,0
DA:86,0
DA:89,0
DA:92,0
DA:93,0
DA:94,0
DA:98,0
DA:99,0
DA:100,0
DA:102,0
DA:103,0
DA:104,0
DA:106,0
DA:107,0
DA:109,0
DA:110,0
DA:111,0
DA:113,0
DA:116,0
DA:117,0
DA:118,0
DA:119,0
DA:120,0
DA:122,0
DA:123,0
DA:124,0
DA:125,0
DA:126,0
DA:127,0
DA:128,0
DA:129,0
DA:130,0
DA:131,0
DA:135,0
DA:136,0
DA:137,0
DA:140,0
DA:143,0
DA:144,0
DA:145,0
DA:149,0
DA:150,0
DA:151,0
DA:152,0
DA:155,0
DA:156,0
DA:159,0
DA:163,0
DA:165,0
DA:167,0
DA:168,0
DA:173,0
DA:175,0
DA:176,0
DA:180,0
DA:182,0
DA:183,0
DA:184,0
DA:186,0
DA:188,0
LF:112
LH:0
BRDA:20,0,0,0
BRDA:20,0,1,0
BRDA:21,1,0,0
BRDA:21,1,1,0
BRDA:21,1,2,0
BRDA:21,1,3,0
BRDA:21,1,4,0
BRDA:24,2,0,0
BRDA:24,2,1,0
BRDA:24,3,0,0
BRDA:24,3,1,0
BRDA:32,4,0,0
BRDA:32,4,1,0
BRDA:57,5,0,0
BRDA:57,5,1,0
BRDA:57,6,0,0
BRDA:57,6,1,0
BRDA:64,7,0,0
BRDA:64,7,1,0
BRDA:86,8,0,0
BRDA:86,8,1,0
BRDA:107,9,0,0
BRDA:107,9,1,0
BRDA:109,10,0,0
BRDA:109,10,1,0
BRDA:109,11,0,0
BRDA:109,11,1,0
BRDA:116,12,0,0
BRDA:116,12,1,0
BRDA:137,13,0,0
BRDA:137,13,1,0
BRDA:169,14,0,0
BRDA:169,14,1,0
BRDA:169,15,0,0
BRDA:169,15,1,0
BRDA:177,16,0,0
BRDA:177,16,1,0
BRDA:177,17,0,0
BRDA:177,17,1,0
BRF:39
BRH:0
end_of_record
TN:
SF:js/stateManager.js
FN:119,initStateManager
FN:139,getTagDatabase
FN:151,getUndoStack
FN:161,getRedoStack
FN:182,saveState
FN:194,(anonymous_5)
FN:243,restoreState
FN:268,(anonymous_7)
FN:275,(anonymous_8)
FN:313,handleUndo
FN:340,handleRedo
FN:364,getCurrentState
FN:371,(anonymous_12)
FN:408,updateUndoRedoButtons
FN:431,getDeviceVariableValue
FN:449,setDeviceVariableValue
FN:468,(anonymous_16)
FN:509,deleteDeviceState
FN:525,deleteDeviceVariableState
FN:554,getComponentAddressValue
FN:582,setComponentAddressValue
FNF:21
FNH:20
FNDA:23,initStateManager
FNDA:41,getTagDatabase
FNDA:51,getUndoStack
FNDA:38,getRedoStack
FNDA:26,saveState
FNDA:2,(anonymous_5)
FNDA:7,restoreState
FNDA:0,(anonymous_7)
FNDA:5,(anonymous_8)
FNDA:3,handleUndo
FNDA:2,handleRedo
FNDA:2,getCurrentState
FNDA:2,(anonymous_12)
FNDA:57,updateUndoRedoButtons
FNDA:3,getDeviceVariableValue
FNDA:4,setDeviceVariableValue
FNDA:1,(anonymous_16)
FNDA:1,deleteDeviceState
FNDA:1,deleteDeviceVariableState
FNDA:1,getComponentAddressValue
FNDA:2,setComponentAddressValue
DA:47,1
DA:55,1
DA:65,1
DA:75,1
DA:82,1
DA:89,1
DA:96,1
DA:103,1
DA:120,23
DA:121,23
DA:122,23
DA:123,23
DA:124,23
DA:126,23
DA:127,23
DA:140,41
DA:152,51
DA:162,38
DA:183,26
DA:184,0
DA:188,26
DA:193,26
DA:194,26
DA:195,2
DA:199,2
DA:206,2
DA:207,1
DA:210,1
DA:212,2
DA:216,26
DA:217,26
DA:218,26
DA:220,26
DA:221,26
DA:223,0
DA:245,7
DA:246,7
DA:248,1
DA:249,1
DA:252,6
DA:253,1
DA:259,1
DA:262,5
DA:263,0
DA:264,0
DA:268,5
DA:269,5
DA:272,5
DA:275,5
DA:276,5
DA:277,1
DA:281,1
DA:283,4
DA:284,4
DA:288,4
DA:289,4
DA:291,0
DA:296,0
DA:300,5
DA:301,5
DA:314,3
DA:315,1
DA:316,1
DA:318,2
DA:319,2
DA:320,2
DA:321,2
DA:322,2
DA:323,2
DA:325,0
DA:328,0
DA:341,2
DA:342,1
DA:343,1
DA:345,1
DA:346,1
DA:347,1
DA:348,1
DA:350,0
DA:365,2
DA:370,2
DA:371,2
DA:372,2
DA:373,2
DA:380,2
DA:381,1
DA:384,1
DA:386,2
DA:389,0
DA:394,2
DA:395,2
DA:397,0
DA:398,0
DA:409,57
DA:410,57
DA:414,57
DA:415,57
DA:432,3
DA:433,1
DA:435,2
DA:450,4
DA:451,2
DA:452,2
DA:455,2
DA:456,2
DA:459,2
DA:466,2
DA:468,2
DA:469,1
DA:477,1
DA:486,0
DA:492,2
DA:493,2
DA:495,0
DA:510,1
DA:511,1
DA:526,1
DA:530,1
DA:555,1
DA:560,1
DA:584,2
DA:587,2
DA:589,1
DA:592,1
DA:596,1
DA:599,1
LF:126
LH:112
BRDA:183,0,0,0
BRDA:183,0,1,26
BRDA:193,1,0,26
BRDA:193,1,1,0
BRDA:206,2,0,1
BRDA:206,2,1,1
BRDA:220,3,0,26
BRDA:220,3,1,0
BRDA:220,4,0,26
BRDA:220,4,1,26
BRDA:252,5,0,1
BRDA:252,5,1,5
BRDA:252,6,0,6
BRDA:252,6,1,6
BRDA:252,6,2,6
BRDA:262,7,0,0
BRDA:262,7,1,5
BRDA:262,8,0,5
BRDA:262,8,1,5
BRDA:262,8,2,5
BRDA:276,9,0,1
BRDA:276,9,1,4
BRDA:288,10,0,4
BRDA:288,10,1,0
BRDA:314,11,0,1
BRDA:314,11,1,2
BRDA:319,12,0,2
BRDA:319,12,1,0
BRDA:322,13,0,2
BRDA:322,13,1,0
BRDA:341,14,0,1
BRDA:341,14,1,1
BRDA:346,15,0,1
BRDA:346,15,1,0
BRDA:370,16,0,2
BRDA:370,16,1,0
BRDA:380,17,0,1
BRDA:380,17,1,1
BRDA:409,18,0,57
BRDA:409,18,1,0
BRDA:414,19,0,57
BRDA:414,19,1,0
BRDA:432,20,0,1
BRDA:432,20,1,2
BRDA:432,21,0,3
BRDA:432,21,1,1
BRDA:450,22,0,2
BRDA:450,22,1,2
BRDA:450,23,0,4
BRDA:450,23,1,3
BRDA:455,24,0,2
BRDA:455,24,1,0
BRDA:466,25,0,2
BRDA:466,25,1,0
BRDA:469,26,0,1
BRDA:469,26,1,0
BRDA:470,27,0,1
BRDA:470,27,1,1
BRDA:492,28,0,2
BRDA:492,28,1,0
BRDA:510,29,0,1
BRDA:510,29,1,0
BRDA:526,30,0,1
BRDA:526,30,1,0
BRDA:527,31,0,1
BRDA:527,31,1,1
BRDA:582,32,0,1
BRDA:587,33,0,1
BRDA:587,33,1,1
BRDA:587,34,0,2
BRDA:587,34,1,2
BRF:71
BRH:54
end_of_record
TN:
SF:js/topicExplorer.js
FN:51,initTopicExplorer
FN:86,(anonymous_1)
FN:90,(anonymous_2)
FN:100,(anonymous_3)
FN:145,openTopicExplorer
FN:195,closeExplorer
FN:213,handleSubscribeToggle
FN:251,unsubscribeFromCurrentTemporaryTopic
FN:275,logMessage
FN:349,handleJsonMessageClick
FN:461,bindDataToVariableForm
FNF:11
FNH:0
FNDA:0,initTopicExplorer
FNDA:0,(anonymous_1)
FNDA:0,(anonymous_2)
FNDA:0,(anonymous_3)
FNDA:0,openTopicExplorer
FNDA:0,closeExplorer
FNDA:0,handleSubscribeToggle
FNDA:0,unsubscribeFromCurrentTemporaryTopic
FNDA:0,logMessage
FNDA:0,handleJsonMessageClick
FNDA:0,bindDataToVariableForm
DA:20,0
DA:21,0
DA:22,0
DA:23,0
DA:24,0
DA:52,0
DA:55,0
DA:56,0
DA:57,0
DA:60,0
DA:61,0
DA:62,0
DA:63,0
DA:64,0
DA:65,0
DA:69,0
DA:76,0
DA:79,0
DA:83,0
DA:84,0
DA:86,0
DA:87,0
DA:88,0
DA:90,0
DA:91,0
DA:92,0
DA:96,0
DA:99,0
DA:100,0
DA:102,0
DA:106,0
DA:110,0
DA:151,0
DA:152,0
DA:153,0
DA:155,0
DA:156,0
DA:157,0
DA:159,0
DA:160,0
DA:161,0
DA:162,0
DA:163,0
DA:166,0
DA:170,0
DA:173,0
DA:177,0
DA:178,0
DA:180,0
DA:181,0
DA:182,0
DA:185,0
DA:196,0
DA:197,0
DA:199,0
DA:200,0
DA:201,0
DA:202,0
DA:214,0
DA:216,0
DA:217,0
DA:218,0
DA:219,0
DA:222,0
DA:224,0
DA:227,0
DA:228,0
DA:230,0
DA:231,0
DA:235,0
DA:236,0
DA:237,0
DA:238,0
DA:239,0
DA:240,0
DA:252,0
DA:253,0
DA:257,0
DA:258,0
DA:260,0
DA:261,0
DA:276,0
DA:278,0
DA:279,0
DA:290,0
DA:292,0
DA:293,0
DA:295,0
DA:296,0
DA:297,0
DA:298,0
DA:299,0
DA:301,0
DA:302,0
DA:304,0
DA:305,0
DA:309,0
DA:310,0
DA:311,0
DA:312,0
DA:317,0
DA:318,0
DA:319,0
DA:320,0
DA:323,0
DA:324,0
DA:325,0
DA:326,0
DA:327,0
DA:330,0
DA:333,0
DA:334,0
DA:336,0
DA:351,0
DA:352,0
DA:354,0
DA:358,0
DA:359,0
DA:360,0
DA:364,0
DA:371,0
DA:372,0
DA:374,0
DA:375,0
DA:379,0
DA:380,0
DA:382,0
DA:387,0
DA:391,0
DA:392,0
DA:393,0
DA:394,0
DA:395,0
DA:400,0
DA:403,0
DA:404,0
DA:406,0
DA:410,0
DA:411,0
DA:415,0
DA:416,0
DA:417,0
DA:418,0
DA:419,0
DA:424,0
DA:429,0
DA:433,0
DA:437,0
DA:441,0
DA:442,0
DA:444,0
DA:462,0
DA:464,0
DA:467,0
DA:471,0
DA:473,0
DA:479,0
DA:481,0
DA:482,0
DA:485,0
LF:160
LH:0
BRDA:69,0,0,0
BRDA:69,0,1,0
BRDA:70,1,0,0
BRDA:70,1,1,0
BRDA:70,1,2,0
BRDA:70,1,3,0
BRDA:70,1,4,0
BRDA:99,2,0,0
BRDA:99,2,1,0
BRDA:102,3,0,0
BRDA:102,3,1,0
BRDA:103,4,0,0
BRDA:103,4,1,0
BRDA:151,5,0,0
BRDA:151,5,1,0
BRDA:159,6,0,0
BRDA:159,6,1,0
BRDA:161,7,0,0
BRDA:161,7,1,0
BRDA:161,8,0,0
BRDA:161,8,1,0
BRDA:162,9,0,0
BRDA:162,9,1,0
BRDA:163,10,0,0
BRDA:163,10,1,0
BRDA:166,11,0,0
BRDA:166,11,1,0
BRDA:167,12,0,0
BRDA:167,12,1,0
BRDA:173,13,0,0
BRDA:173,13,1,0
BRDA:174,14,0,0
BRDA:174,14,1,0
BRDA:177,15,0,0
BRDA:177,15,1,0
BRDA:180,16,0,0
BRDA:180,16,1,0
BRDA:196,17,0,0
BRDA:196,17,1,0
BRDA:199,18,0,0
BRDA:199,18,1,0
BRDA:214,19,0,0
BRDA:214,19,1,0
BRDA:214,20,0,0
BRDA:214,20,1,0
BRDA:214,20,2,0
BRDA:217,21,0,0
BRDA:217,21,1,0
BRDA:222,22,0,0
BRDA:222,22,1,0
BRDA:227,23,0,0
BRDA:227,23,1,0
BRDA:235,24,0,0
BRDA:235,24,1,0
BRDA:237,25,0,0
BRDA:237,25,1,0
BRDA:238,26,0,0
BRDA:238,26,1,0
BRDA:252,27,0,0
BRDA:252,27,1,0
BRDA:252,28,0,0
BRDA:252,28,1,0
BRDA:252,28,2,0
BRDA:260,29,0,0
BRDA:260,29,1,0
BRDA:276,30,0,0
BRDA:276,30,1,0
BRDA:290,31,0,0
BRDA:290,31,1,0
BRDA:298,32,0,0
BRDA:298,32,1,0
BRDA:323,33,0,0
BRDA:323,33,1,0
BRDA:352,34,0,0
BRDA:352,34,1,0
BRDA:359,35,0,0
BRDA:359,35,1,0
BRDA:372,36,0,0
BRDA:372,36,1,0
BRDA:374,37,0,0
BRDA:374,37,1,0
BRDA:383,38,0,0
BRDA:383,38,1,0
BRDA:383,38,2,0
BRDA:387,39,0,0
BRDA:387,39,1,0
BRDA:388,40,0,0
BRDA:388,40,1,0
BRDA:395,41,0,0
BRDA:395,41,1,0
BRDA:396,42,0,0
BRDA:396,42,1,0
BRDA:396,42,2,0
BRDA:403,43,0,0
BRDA:403,43,1,0
BRDA:403,44,0,0
BRDA:403,44,1,0
BRDA:403,44,2,0
BRDA:406,45,0,0
BRDA:406,45,1,0
BRDA:407,46,0,0
BRDA:407,46,1,0
BRDA:411,47,0,0
BRDA:411,47,1,0
BRDA:412,48,0,0
BRDA:412,48,1,0
BRDA:419,49,0,0
BRDA:419,49,1,0
BRDA:420,50,0,0
BRDA:420,50,1,0
BRDA:420,50,2,0
BRDA:429,51,0,0
BRDA:429,51,1,0
BRDA:430,52,0,0
BRDA:430,52,1,0
BRDA:430,52,2,0
BRDA:441,53,0,0
BRDA:441,53,1,0
BRDA:442,54,0,0
BRDA:442,54,1,0
BRDA:444,55,0,0
BRDA:444,55,1,0
BRDA:462,56,0,0
BRDA:462,56,1,0
BRDA:462,57,0,0
BRDA:462,57,1,0
BRDA:471,58,0,0
BRDA:471,58,1,0
BRDA:473,59,0,0
BRDA:473,59,1,0
BRDA:479,60,0,0
BRDA:479,60,1,0
BRDA:481,61,0,0
BRDA:481,61,1,0
BRDA:481,62,0,0
BRDA:481,62,1,0
BRF:136
BRH:0
end_of_record
TN:
SF:js/uiManager.js
FN:89,setCurrentContextMenuNode
FN:98,_cacheDomElements
FN:144,getCurrentContextMenuNode
FN:156,setKonvaRefs
FN:186,initUiManager
FN:232,(anonymous_5)
FN:233,(anonymous_6)
FN:234,(anonymous_7)
FN:248,setMode
FN:261,(anonymous_9)
FN:281,selectNodes
FN:303,(anonymous_11)
FN:319,handleCopy
FN:329,(anonymous_13)
FN:354,handlePaste
FN:362,(anonymous_15)
FN:401,hideContextMenu
FN:414,_createDeviceVariableBindingsHTML
FN:419,(anonymous_18)
FN:423,(anonymous_19)
FN:426,(anonymous_20)
FN:442,_createCommonPropertiesHTML
FN:451,_createBitLampPropertiesHTML
FN:459,_createNumericDisplayPropertiesHTML
FN:466,_createBitSwitchPropertiesHTML
FN:475,_createWordLampPropertiesHTML
FN:491,_createLabelPropertiesHTML
FN:508,populateContextMenu
FN:538,_setupAllEventListeners
FN:554,_setupModeToggleListeners
FN:556,(anonymous_30)
FN:567,_setupContextMenuListeners
FN:570,(anonymous_32)
FN:589,(anonymous_33)
FN:608,_setupComponentPanelListeners
FN:610,(anonymous_35)
FN:633,_setupDeleteButtonListeners
FN:635,(anonymous_37)
FN:641,(anonymous_38)
FN:660,_setupKeyboardShortcutListeners
FN:661,(anonymous_40)
FN:701,_setupAIPopupListeners
FN:702,(anonymous_42)
FN:703,(anonymous_43)
FN:704,(anonymous_44)
FN:705,(anonymous_45)
FN:713,_setupGeminiApiKeyListener
FN:716,(anonymous_47)
FN:726,_setupProjectManagementListeners
FN:736,(anonymous_49)
FN:753,(anonymous_50)
FN:775,(anonymous_51)
FN:779,(anonymous_52)
FN:783,(anonymous_53)
FN:784,(anonymous_54)
FN:803,(anonymous_55)
FN:820,_setupModalListeners
FN:826,(anonymous_57)
FN:840,(anonymous_58)
FN:867,(anonymous_59)
FN:897,hideLoadProjectModal
FN:908,openLoadProjectModal
FN:923,(anonymous_62)
FN:931,(anonymous_63)
FN:932,(anonymous_64)
FN:949,hideSaveProjectModal
FN:960,openSaveProjectModal
FN:982,hideConfirmationModal
FN:1007,showConfirmationModal
FN:1024,(anonymous_69)
FN:1029,(anonymous_70)
FN:1030,(anonymous_71)
FN:1043,_createToastElement
FN:1064,showToastImpl
FN:1075,(anonymous_74)
FN:1078,(anonymous_75)
FN:1081,(anonymous_76)
FN:1085,(anonymous_77)
FNF:78
FNH:47
FNDA:4,setCurrentContextMenuNode
FNDA:16,_cacheDomElements
FNDA:3,getCurrentContextMenuNode
FNDA:16,setKonvaRefs
FNDA:16,initUiManager
FNDA:1,(anonymous_5)
FNDA:0,(anonymous_6)
FNDA:2,(anonymous_7)
FNDA:18,setMode
FNDA:1,(anonymous_9)
FNDA:3,selectNodes
FNDA:1,(anonymous_11)
FNDA:2,handleCopy
FNDA:2,(anonymous_13)
FNDA:1,handlePaste
FNDA:1,(anonymous_15)
FNDA:21,hideContextMenu
FNDA:1,_createDeviceVariableBindingsHTML
FNDA:1,(anonymous_18)
FNDA:1,(anonymous_19)
FNDA:1,(anonymous_20)
FNDA:1,_createCommonPropertiesHTML
FNDA:1,_createBitLampPropertiesHTML
FNDA:0,_createNumericDisplayPropertiesHTML
FNDA:0,_createBitSwitchPropertiesHTML
FNDA:0,_createWordLampPropertiesHTML
FNDA:0,_createLabelPropertiesHTML
FNDA:1,populateContextMenu
FNDA:16,_setupAllEventListeners
FNDA:16,_setupModeToggleListeners
FNDA:2,(anonymous_30)
FNDA:16,_setupContextMenuListeners
FNDA:0,(anonymous_32)
FNDA:0,(anonymous_33)
FNDA:16,_setupComponentPanelListeners
FNDA:0,(anonymous_35)
FNDA:16,_setupDeleteButtonListeners
FNDA:0,(anonymous_37)
FNDA:0,(anonymous_38)
FNDA:16,_setupKeyboardShortcutListeners
FNDA:0,(anonymous_40)
FNDA:16,_setupAIPopupListeners
FNDA:0,(anonymous_42)
FNDA:0,(anonymous_43)
FNDA:0,(anonymous_44)
FNDA:0,(anonymous_45)
FNDA:16,_setupGeminiApiKeyListener
FNDA:0,(anonymous_47)
FNDA:16,_setupProjectManagementListeners
FNDA:2,(anonymous_49)
FNDA:0,(anonymous_50)
FNDA:1,(anonymous_51)
FNDA:0,(anonymous_52)
FNDA:0,(anonymous_53)
FNDA:0,(anonymous_54)
FNDA:0,(anonymous_55)
FNDA:16,_setupModalListeners
FNDA:0,(anonymous_57)
FNDA:0,(anonymous_58)
FNDA:0,(anonymous_59)
FNDA:0,hideLoadProjectModal
FNDA:0,openLoadProjectModal
FNDA:0,(anonymous_62)
FNDA:0,(anonymous_63)
FNDA:0,(anonymous_64)
FNDA:0,hideSaveProjectModal
FNDA:1,openSaveProjectModal
FNDA:2,hideConfirmationModal
FNDA:3,showConfirmationModal
FNDA:2,(anonymous_69)
FNDA:1,(anonymous_70)
FNDA:1,(anonymous_71)
FNDA:3,_createToastElement
FNDA:3,showToastImpl
FNDA:3,(anonymous_74)
FNDA:1,(anonymous_75)
FNDA:0,(anonymous_76)
FNDA:1,(anonymous_77)
DA:55,1
DA:56,1
DA:57,1
DA:58,1
DA:59,1
DA:67,1
DA:71,1
DA:74,1
DA:90,4
DA:99,16
DA:100,16
DA:101,16
DA:102,16
DA:104,16
DA:105,16
DA:106,16
DA:107,16
DA:109,16
DA:110,16
DA:111,16
DA:112,16
DA:113,16
DA:114,16
DA:115,16
DA:117,16
DA:118,16
DA:119,16
DA:120,16
DA:121,16
DA:123,16
DA:125,16
DA:126,16
DA:127,16
DA:128,16
DA:129,16
DA:130,16
DA:132,16
DA:133,16
DA:134,16
DA:135,16
DA:136,16
DA:145,3
DA:157,16
DA:158,16
DA:161,16
DA:193,16
DA:194,16
DA:195,16
DA:196,16
DA:198,16
DA:200,16
DA:201,16
DA:203,0
DA:204,0
DA:208,16
DA:210,16
DA:211,16
DA:212,16
DA:214,16
DA:215,16
DA:219,16
DA:229,16
DA:230,16
DA:231,16
DA:232,16
DA:233,16
DA:234,16
DA:237,16
DA:238,16
DA:249,18
DA:250,0
DA:251,0
DA:253,18
DA:254,18
DA:256,18
DA:257,18
DA:260,18
DA:261,2
DA:262,2
DA:266,18
DA:267,18
DA:268,18
DA:269,18
DA:282,3
DA:283,2
DA:284,0
DA:285,0
DA:289,2
DA:290,0
DA:292,2
DA:294,2
DA:297,2
DA:298,2
DA:299,2
DA:303,2
DA:304,1
DA:306,1
DA:309,2
DA:320,2
DA:322,2
DA:323,2
DA:324,0
DA:325,0
DA:328,2
DA:329,2
DA:330,2
DA:332,2
DA:334,2
DA:335,2
DA:336,2
DA:337,2
DA:355,1
DA:356,0
DA:359,1
DA:360,1
DA:362,1
DA:363,1
DA:364,0
DA:365,0
DA:367,1
DA:368,1
DA:369,1
DA:373,1
DA:374,1
DA:375,1
DA:377,1
DA:378,1
DA:379,1
DA:380,1
DA:381,1
DA:384,0
DA:388,1
DA:389,1
DA:390,1
DA:402,21
DA:403,2
DA:405,21
DA:406,21
DA:415,1
DA:417,1
DA:418,1
DA:419,1
DA:421,1
DA:422,1
DA:423,1
DA:424,1
DA:425,1
DA:426,1
DA:430,1
DA:443,1
DA:452,1
DA:460,0
DA:467,0
DA:476,0
DA:477,0
DA:478,0
DA:480,0
DA:492,0
DA:509,1
DA:510,0
DA:511,0
DA:513,1
DA:514,1
DA:515,1
DA:517,1
DA:518,1
DA:520,1
DA:521,1
DA:522,0
DA:523,0
DA:524,0
DA:525,0
DA:526,0
DA:529,1
DA:530,1
DA:539,16
DA:540,16
DA:541,16
DA:542,16
DA:543,16
DA:544,16
DA:545,16
DA:546,16
DA:547,16
DA:555,16
DA:556,16
DA:568,16
DA:570,16
DA:571,0
DA:573,0
DA:574,0
DA:575,0
DA:576,0
DA:578,0
DA:580,0
DA:581,0
DA:582,0
DA:584,0
DA:589,16
DA:590,0
DA:591,0
DA:592,0
DA:593,0
DA:594,0
DA:597,16
DA:598,16
DA:609,16
DA:610,16
DA:611,0
DA:612,0
DA:613,0
DA:614,0
DA:615,0
DA:616,0
DA:617,0
DA:620,0
DA:634,16
DA:635,16
DA:636,0
DA:638,0
DA:639,0
DA:640,0
DA:641,0
DA:643,0
DA:644,0
DA:646,0
DA:648,0
DA:649,0
DA:661,16
DA:662,0
DA:664,0
DA:665,0
DA:668,0
DA:670,0
DA:671,0
DA:672,0
DA:673,0
DA:675,0
DA:676,0
DA:677,0
DA:681,0
DA:682,0
DA:687,0
DA:690,0
DA:691,0
DA:702,16
DA:703,16
DA:704,16
DA:705,16
DA:714,16
DA:715,16
DA:716,16
DA:727,16
DA:728,16
DA:729,16
DA:730,16
DA:731,16
DA:732,16
DA:733,16
DA:735,16
DA:736,16
DA:737,2
DA:738,2
DA:739,2
DA:740,2
DA:741,1
DA:742,1
DA:743,1
DA:744,1
DA:745,1
DA:747,2
DA:748,2
DA:752,16
DA:753,16
DA:754,0
DA:755,0
DA:756,0
DA:757,0
DA:758,0
DA:759,0
DA:760,0
DA:761,0
DA:763,0
DA:765,0
DA:766,0
DA:769,0
DA:774,16
DA:775,16
DA:778,16
DA:779,16
DA:782,16
DA:783,16
DA:784,16
DA:785,0
DA:786,0
DA:787,0
DA:788,0
DA:789,0
DA:791,0
DA:792,0
DA:795,0
DA:798,0
DA:802,16
DA:803,16
DA:804,0
DA:805,0
DA:808,0
DA:809,0
DA:822,16
DA:823,16
DA:824,16
DA:825,16
DA:826,16
DA:827,0
DA:828,0
DA:829,0
DA:830,0
DA:831,0
DA:833,0
DA:834,0
DA:835,0
DA:837,0
DA:838,0
DA:839,0
DA:840,0
DA:841,0
DA:842,0
DA:843,0
DA:844,0
DA:845,0
DA:846,0
DA:850,0
DA:851,0
DA:852,0
DA:854,0
DA:856,0
DA:857,0
DA:863,16
DA:864,16
DA:865,16
DA:866,16
DA:867,16
DA:868,0
DA:869,0
DA:870,0
DA:871,0
DA:873,0
DA:874,0
DA:875,0
DA:876,0
DA:877,0
DA:878,0
DA:880,0
DA:883,0
DA:884,0
DA:885,0
DA:889,0
DA:898,0
DA:899,0
DA:900,0
DA:909,0
DA:910,0
DA:911,0
DA:912,0
DA:915,0
DA:916,0
DA:917,0
DA:919,0
DA:920,0
DA:921,0
DA:922,0
DA:923,0
DA:924,0
DA:926,0
DA:927,0
DA:930,0
DA:931,0
DA:932,0
DA:933,0
DA:934,0
DA:935,0
DA:940,0
DA:943,0
DA:944,0
DA:950,0
DA:951,0
DA:961,1
DA:962,0
DA:963,0
DA:964,0
DA:966,1
DA:967,1
DA:968,1
DA:970,0
DA:972,1
DA:973,1
DA:974,1
DA:983,2
DA:985,2
DA:986,2
DA:987,2
DA:989,2
DA:990,2
DA:991,2
DA:1008,3
DA:1009,1
DA:1010,1
DA:1013,2
DA:1014,2
DA:1015,2
DA:1016,2
DA:1017,2
DA:1018,2
DA:1020,2
DA:1021,2
DA:1022,2
DA:1024,2
DA:1026,2
DA:1027,2
DA:1029,2
DA:1030,2
DA:1032,2
DA:1033,2
DA:1044,3
DA:1046,3
DA:1048,3
DA:1049,0
DA:1050,0
DA:1051,0
DA:1053,3
DA:1054,3
DA:1065,3
DA:1066,0
DA:1067,0
DA:1068,0
DA:1071,3
DA:1072,3
DA:1075,3
DA:1078,3
DA:1079,1
DA:1081,1
DA:1082,0
DA:1085,1
DA:1086,1
LF:444
LH:264
BRDA:158,0,0,16
BRDA:158,0,1,0
BRDA:158,1,0,16
BRDA:158,1,1,16
BRDA:200,2,0,16
BRDA:200,2,1,0
BRDA:210,3,0,16
BRDA:210,3,1,0
BRDA:214,4,0,16
BRDA:214,4,1,0
BRDA:214,5,0,16
BRDA:214,5,1,16
BRDA:229,6,0,16
BRDA:229,6,1,0
BRDA:229,7,0,16
BRDA:229,7,1,16
BRDA:249,8,0,0
BRDA:249,8,1,18
BRDA:256,9,0,2
BRDA:256,9,1,16
BRDA:260,10,0,2
BRDA:260,10,1,16
BRDA:262,11,0,2
BRDA:262,11,1,0
BRDA:266,12,0,18
BRDA:266,12,1,0
BRDA:266,13,0,2
BRDA:266,13,1,16
BRDA:267,14,0,18
BRDA:267,14,1,0
BRDA:268,15,0,18
BRDA:268,15,1,0
BRDA:268,16,0,2
BRDA:268,16,1,16
BRDA:269,17,0,18
BRDA:269,17,1,0
BRDA:269,18,0,2
BRDA:269,18,1,16
BRDA:281,19,0,0
BRDA:282,20,0,1
BRDA:282,20,1,2
BRDA:283,21,0,0
BRDA:283,21,1,2
BRDA:283,22,0,2
BRDA:283,22,1,2
BRDA:289,23,0,0
BRDA:289,23,1,2
BRDA:289,24,0,2
BRDA:289,24,1,2
BRDA:297,25,0,2
BRDA:297,25,1,0
BRDA:306,26,0,1
BRDA:306,26,1,1
BRDA:320,27,0,0
BRDA:320,27,1,2
BRDA:320,28,0,2
BRDA:320,28,1,2
BRDA:323,29,0,0
BRDA:323,29,1,2
BRDA:355,30,0,0
BRDA:355,30,1,1
BRDA:355,31,0,1
BRDA:355,31,1,1
BRDA:355,31,2,1
BRDA:355,31,3,1
BRDA:363,32,0,0
BRDA:363,32,1,1
BRDA:363,33,0,1
BRDA:363,33,1,1
BRDA:368,34,0,1
BRDA:368,34,1,0
BRDA:369,35,0,1
BRDA:369,35,1,0
BRDA:379,36,0,1
BRDA:379,36,1,0
BRDA:388,37,0,1
BRDA:388,37,1,0
BRDA:402,38,0,2
BRDA:402,38,1,19
BRDA:402,39,0,21
BRDA:402,39,1,2
BRDA:405,40,0,21
BRDA:405,40,1,0
BRDA:415,41,0,0
BRDA:415,41,1,1
BRDA:419,42,0,1
BRDA:419,42,1,0
BRDA:422,43,0,1
BRDA:422,43,1,0
BRDA:424,44,0,1
BRDA:424,44,1,0
BRDA:426,45,0,1
BRDA:426,45,1,0
BRDA:437,46,0,0
BRDA:437,46,1,1
BRDA:446,47,0,1
BRDA:446,47,1,0
BRDA:453,48,0,0
BRDA:453,48,1,1
BRDA:453,49,0,0
BRDA:453,49,1,1
BRDA:454,50,0,1
BRDA:454,50,1,1
BRDA:455,51,0,1
BRDA:455,51,1,1
BRDA:461,52,0,0
BRDA:461,52,1,0
BRDA:462,53,0,0
BRDA:462,53,1,0
BRDA:468,54,0,0
BRDA:468,54,1,0
BRDA:469,55,0,0
BRDA:469,55,1,0
BRDA:470,56,0,0
BRDA:470,56,1,0
BRDA:471,57,0,0
BRDA:471,57,1,0
BRDA:477,58,0,0
BRDA:477,58,1,0
BRDA:484,59,0,0
BRDA:484,59,1,0
BRDA:493,60,0,0
BRDA:493,60,1,0
BRDA:494,61,0,0
BRDA:494,61,1,0
BRDA:495,62,0,0
BRDA:495,62,1,0
BRDA:496,63,0,0
BRDA:496,63,1,0
BRDA:497,64,0,0
BRDA:497,64,1,0
BRDA:497,65,0,0
BRDA:497,65,1,0
BRDA:497,66,0,0
BRDA:497,66,1,0
BRDA:509,67,0,0
BRDA:509,67,1,1
BRDA:509,68,0,1
BRDA:509,68,1,1
BRDA:509,68,2,1
BRDA:509,68,3,1
BRDA:515,69,0,1
BRDA:515,69,1,0
BRDA:515,69,2,0
BRDA:520,70,0,1
BRDA:520,70,1,0
BRDA:520,70,2,0
BRDA:520,70,3,0
BRDA:520,70,4,0
BRDA:520,70,5,0
BRDA:555,71,0,16
BRDA:555,71,1,0
BRDA:568,72,0,16
BRDA:568,72,1,0
BRDA:568,73,0,16
BRDA:568,73,1,16
BRDA:571,74,0,0
BRDA:571,74,1,0
BRDA:571,75,0,0
BRDA:571,75,1,0
BRDA:575,76,0,0
BRDA:575,76,1,0
BRDA:576,77,0,0
BRDA:576,77,1,0
BRDA:580,78,0,0
BRDA:580,78,1,0
BRDA:590,79,0,0
BRDA:590,79,1,0
BRDA:590,80,0,0
BRDA:590,80,1,0
BRDA:590,80,2,0
BRDA:597,81,0,16
BRDA:597,81,1,0
BRDA:609,82,0,16
BRDA:609,82,1,0
BRDA:611,83,0,0
BRDA:611,83,1,0
BRDA:613,84,0,0
BRDA:613,84,1,0
BRDA:613,85,0,0
BRDA:613,85,1,0
BRDA:613,85,2,0
BRDA:615,86,0,0
BRDA:615,86,1,0
BRDA:634,87,0,16
BRDA:634,87,1,0
BRDA:636,88,0,0
BRDA:636,88,1,0
BRDA:636,89,0,0
BRDA:636,89,1,0
BRDA:639,90,0,0
BRDA:639,90,1,0
BRDA:643,91,0,0
BRDA:643,91,1,0
BRDA:643,92,0,0
BRDA:643,92,1,0
BRDA:664,93,0,0
BRDA:664,93,1,0
BRDA:664,94,0,0
BRDA:664,94,1,0
BRDA:664,94,2,0
BRDA:664,94,3,0
BRDA:668,95,0,0
BRDA:668,95,1,0
BRDA:670,96,0,0
BRDA:670,96,1,0
BRDA:670,97,0,0
BRDA:670,97,1,0
BRDA:671,98,0,0
BRDA:671,98,1,0
BRDA:671,98,2,0
BRDA:676,99,0,0
BRDA:676,99,1,0
BRDA:681,100,0,0
BRDA:681,100,1,0
BRDA:687,101,0,0
BRDA:687,101,1,0
BRDA:687,102,0,0
BRDA:687,102,1,0
BRDA:687,102,2,0
BRDA:687,102,3,0
BRDA:687,102,4,0
BRDA:687,102,5,0
BRDA:687,102,6,0
BRDA:702,103,0,16
BRDA:702,103,1,0
BRDA:702,104,0,16
BRDA:702,104,1,16
BRDA:703,105,0,16
BRDA:703,105,1,0
BRDA:703,106,0,16
BRDA:703,106,1,16
BRDA:704,107,0,16
BRDA:704,107,1,0
BRDA:704,108,0,16
BRDA:704,108,1,16
BRDA:705,109,0,16
BRDA:705,109,1,0
BRDA:705,110,0,16
BRDA:705,110,1,16
BRDA:714,111,0,16
BRDA:714,111,1,0
BRDA:715,112,0,16
BRDA:715,112,1,16
BRDA:735,113,0,16
BRDA:735,113,1,0
BRDA:735,114,0,16
BRDA:735,114,1,16
BRDA:740,115,0,1
BRDA:740,115,1,1
BRDA:745,116,0,0
BRDA:745,116,1,1
BRDA:752,117,0,16
BRDA:752,117,1,0
BRDA:752,118,0,16
BRDA:752,118,1,16
BRDA:755,119,0,0
BRDA:755,119,1,0
BRDA:774,120,0,16
BRDA:774,120,1,0
BRDA:774,121,0,16
BRDA:774,121,1,16
BRDA:778,122,0,16
BRDA:778,122,1,0
BRDA:782,123,0,16
BRDA:782,123,1,0
BRDA:782,124,0,16
BRDA:782,124,1,16
BRDA:782,124,2,16
BRDA:786,125,0,0
BRDA:786,125,1,0
BRDA:787,126,0,0
BRDA:787,126,1,0
BRDA:789,127,0,0
BRDA:789,127,1,0
BRDA:802,128,0,16
BRDA:802,128,1,0
BRDA:802,129,0,16
BRDA:802,129,1,16
BRDA:822,130,0,16
BRDA:822,130,1,0
BRDA:823,131,0,16
BRDA:823,131,1,0
BRDA:824,132,0,16
BRDA:824,132,1,0
BRDA:824,133,0,16
BRDA:824,133,1,16
BRDA:824,133,2,16
BRDA:828,134,0,0
BRDA:828,134,1,0
BRDA:838,135,0,0
BRDA:838,135,1,0
BRDA:838,136,0,0
BRDA:838,136,1,0
BRDA:840,137,0,0
BRDA:840,137,1,0
BRDA:842,138,0,0
BRDA:842,138,1,0
BRDA:863,139,0,16
BRDA:863,139,1,0
BRDA:864,140,0,16
BRDA:864,140,1,0
BRDA:865,141,0,16
BRDA:865,141,1,0
BRDA:865,142,0,16
BRDA:865,142,1,16
BRDA:868,143,0,0
BRDA:868,143,1,0
BRDA:869,144,0,0
BRDA:869,144,1,0
BRDA:871,145,0,0
BRDA:871,145,1,0
BRDA:883,146,0,0
BRDA:883,146,1,0
BRDA:883,147,0,0
BRDA:883,147,1,0
BRDA:883,147,2,0
BRDA:898,148,0,0
BRDA:898,148,1,0
BRDA:900,149,0,0
BRDA:900,149,1,0
BRDA:909,150,0,0
BRDA:909,150,1,0
BRDA:909,151,0,0
BRDA:909,151,1,0
BRDA:909,151,2,0
BRDA:916,152,0,0
BRDA:916,152,1,0
BRDA:921,153,0,0
BRDA:921,153,1,0
BRDA:921,154,0,0
BRDA:921,154,1,0
BRDA:933,155,0,0
BRDA:933,155,1,0
BRDA:935,156,0,0
BRDA:935,156,1,0
BRDA:950,157,0,0
BRDA:950,157,1,0
BRDA:951,158,0,0
BRDA:951,158,1,0
BRDA:960,159,0,0
BRDA:960,160,0,0
BRDA:961,161,0,0
BRDA:961,161,1,1
BRDA:961,162,0,1
BRDA:961,162,1,1
BRDA:961,162,2,1
BRDA:967,163,0,1
BRDA:967,163,1,0
BRDA:968,164,0,0
BRDA:968,164,1,1
BRDA:983,165,0,2
BRDA:983,165,1,0
BRDA:985,166,0,2
BRDA:985,166,1,0
BRDA:989,167,0,2
BRDA:989,167,1,0
BRDA:1007,168,0,0
BRDA:1007,169,0,3
BRDA:1007,170,0,3
BRDA:1008,171,0,1
BRDA:1008,171,1,2
BRDA:1008,172,0,3
BRDA:1008,172,1,2
BRDA:1008,172,2,2
BRDA:1008,172,3,2
BRDA:1008,172,4,2
BRDA:1014,173,0,2
BRDA:1014,173,1,0
BRDA:1020,174,0,2
BRDA:1020,174,1,0
BRDA:1021,175,0,2
BRDA:1021,175,1,0
BRDA:1022,176,0,2
BRDA:1022,176,1,0
BRDA:1026,177,0,0
BRDA:1026,177,1,2
BRDA:1027,178,0,0
BRDA:1027,178,1,2
BRDA:1048,179,0,3
BRDA:1048,179,1,0
BRDA:1049,180,0,0
BRDA:1049,180,1,0
BRDA:1050,181,0,0
BRDA:1050,181,1,0
BRDA:1064,182,0,0
BRDA:1064,183,0,2
BRDA:1065,184,0,0
BRDA:1065,184,1,3
BRDA:1082,185,0,0
BRDA:1082,185,1,0
BRDA:1086,186,0,1
BRDA:1086,186,1,0
BRF:393
BRH:160
end_of_record
TN:
SF:js/utils.js
FN:26,updateStatus
FN:41,(anonymous_1)
FN:64,addMessageToChatLog
FN:99,addThinkingDetails
FN:140,getCanvasContext
FN:155,(anonymous_5)
FN:169,(anonymous_6)
FN:190,setLoadingState
FNF:8
FNH:8
FNDA:6,updateStatus
FNDA:3,(anonymous_1)
FNDA:3,addMessageToChatLog
FNDA:2,addThinkingDetails
FNDA:5,getCanvasContext
FNDA:1,(anonymous_5)
FNDA:1,(anonymous_6)
FNDA:3,setLoadingState
DA:14,1
DA:27,6
DA:28,6
DA:29,1
DA:30,1
DA:33,5
DA:34,1
DA:35,1
DA:38,5
DA:40,5
DA:41,4
DA:43,3
DA:44,3
DA:46,3
DA:65,3
DA:66,1
DA:67,1
DA:69,2
DA:70,0
DA:74,2
DA:75,2
DA:76,2
DA:77,2
DA:80,2
DA:81,2
DA:84,2
DA:85,2
DA:87,2
DA:100,2
DA:101,0
DA:102,0
DA:105,2
DA:106,2
DA:108,2
DA:109,2
DA:110,2
DA:111,2
DA:113,2
DA:114,2
DA:115,2
DA:116,2
DA:118,1
DA:119,1
DA:121,2
DA:122,2
DA:124,2
DA:125,2
DA:141,5
DA:143,5
DA:144,1
DA:146,4
DA:147,1
DA:150,3
DA:151,3
DA:152,2
DA:154,1
DA:155,1
DA:156,1
DA:157,1
DA:158,1
DA:159,1
DA:161,1
DA:162,1
DA:166,3
DA:167,3
DA:168,1
DA:169,1
DA:170,1
DA:171,1
DA:172,1
DA:173,1
DA:174,1
DA:177,2
DA:179,3
DA:191,3
DA:192,2
DA:196,3
DA:197,2
LF:78
LH:75
BRDA:26,0,0,0
BRDA:26,1,0,5
BRDA:28,2,0,1
BRDA:28,2,1,5
BRDA:33,3,0,1
BRDA:33,3,1,4
BRDA:40,4,0,4
BRDA:40,4,1,1
BRDA:43,5,0,3
BRDA:43,5,1,0
BRDA:65,6,0,1
BRDA:65,6,1,2
BRDA:65,7,0,3
BRDA:65,7,1,2
BRDA:69,8,0,0
BRDA:69,8,1,2
BRDA:75,9,0,1
BRDA:75,9,1,1
BRDA:80,10,0,2
BRDA:80,10,1,0
BRDA:80,11,0,2
BRDA:80,11,1,2
BRDA:84,12,0,2
BRDA:84,12,1,0
BRDA:100,13,0,0
BRDA:100,13,1,2
BRDA:100,14,0,2
BRDA:100,14,1,2
BRDA:124,15,0,2
BRDA:124,15,1,0
BRDA:124,16,0,2
BRDA:124,16,1,2
BRDA:143,17,0,1
BRDA:143,17,1,4
BRDA:143,18,0,5
BRDA:143,18,1,4
BRDA:146,19,0,1
BRDA:146,19,1,3
BRDA:146,20,0,4
BRDA:146,20,1,3
BRDA:151,21,0,2
BRDA:151,21,1,1
BRDA:156,22,0,1
BRDA:156,22,1,0
BRDA:157,23,0,1
BRDA:157,23,1,0
BRDA:157,24,0,0
BRDA:157,24,1,0
BRDA:158,25,0,1
BRDA:158,25,1,0
BRDA:159,26,0,1
BRDA:159,26,1,0
BRDA:161,27,0,1
BRDA:161,27,1,0
BRDA:161,28,0,1
BRDA:161,28,1,1
BRDA:161,29,0,0
BRDA:161,29,1,0
BRDA:167,30,0,1
BRDA:167,30,1,2
BRDA:170,31,0,1
BRDA:170,31,1,0
BRDA:171,32,0,1
BRDA:171,32,1,0
BRDA:171,33,0,0
BRDA:171,33,1,0
BRDA:172,34,0,1
BRDA:172,34,1,0
BRDA:173,35,0,0
BRDA:173,35,1,1
BRDA:173,36,0,1
BRDA:173,36,1,0
BRDA:173,37,0,1
BRDA:173,37,1,0
BRDA:191,38,0,2
BRDA:191,38,1,1
BRDA:196,39,0,2
BRDA:196,39,1,1
BRF:78
BRH:54
end_of_record
